BioNetGen version 2.2.6
Reading from file gamma2both.bngl (level 0)
Read 40 parameters.
Read 5 molecule types.
Read 5 species.
Read 9 observable(s).
Read 68 reaction rule(s).
ACTION: simulate_nf( )
Wrote model in xml format to /home/alex/work/alex/data/4/gamma2both.xml.
Running NFsim on hop0.usrc.newmexicoconsortium.org
full command: /home/alex/work/BioNetGen-2.2.6-stable/bin/NFsim -xml /home/alex/work/alex/data/4/gamma2both.xml -o /home/alex/work/alex/data/4/gamma2both.gdat -sim 360 -oSteps 6 -gml 200000000 -ss /home/alex/work/alex/data/4/gamma2both.species -cb
[simulation PID is: 9848]
starting NFsim v1.11...

reading xml file (/home/alex/work/alex/data/4/gamma2both.xml)  
	[-------]
preparing simulation...



Equilibrating for :0s.  Please wait.

simulating system for: 3.600000e+02 second(s).

Sim time: 0.000000e+00	CPU time (total): 6.100000e-05s	 events (step): 0
Sim time: 6.000000e+01	CPU time (total): 1.142996e+02s	 events (step): 4418210
Sim time: 1.200000e+02	CPU time (total): 2.449739e+02s	 events (step): 4274558
Sim time: 1.800000e+02	CPU time (total): 3.761614e+02s	 events (step): 3978921
Sim time: 2.400000e+02	CPU time (total): 4.566421e+02s	 events (step): 3737397
Sim time: 3.000000e+02	CPU time (total): 5.222436e+02s	 events (step): 3624814
Sim time: 3.600000e+02	CPU time (total): 5.894229e+02s	 events (step): 3579435

   You just simulated 23613336 reactions in 5.894229e+02s
   ( 4.006179e+04 reactions/sec, 2.496144e-05 CPU seconds/event )
   Null events: 0   (2.496144e-05 CPU seconds/non-null event )


saving list of final molecular species...

done.  Total CPU time: 591.201s

SpeciesLabel max molecule threshold set to 20.
WARNING: Species with more than 20 molecules will be labeled with the Quasi method.
readNFspecies::Reading from file /home/alex/work/alex/data/4/gamma2both.species
Read 85 unique species of 119 total.
SpeciesLabel max molecule threshold set to 0.
  (all species will be labeled with the Auto method)
CPU TIME: simulate_nf 591.50 s.
Finished processing file gamma2both.bngl.
CPU TIME: total 591.96 s.
