BioNetGen version 2.2.6
Reading from file gamma2both.bngl (level 0)
Read 40 parameters.
Read 5 molecule types.
Read 5 species.
Read 9 observable(s).
Read 68 reaction rule(s).
ACTION: simulate_nf( )
Wrote model in xml format to /home/alex/work/alex/data/3/gamma2both.xml.
Running NFsim on hop0.usrc.newmexicoconsortium.org
full command: /home/alex/work/BioNetGen-2.2.6-stable/bin/NFsim -xml /home/alex/work/alex/data/3/gamma2both.xml -o /home/alex/work/alex/data/3/gamma2both.gdat -sim 1200 -oSteps 100 -gml 200000000 -ss /home/alex/work/alex/data/3/gamma2both.species -cb
[simulation PID is: 7995]
starting NFsim v1.11...

reading xml file (/home/alex/work/alex/data/3/gamma2both.xml)  
	[-------]
preparing simulation...



Equilibrating for :0s.  Please wait.

simulating system for: 1.200000e+03 second(s).

Sim time: 0.000000e+00	CPU time (total): 5.900000e-05s	 events (step): 0
Sim time: 1.200000e+01	CPU time (total): 6.000643e+00s	 events (step): 743135
Sim time: 2.400000e+01	CPU time (total): 1.538297e+01s	 events (step): 763121
Sim time: 3.600000e+01	CPU time (total): 2.517326e+01s	 events (step): 714227
Sim time: 4.800000e+01	CPU time (total): 3.506286e+01s	 events (step): 670112
Sim time: 6.000000e+01	CPU time (total): 4.405564e+01s	 events (step): 606652
Sim time: 7.200000e+01	CPU time (total): 5.270494e+01s	 events (step): 558088
Sim time: 8.400000e+01	CPU time (total): 5.988086e+01s	 events (step): 485650
Sim time: 9.600000e+01	CPU time (total): 6.589114e+01s	 events (step): 422019
Sim time: 1.080000e+02	CPU time (total): 7.100332e+01s	 events (step): 368571
Sim time: 1.200000e+02	CPU time (total): 7.578622e+01s	 events (step): 334269
Sim time: 1.320000e+02	CPU time (total): 7.970403e+01s	 events (step): 288889
Sim time: 1.440000e+02	CPU time (total): 8.342956e+01s	 events (step): 264575
Sim time: 1.560000e+02	CPU time (total): 8.652792e+01s	 events (step): 230136
Sim time: 1.680000e+02	CPU time (total): 8.941305e+01s	 events (step): 210397
Sim time: 1.800000e+02	CPU time (total): 9.189712e+01s	 events (step): 186852
Sim time: 1.920000e+02	CPU time (total): 9.407883e+01s	 events (step): 165775
Sim time: 2.040000e+02	CPU time (total): 9.601063e+01s	 events (step): 147588
Sim time: 2.160000e+02	CPU time (total): 9.766472e+01s	 events (step): 128778
Sim time: 2.280000e+02	CPU time (total): 9.905263e+01s	 events (step): 112697
Sim time: 2.400000e+02	CPU time (total): 1.003339e+02s	 events (step): 102009
Sim time: 2.520000e+02	CPU time (total): 1.013470e+02s	 events (step): 87239
Sim time: 2.640000e+02	CPU time (total): 1.023538e+02s	 events (step): 81845
Sim time: 2.760000e+02	CPU time (total): 1.032524e+02s	 events (step): 72707
Sim time: 2.880000e+02	CPU time (total): 1.040003e+02s	 events (step): 63994
Sim time: 3.000000e+02	CPU time (total): 1.047196e+02s	 events (step): 60919
Sim time: 3.120000e+02	CPU time (total): 1.054018e+02s	 events (step): 54776
Sim time: 3.240000e+02	CPU time (total): 1.060498e+02s	 events (step): 49899
Sim time: 3.360000e+02	CPU time (total): 1.065388e+02s	 events (step): 40932
Sim time: 3.480000e+02	CPU time (total): 1.069737e+02s	 events (step): 36049
Sim time: 3.600000e+02	CPU time (total): 1.073680e+02s	 events (step): 31748
Sim time: 3.720000e+02	CPU time (total): 1.077191e+02s	 events (step): 28757
Sim time: 3.840000e+02	CPU time (total): 1.080054e+02s	 events (step): 25087
Sim time: 3.960000e+02	CPU time (total): 1.082586e+02s	 events (step): 22035
Sim time: 4.080000e+02	CPU time (total): 1.085012e+02s	 events (step): 19498
Sim time: 4.200000e+02	CPU time (total): 1.087093e+02s	 events (step): 16614
Sim time: 4.320000e+02	CPU time (total): 1.089012e+02s	 events (step): 15709
Sim time: 4.440000e+02	CPU time (total): 1.090605e+02s	 events (step): 13847
Sim time: 4.560000e+02	CPU time (total): 1.092119e+02s	 events (step): 12767
Sim time: 4.680000e+02	CPU time (total): 1.093475e+02s	 events (step): 11499
Sim time: 4.800000e+02	CPU time (total): 1.094556e+02s	 events (step): 9457
Sim time: 4.920000e+02	CPU time (total): 1.095588e+02s	 events (step): 8519
Sim time: 5.040000e+02	CPU time (total): 1.096208e+02s	 events (step): 7154
Sim time: 5.160000e+02	CPU time (total): 1.096948e+02s	 events (step): 6834
Sim time: 5.280000e+02	CPU time (total): 1.097516e+02s	 events (step): 6227
Sim time: 5.400000e+02	CPU time (total): 1.098095e+02s	 events (step): 5748
Sim time: 5.520000e+02	CPU time (total): 1.098570e+02s	 events (step): 4929
Sim time: 5.640000e+02	CPU time (total): 1.099105e+02s	 events (step): 4602
Sim time: 5.760000e+02	CPU time (total): 1.099748e+02s	 events (step): 4667
Sim time: 5.880000e+02	CPU time (total): 1.100431e+02s	 events (step): 4541
Sim time: 6.000000e+02	CPU time (total): 1.100956e+02s	 events (step): 3855
Sim time: 6.120000e+02	CPU time (total): 1.101298e+02s	 events (step): 3087
Sim time: 6.240000e+02	CPU time (total): 1.101636e+02s	 events (step): 3039
Sim time: 6.360000e+02	CPU time (total): 1.101902e+02s	 events (step): 2616
Sim time: 6.480000e+02	CPU time (total): 1.102180e+02s	 events (step): 2381
Sim time: 6.600000e+02	CPU time (total): 1.102468e+02s	 events (step): 2240
Sim time: 6.720000e+02	CPU time (total): 1.102594e+02s	 events (step): 1513
Sim time: 6.840000e+02	CPU time (total): 1.102715e+02s	 events (step): 1471
Sim time: 6.960000e+02	CPU time (total): 1.102783e+02s	 events (step): 894
Sim time: 7.080000e+02	CPU time (total): 1.102804e+02s	 events (step): 477
Sim time: 7.200000e+02	CPU time (total): 1.102822e+02s	 events (step): 420
Sim time: 7.320000e+02	CPU time (total): 1.102842e+02s	 events (step): 455
Sim time: 7.440000e+02	CPU time (total): 1.102862e+02s	 events (step): 453
Sim time: 7.560000e+02	CPU time (total): 1.102880e+02s	 events (step): 422
Sim time: 7.680000e+02	CPU time (total): 1.102898e+02s	 events (step): 410
Sim time: 7.800000e+02	CPU time (total): 1.102918e+02s	 events (step): 485
Sim time: 7.920000e+02	CPU time (total): 1.102934e+02s	 events (step): 374
Sim time: 8.040000e+02	CPU time (total): 1.102949e+02s	 events (step): 340
Sim time: 8.160000e+02	CPU time (total): 1.102962e+02s	 events (step): 311
Sim time: 8.280000e+02	CPU time (total): 1.102974e+02s	 events (step): 267
Sim time: 8.400000e+02	CPU time (total): 1.102987e+02s	 events (step): 305
Sim time: 8.520000e+02	CPU time (total): 1.103000e+02s	 events (step): 298
Sim time: 8.640000e+02	CPU time (total): 1.103013e+02s	 events (step): 301
Sim time: 8.760000e+02	CPU time (total): 1.103026e+02s	 events (step): 310
Sim time: 8.880000e+02	CPU time (total): 1.103040e+02s	 events (step): 314
Sim time: 9.000000e+02	CPU time (total): 1.103054e+02s	 events (step): 317
Sim time: 9.120000e+02	CPU time (total): 1.103068e+02s	 events (step): 324
Sim time: 9.240000e+02	CPU time (total): 1.103081e+02s	 events (step): 313
Sim time: 9.360000e+02	CPU time (total): 1.103095e+02s	 events (step): 323
Sim time: 9.480000e+02	CPU time (total): 1.103108e+02s	 events (step): 307
Sim time: 9.600000e+02	CPU time (total): 1.103120e+02s	 events (step): 287
Sim time: 9.720000e+02	CPU time (total): 1.103133e+02s	 events (step): 298
Sim time: 9.840000e+02	CPU time (total): 1.103147e+02s	 events (step): 316
Sim time: 9.960000e+02	CPU time (total): 1.103159e+02s	 events (step): 291
Sim time: 1.008000e+03	CPU time (total): 1.103172e+02s	 events (step): 296
Sim time: 1.020000e+03	CPU time (total): 1.103184e+02s	 events (step): 280
Sim time: 1.032000e+03	CPU time (total): 1.103197e+02s	 events (step): 302
Sim time: 1.044000e+03	CPU time (total): 1.103209e+02s	 events (step): 271
Sim time: 1.056000e+03	CPU time (total): 1.103221e+02s	 events (step): 282
Sim time: 1.068000e+03	CPU time (total): 1.103237e+02s	 events (step): 305
Sim time: 1.080000e+03	CPU time (total): 1.103243e+02s	 events (step): 147
Sim time: 1.092000e+03	CPU time (total): 1.103251e+02s	 events (step): 169
Sim time: 1.104000e+03	CPU time (total): 1.103257e+02s	 events (step): 157
Sim time: 1.116000e+03	CPU time (total): 1.103265e+02s	 events (step): 170
Sim time: 1.128000e+03	CPU time (total): 1.103271e+02s	 events (step): 146
Sim time: 1.140000e+03	CPU time (total): 1.103278e+02s	 events (step): 153
Sim time: 1.152000e+03	CPU time (total): 1.103284e+02s	 events (step): 150
Sim time: 1.164000e+03	CPU time (total): 1.103290e+02s	 events (step): 139
Sim time: 1.176000e+03	CPU time (total): 1.103296e+02s	 events (step): 132
Sim time: 1.188000e+03	CPU time (total): 1.103303e+02s	 events (step): 173
Sim time: 1.200000e+03	CPU time (total): 1.103308e+02s	 events (step): 100

   You just simulated 8345325 reactions in 1.103308e+02s
   ( 7.563913e+04 reactions/sec, 1.322067e-05 CPU seconds/event )
   Null events: 0   (1.322067e-05 CPU seconds/non-null event )


saving list of final molecular species...

done.  Total CPU time: 111.594s

SpeciesLabel max molecule threshold set to 20.
WARNING: Species with more than 20 molecules will be labeled with the Quasi method.
readNFspecies::Reading from file /home/alex/work/alex/data/3/gamma2both.species
Read 0 unique species of 4 total.
SpeciesLabel max molecule threshold set to 0.
  (all species will be labeled with the Auto method)
CPU TIME: simulate_nf 111.67 s.
Finished processing file gamma2both.bngl.
CPU TIME: total 111.93 s.
