BioNetGen version 2.2.6
Reading from file gamma2both.bngl (level 0)
Read 40 parameters.
Read 5 molecule types.
Read 5 species.
Read 9 observable(s).
Read 68 reaction rule(s).
ACTION: simulate_nf( )
Wrote model in xml format to /home/alex/work/alex/data/3/gamma2both.xml.
Running NFsim on hop0.usrc.newmexicoconsortium.org
full command: /home/alex/work/BioNetGen-2.2.6-stable/bin/NFsim -xml /home/alex/work/alex/data/3/gamma2both.xml -o /home/alex/work/alex/data/3/gamma2both.gdat -sim 1200 -oSteps 100 -gml 200000000 -cb -ss /home/alex/work/alex/data/3/gamma2both.species
[simulation PID is: 7635]
starting NFsim v1.11...

reading xml file (/home/alex/work/alex/data/3/gamma2both.xml)  
	[-------]
preparing simulation...



Equilibrating for :0s.  Please wait.

simulating system for: 1.200000e+03 second(s).

Sim time: 0.000000e+00	CPU time (total): 6.200000e-05s	 events (step): 0
Sim time: 1.200000e+01	CPU time (total): 6.481964e+00s	 events (step): 750035
Sim time: 2.400000e+01	CPU time (total): 1.693713e+01s	 events (step): 779403
Sim time: 3.600000e+01	CPU time (total): 2.815196e+01s	 events (step): 745393
Sim time: 4.800000e+01	CPU time (total): 3.864395e+01s	 events (step): 676636
Sim time: 6.000000e+01	CPU time (total): 4.782968e+01s	 events (step): 601929
Sim time: 7.200000e+01	CPU time (total): 5.616617e+01s	 events (step): 535318
Sim time: 8.400000e+01	CPU time (total): 6.288118e+01s	 events (step): 457584
Sim time: 9.600000e+01	CPU time (total): 6.884492e+01s	 events (step): 403757
Sim time: 1.080000e+02	CPU time (total): 7.410760e+01s	 events (step): 353310
Sim time: 1.200000e+02	CPU time (total): 7.874529e+01s	 events (step): 311154
Sim time: 1.320000e+02	CPU time (total): 8.264833e+01s	 events (step): 273160
Sim time: 1.440000e+02	CPU time (total): 8.617264e+01s	 events (step): 245403
Sim time: 1.560000e+02	CPU time (total): 8.937335e+01s	 events (step): 220722
Sim time: 1.680000e+02	CPU time (total): 9.244742e+01s	 events (step): 206792
Sim time: 1.800000e+02	CPU time (total): 9.496272e+01s	 events (step): 176334
Sim time: 1.920000e+02	CPU time (total): 9.716604e+01s	 events (step): 156568
Sim time: 2.040000e+02	CPU time (total): 9.920383e+01s	 events (step): 141966
Sim time: 2.160000e+02	CPU time (total): 1.009908e+02s	 events (step): 124952
Sim time: 2.280000e+02	CPU time (total): 1.025706e+02s	 events (step): 110899
Sim time: 2.400000e+02	CPU time (total): 1.039656e+02s	 events (step): 97905
Sim time: 2.520000e+02	CPU time (total): 1.052937e+02s	 events (step): 90729
Sim time: 2.640000e+02	CPU time (total): 1.063545e+02s	 events (step): 75229
Sim time: 2.760000e+02	CPU time (total): 1.072901e+02s	 events (step): 65698
Sim time: 2.880000e+02	CPU time (total): 1.080299e+02s	 events (step): 55800
Sim time: 3.000000e+02	CPU time (total): 1.087164e+02s	 events (step): 49752
Sim time: 3.120000e+02	CPU time (total): 1.092768e+02s	 events (step): 43331
Sim time: 3.240000e+02	CPU time (total): 1.096915e+02s	 events (step): 36404
Sim time: 3.360000e+02	CPU time (total): 1.101332e+02s	 events (step): 34915
Sim time: 3.480000e+02	CPU time (total): 1.106023e+02s	 events (step): 33426
Sim time: 3.600000e+02	CPU time (total): 1.110600e+02s	 events (step): 30826
Sim time: 3.720000e+02	CPU time (total): 1.114502e+02s	 events (step): 27510
Sim time: 3.840000e+02	CPU time (total): 1.118019e+02s	 events (step): 24903
Sim time: 3.960000e+02	CPU time (total): 1.120157e+02s	 events (step): 19109
Sim time: 4.080000e+02	CPU time (total): 1.121986e+02s	 events (step): 16454
Sim time: 4.200000e+02	CPU time (total): 1.123664e+02s	 events (step): 14968
Sim time: 4.320000e+02	CPU time (total): 1.125143e+02s	 events (step): 13613
Sim time: 4.440000e+02	CPU time (total): 1.126756e+02s	 events (step): 13121
Sim time: 4.560000e+02	CPU time (total): 1.128525e+02s	 events (step): 12949
Sim time: 4.680000e+02	CPU time (total): 1.130151e+02s	 events (step): 12124
Sim time: 4.800000e+02	CPU time (total): 1.131290e+02s	 events (step): 9855
Sim time: 4.920000e+02	CPU time (total): 1.132015e+02s	 events (step): 7795
Sim time: 5.040000e+02	CPU time (total): 1.132781e+02s	 events (step): 7110
Sim time: 5.160000e+02	CPU time (total): 1.133444e+02s	 events (step): 6223
Sim time: 5.280000e+02	CPU time (total): 1.134025e+02s	 events (step): 5249
Sim time: 5.400000e+02	CPU time (total): 1.134947e+02s	 events (step): 5638
Sim time: 5.520000e+02	CPU time (total): 1.135708e+02s	 events (step): 4921
Sim time: 5.640000e+02	CPU time (total): 1.136233e+02s	 events (step): 4126
Sim time: 5.760000e+02	CPU time (total): 1.136986e+02s	 events (step): 4211
Sim time: 5.880000e+02	CPU time (total): 1.137732e+02s	 events (step): 3930
Sim time: 6.000000e+02	CPU time (total): 1.138299e+02s	 events (step): 3540
Sim time: 6.120000e+02	CPU time (total): 1.138710e+02s	 events (step): 3174
Sim time: 6.240000e+02	CPU time (total): 1.139152e+02s	 events (step): 3175
Sim time: 6.360000e+02	CPU time (total): 1.139466e+02s	 events (step): 2542
Sim time: 6.480000e+02	CPU time (total): 1.139677e+02s	 events (step): 2234
Sim time: 6.600000e+02	CPU time (total): 1.139893e+02s	 events (step): 2177
Sim time: 6.720000e+02	CPU time (total): 1.140141e+02s	 events (step): 2217
Sim time: 6.840000e+02	CPU time (total): 1.140347e+02s	 events (step): 2032
Sim time: 6.960000e+02	CPU time (total): 1.140752e+02s	 events (step): 2562
Sim time: 7.080000e+02	CPU time (total): 1.141162e+02s	 events (step): 2480
Sim time: 7.200000e+02	CPU time (total): 1.141460e+02s	 events (step): 1731
Sim time: 7.320000e+02	CPU time (total): 1.141743e+02s	 events (step): 1749
Sim time: 7.440000e+02	CPU time (total): 1.141820e+02s	 events (step): 930
Sim time: 7.560000e+02	CPU time (total): 1.141892e+02s	 events (step): 861
Sim time: 7.680000e+02	CPU time (total): 1.142067e+02s	 events (step): 1133
Sim time: 7.800000e+02	CPU time (total): 1.142343e+02s	 events (step): 1385
Sim time: 7.920000e+02	CPU time (total): 1.142642e+02s	 events (step): 1469
Sim time: 8.040000e+02	CPU time (total): 1.142783e+02s	 events (step): 942
Sim time: 8.160000e+02	CPU time (total): 1.142884e+02s	 events (step): 594
Sim time: 8.280000e+02	CPU time (total): 1.143120e+02s	 events (step): 1070
Sim time: 8.400000e+02	CPU time (total): 1.143241e+02s	 events (step): 696
Sim time: 8.520000e+02	CPU time (total): 1.143314e+02s	 events (step): 521
Sim time: 8.640000e+02	CPU time (total): 1.143355e+02s	 events (step): 289
Sim time: 1.200000e+03	CPU time (total): 1.143396e+02s	 events (step): 265

   You just simulated 8138907 reactions in 1.143396e+02s
   ( 7.118189e+04 reactions/sec, 1.404852e-05 CPU seconds/event )
   Null events: 0   (1.404852e-05 CPU seconds/non-null event )


saving list of final molecular species...

done.  Total CPU time: 115.59s

SpeciesLabel max molecule threshold set to 20.
WARNING: Species with more than 20 molecules will be labeled with the Quasi method.
readNFspecies::Reading from file /home/alex/work/alex/data/3/gamma2both.species
Read 0 unique species of 4 total.
SpeciesLabel max molecule threshold set to 0.
  (all species will be labeled with the Auto method)
CPU TIME: simulate_nf 115.65 s.
Finished processing file gamma2both.bngl.
CPU TIME: total 115.92 s.
