This file contains any messages produced by compilers while
running configure, to aid debugging if configure makes a mistake.

It was created by run_network configure 3.0, which was
generated by GNU Autoconf 2.69.  Invocation command line was

  $ configure --disable-shared --prefix=/home/roc60/bionetgen2/bionetgen/bng2/BioNetGen-2.2.6-stable

## --------- ##
## Platform. ##
## --------- ##

hostname = dingpc
uname -m = x86_64
uname -r = 3.13.0-46-generic
uname -s = Linux
uname -v = #77-Ubuntu SMP Mon Mar 2 18:23:39 UTC 2015

/usr/bin/uname -p = unknown
/bin/uname -X     = unknown

/bin/arch              = unknown
/usr/bin/arch -k       = unknown
/usr/convex/getsysinfo = unknown
/usr/bin/hostinfo      = unknown
/bin/machine           = unknown
/usr/bin/oslevel       = unknown
/bin/universe          = unknown

PATH: /usr/local/sbin
PATH: /usr/local/bin
PATH: /usr/sbin
PATH: /usr/bin
PATH: /sbin
PATH: /bin
PATH: /usr/games
PATH: /usr/local/games
PATH: /usr/local/java/jdk1.8.0_31/bin
PATH: /usr/local/java/jdk1.8.0_31/jre/bin


## ----------- ##
## Core tests. ##
## ----------- ##

configure:2444: checking for a BSD-compatible install
configure:2512: result: /usr/bin/install -c
configure:2523: checking whether build environment is sane
configure:2578: result: yes
configure:2729: checking for a thread-safe mkdir -p
configure:2768: result: /bin/mkdir -p
configure:2775: checking for gawk
configure:2805: result: no
configure:2775: checking for mawk
configure:2791: found /usr/bin/mawk
configure:2802: result: mawk
configure:2813: checking whether make sets $(MAKE)
configure:2835: result: yes
configure:2864: checking whether make supports nested variables
configure:2881: result: yes
configure:3024: checking for style of include used by make
configure:3052: result: GNU
configure:3123: checking for gcc
configure:3139: found /usr/bin/gcc
configure:3150: result: gcc
configure:3379: checking for C compiler version
configure:3388: gcc --version >&5
gcc (Ubuntu 4.8.2-19ubuntu1) 4.8.2
Copyright (C) 2013 Free Software Foundation, Inc.
This is free software; see the source for copying conditions.  There is NO
warranty; not even for MERCHANTABILITY or FITNESS FOR A PARTICULAR PURPOSE.

configure:3399: $? = 0
configure:3388: gcc -v >&5
Using built-in specs.
COLLECT_GCC=gcc
COLLECT_LTO_WRAPPER=/usr/lib/gcc/x86_64-linux-gnu/4.8/lto-wrapper
Target: x86_64-linux-gnu
Configured with: ../src/configure -v --with-pkgversion='Ubuntu 4.8.2-19ubuntu1' --with-bugurl=file:///usr/share/doc/gcc-4.8/README.Bugs --enable-languages=c,c++,java,go,d,fortran,objc,obj-c++ --prefix=/usr --program-suffix=-4.8 --enable-shared --enable-linker-build-id --libexecdir=/usr/lib --without-included-gettext --enable-threads=posix --with-gxx-include-dir=/usr/include/c++/4.8 --libdir=/usr/lib --enable-nls --with-sysroot=/ --enable-clocale=gnu --enable-libstdcxx-debug --enable-libstdcxx-time=yes --enable-gnu-unique-object --disable-libmudflap --enable-plugin --with-system-zlib --disable-browser-plugin --enable-java-awt=gtk --enable-gtk-cairo --with-java-home=/usr/lib/jvm/java-1.5.0-gcj-4.8-amd64/jre --enable-java-home --with-jvm-root-dir=/usr/lib/jvm/java-1.5.0-gcj-4.8-amd64 --with-jvm-jar-dir=/usr/lib/jvm-exports/java-1.5.0-gcj-4.8-amd64 --with-arch-directory=amd64 --with-ecj-jar=/usr/share/java/eclipse-ecj.jar --enable-objc-gc --enable-multiarch --disable-werror --with-arch-32=i686 --with-abi=m64 --with-multilib-list=m32,m64,mx32 --with-tune=generic --enable-checking=release --build=x86_64-linux-gnu --host=x86_64-linux-gnu --target=x86_64-linux-gnu
Thread model: posix
gcc version 4.8.2 (Ubuntu 4.8.2-19ubuntu1) 
configure:3399: $? = 0
configure:3388: gcc -V >&5
gcc: error: unrecognized command line option '-V'
gcc: fatal error: no input files
compilation terminated.
configure:3399: $? = 4
configure:3388: gcc -qversion >&5
gcc: error: unrecognized command line option '-qversion'
gcc: fatal error: no input files
compilation terminated.
configure:3399: $? = 4
configure:3419: checking whether the C compiler works
configure:3441: gcc    conftest.c  >&5
configure:3445: $? = 0
configure:3493: result: yes
configure:3496: checking for C compiler default output file name
configure:3498: result: a.out
configure:3504: checking for suffix of executables
configure:3511: gcc -o conftest    conftest.c  >&5
configure:3515: $? = 0
configure:3537: result: 
configure:3559: checking whether we are cross compiling
configure:3567: gcc -o conftest    conftest.c  >&5
configure:3571: $? = 0
configure:3578: ./conftest
configure:3582: $? = 0
configure:3597: result: no
configure:3602: checking for suffix of object files
configure:3624: gcc -c   conftest.c >&5
configure:3628: $? = 0
configure:3649: result: o
configure:3653: checking whether we are using the GNU C compiler
configure:3672: gcc -c   conftest.c >&5
configure:3672: $? = 0
configure:3681: result: yes
configure:3690: checking whether gcc accepts -g
configure:3710: gcc -c -g  conftest.c >&5
configure:3710: $? = 0
configure:3751: result: yes
configure:3768: checking for gcc option to accept ISO C89
configure:3831: gcc  -c -g -O2  conftest.c >&5
configure:3831: $? = 0
configure:3844: result: none needed
configure:3869: checking whether gcc understands -c and -o together
configure:3891: gcc -c conftest.c -o conftest2.o
configure:3894: $? = 0
configure:3891: gcc -c conftest.c -o conftest2.o
configure:3894: $? = 0
configure:3906: result: yes
configure:3925: checking dependency style of gcc
configure:4036: result: gcc3
configure:4101: checking for ar
configure:4117: found /usr/bin/ar
configure:4128: result: ar
configure:4154: checking the archiver (ar) interface
configure:4170: gcc -c -g -O2  conftest.c >&5
configure:4170: $? = 0
configure:4172: ar cru libconftest.a conftest.o >&5
configure:4175: $? = 0
configure:4203: result: ar
configure:4254: checking build system type
configure:4268: result: x86_64-unknown-linux-gnu
configure:4288: checking host system type
configure:4301: result: x86_64-unknown-linux-gnu
configure:4342: checking how to print strings
configure:4369: result: printf
configure:4390: checking for a sed that does not truncate output
configure:4454: result: /bin/sed
configure:4472: checking for grep that handles long lines and -e
configure:4530: result: /bin/grep
configure:4535: checking for egrep
configure:4597: result: /bin/grep -E
configure:4602: checking for fgrep
configure:4664: result: /bin/grep -F
configure:4699: checking for ld used by gcc
configure:4766: result: /usr/bin/ld
configure:4773: checking if the linker (/usr/bin/ld) is GNU ld
configure:4788: result: yes
configure:4800: checking for BSD- or MS-compatible name lister (nm)
configure:4849: result: /usr/bin/nm -B
configure:4979: checking the name lister (/usr/bin/nm -B) interface
configure:4986: gcc -c -g -O2  conftest.c >&5
configure:4989: /usr/bin/nm -B "conftest.o"
configure:4992: output
0000000000000000 B some_variable
configure:4999: result: BSD nm
configure:5002: checking whether ln -s works
configure:5006: result: yes
configure:5014: checking the maximum length of command line arguments
configure:5145: result: 1572864
configure:5162: checking whether the shell understands some XSI constructs
configure:5172: result: yes
configure:5176: checking whether the shell understands "+="
configure:5182: result: yes
configure:5217: checking how to convert x86_64-unknown-linux-gnu file names to x86_64-unknown-linux-gnu format
configure:5257: result: func_convert_file_noop
configure:5264: checking how to convert x86_64-unknown-linux-gnu file names to toolchain format
configure:5284: result: func_convert_file_noop
configure:5291: checking for /usr/bin/ld option to reload object files
configure:5298: result: -r
configure:5372: checking for objdump
configure:5388: found /usr/bin/objdump
configure:5399: result: objdump
configure:5431: checking how to recognize dependent libraries
configure:5629: result: pass_all
configure:5714: checking for dlltool
configure:5744: result: no
configure:5774: checking how to associate runtime and link libraries
configure:5801: result: printf %s\n
configure:5925: checking for archiver @FILE support
configure:5942: gcc -c -g -O2  conftest.c >&5
configure:5942: $? = 0
configure:5945: ar cru libconftest.a @conftest.lst >&5
configure:5948: $? = 0
configure:5953: ar cru libconftest.a @conftest.lst >&5
ar: conftest.o: No such file or directory
configure:5956: $? = 1
configure:5968: result: @
configure:6026: checking for strip
configure:6042: found /usr/bin/strip
configure:6053: result: strip
configure:6125: checking for ranlib
configure:6141: found /usr/bin/ranlib
configure:6152: result: ranlib
configure:6254: checking command to parse /usr/bin/nm -B output from gcc object
configure:6374: gcc -c -g -O2  conftest.c >&5
configure:6377: $? = 0
configure:6381: /usr/bin/nm -B conftest.o \| sed -n -e 's/^.*[ ]\([ABCDGIRSTW][ABCDGIRSTW]*\)[ ][ ]*\([_A-Za-z][_A-Za-z0-9]*\)$/\1 \2 \2/p' | sed '/ __gnu_lto/d' \> conftest.nm
configure:6384: $? = 0
configure:6450: gcc -o conftest -g -O2   conftest.c conftstm.o >&5
configure:6453: $? = 0
configure:6491: result: ok
configure:6528: checking for sysroot
configure:6558: result: no
configure:6635: gcc -c -g -O2  conftest.c >&5
configure:6638: $? = 0
configure:6827: checking for mt
configure:6843: found /bin/mt
configure:6854: result: mt
configure:6877: checking if mt is a manifest tool
configure:6883: mt '-?'
configure:6891: result: no
configure:7533: checking how to run the C preprocessor
configure:7564: gcc -E  conftest.c
configure:7564: $? = 0
configure:7578: gcc -E  conftest.c
conftest.c:11:28: fatal error: ac_nonexistent.h: No such file or directory
 #include <ac_nonexistent.h>
                            ^
compilation terminated.
configure:7578: $? = 1
configure: failed program was:
| /* confdefs.h */
| #define PACKAGE_NAME "run_network"
| #define PACKAGE_TARNAME "run_network"
| #define PACKAGE_VERSION "3.0"
| #define PACKAGE_STRING "run_network 3.0"
| #define PACKAGE_BUGREPORT "bionetgen.help@gmail.com"
| #define PACKAGE_URL ""
| #define PACKAGE "run_network"
| #define VERSION "3.0"
| /* end confdefs.h.  */
| #include <ac_nonexistent.h>
configure:7603: result: gcc -E
configure:7623: gcc -E  conftest.c
configure:7623: $? = 0
configure:7637: gcc -E  conftest.c
conftest.c:11:28: fatal error: ac_nonexistent.h: No such file or directory
 #include <ac_nonexistent.h>
                            ^
compilation terminated.
configure:7637: $? = 1
configure: failed program was:
| /* confdefs.h */
| #define PACKAGE_NAME "run_network"
| #define PACKAGE_TARNAME "run_network"
| #define PACKAGE_VERSION "3.0"
| #define PACKAGE_STRING "run_network 3.0"
| #define PACKAGE_BUGREPORT "bionetgen.help@gmail.com"
| #define PACKAGE_URL ""
| #define PACKAGE "run_network"
| #define VERSION "3.0"
| /* end confdefs.h.  */
| #include <ac_nonexistent.h>
configure:7666: checking for ANSI C header files
configure:7686: gcc -c -g -O2  conftest.c >&5
configure:7686: $? = 0
configure:7759: gcc -o conftest -g -O2   conftest.c  >&5
configure:7759: $? = 0
configure:7759: ./conftest
configure:7759: $? = 0
configure:7770: result: yes
configure:7783: checking for sys/types.h
configure:7783: gcc -c -g -O2  conftest.c >&5
configure:7783: $? = 0
configure:7783: result: yes
configure:7783: checking for sys/stat.h
configure:7783: gcc -c -g -O2  conftest.c >&5
configure:7783: $? = 0
configure:7783: result: yes
configure:7783: checking for stdlib.h
configure:7783: gcc -c -g -O2  conftest.c >&5
configure:7783: $? = 0
configure:7783: result: yes
configure:7783: checking for string.h
configure:7783: gcc -c -g -O2  conftest.c >&5
configure:7783: $? = 0
configure:7783: result: yes
configure:7783: checking for memory.h
configure:7783: gcc -c -g -O2  conftest.c >&5
configure:7783: $? = 0
configure:7783: result: yes
configure:7783: checking for strings.h
configure:7783: gcc -c -g -O2  conftest.c >&5
configure:7783: $? = 0
configure:7783: result: yes
configure:7783: checking for inttypes.h
configure:7783: gcc -c -g -O2  conftest.c >&5
configure:7783: $? = 0
configure:7783: result: yes
configure:7783: checking for stdint.h
configure:7783: gcc -c -g -O2  conftest.c >&5
configure:7783: $? = 0
configure:7783: result: yes
configure:7783: checking for unistd.h
configure:7783: gcc -c -g -O2  conftest.c >&5
configure:7783: $? = 0
configure:7783: result: yes
configure:7797: checking for dlfcn.h
configure:7797: gcc -c -g -O2  conftest.c >&5
configure:7797: $? = 0
configure:7797: result: yes
configure:8003: checking for objdir
configure:8018: result: .libs
configure:8289: checking if gcc supports -fno-rtti -fno-exceptions
configure:8307: gcc -c -g -O2  -fno-rtti -fno-exceptions conftest.c >&5
cc1: warning: command line option '-fno-rtti' is valid for C++/ObjC++ but not for C [enabled by default]
configure:8311: $? = 0
configure:8324: result: no
configure:8651: checking for gcc option to produce PIC
configure:8658: result: -fPIC -DPIC
configure:8666: checking if gcc PIC flag -fPIC -DPIC works
configure:8684: gcc -c -g -O2  -fPIC -DPIC -DPIC conftest.c >&5
configure:8688: $? = 0
configure:8701: result: yes
configure:8730: checking if gcc static flag -static works
configure:8758: result: yes
configure:8773: checking if gcc supports -c -o file.o
configure:8794: gcc -c -g -O2  -o out/conftest2.o conftest.c >&5
configure:8798: $? = 0
configure:8820: result: yes
configure:8828: checking if gcc supports -c -o file.o
configure:8875: result: yes
configure:8908: checking whether the gcc linker (/usr/bin/ld -m elf_x86_64) supports shared libraries
configure:10065: result: yes
configure:10305: checking dynamic linker characteristics
configure:10805: gcc -o conftest -g -O2   -Wl,-rpath -Wl,/foo conftest.c  >&5
configure:10805: $? = 0
configure:11039: result: GNU/Linux ld.so
configure:11146: checking how to hardcode library paths into programs
configure:11171: result: immediate
configure:11711: checking whether stripping libraries is possible
configure:11716: result: yes
configure:11751: checking if libtool supports shared libraries
configure:11753: result: yes
configure:11756: checking whether to build shared libraries
configure:11777: result: no
configure:11780: checking whether to build static libraries
configure:11784: result: yes
configure:11879: checking for g++
configure:11895: found /usr/bin/g++
configure:11906: result: g++
configure:11933: checking for C++ compiler version
configure:11942: g++ --version >&5
g++ (Ubuntu 4.8.2-19ubuntu1) 4.8.2
Copyright (C) 2013 Free Software Foundation, Inc.
This is free software; see the source for copying conditions.  There is NO
warranty; not even for MERCHANTABILITY or FITNESS FOR A PARTICULAR PURPOSE.

configure:11953: $? = 0
configure:11942: g++ -v >&5
Using built-in specs.
COLLECT_GCC=g++
COLLECT_LTO_WRAPPER=/usr/lib/gcc/x86_64-linux-gnu/4.8/lto-wrapper
Target: x86_64-linux-gnu
Configured with: ../src/configure -v --with-pkgversion='Ubuntu 4.8.2-19ubuntu1' --with-bugurl=file:///usr/share/doc/gcc-4.8/README.Bugs --enable-languages=c,c++,java,go,d,fortran,objc,obj-c++ --prefix=/usr --program-suffix=-4.8 --enable-shared --enable-linker-build-id --libexecdir=/usr/lib --without-included-gettext --enable-threads=posix --with-gxx-include-dir=/usr/include/c++/4.8 --libdir=/usr/lib --enable-nls --with-sysroot=/ --enable-clocale=gnu --enable-libstdcxx-debug --enable-libstdcxx-time=yes --enable-gnu-unique-object --disable-libmudflap --enable-plugin --with-system-zlib --disable-browser-plugin --enable-java-awt=gtk --enable-gtk-cairo --with-java-home=/usr/lib/jvm/java-1.5.0-gcj-4.8-amd64/jre --enable-java-home --with-jvm-root-dir=/usr/lib/jvm/java-1.5.0-gcj-4.8-amd64 --with-jvm-jar-dir=/usr/lib/jvm-exports/java-1.5.0-gcj-4.8-amd64 --with-arch-directory=amd64 --with-ecj-jar=/usr/share/java/eclipse-ecj.jar --enable-objc-gc --enable-multiarch --disable-werror --with-arch-32=i686 --with-abi=m64 --with-multilib-list=m32,m64,mx32 --with-tune=generic --enable-checking=release --build=x86_64-linux-gnu --host=x86_64-linux-gnu --target=x86_64-linux-gnu
Thread model: posix
gcc version 4.8.2 (Ubuntu 4.8.2-19ubuntu1) 
configure:11953: $? = 0
configure:11942: g++ -V >&5
g++: error: unrecognized command line option '-V'
g++: fatal error: no input files
compilation terminated.
configure:11953: $? = 4
configure:11942: g++ -qversion >&5
g++: error: unrecognized command line option '-qversion'
g++: fatal error: no input files
compilation terminated.
configure:11953: $? = 4
configure:11957: checking whether we are using the GNU C++ compiler
configure:11976: g++ -c   conftest.cpp >&5
configure:11976: $? = 0
configure:11985: result: yes
configure:11994: checking whether g++ accepts -g
configure:12014: g++ -c -g  conftest.cpp >&5
configure:12014: $? = 0
configure:12055: result: yes
configure:12080: checking dependency style of g++
configure:12191: result: gcc3
configure:12224: checking how to run the C++ preprocessor
configure:12251: g++ -E  conftest.cpp
configure:12251: $? = 0
configure:12265: g++ -E  conftest.cpp
conftest.cpp:23:28: fatal error: ac_nonexistent.h: No such file or directory
 #include <ac_nonexistent.h>
                            ^
compilation terminated.
configure:12265: $? = 1
configure: failed program was:
| /* confdefs.h */
| #define PACKAGE_NAME "run_network"
| #define PACKAGE_TARNAME "run_network"
| #define PACKAGE_VERSION "3.0"
| #define PACKAGE_STRING "run_network 3.0"
| #define PACKAGE_BUGREPORT "bionetgen.help@gmail.com"
| #define PACKAGE_URL ""
| #define PACKAGE "run_network"
| #define VERSION "3.0"
| #define STDC_HEADERS 1
| #define HAVE_SYS_TYPES_H 1
| #define HAVE_SYS_STAT_H 1
| #define HAVE_STDLIB_H 1
| #define HAVE_STRING_H 1
| #define HAVE_MEMORY_H 1
| #define HAVE_STRINGS_H 1
| #define HAVE_INTTYPES_H 1
| #define HAVE_STDINT_H 1
| #define HAVE_UNISTD_H 1
| #define HAVE_DLFCN_H 1
| #define LT_OBJDIR ".libs/"
| /* end confdefs.h.  */
| #include <ac_nonexistent.h>
configure:12290: result: g++ -E
configure:12310: g++ -E  conftest.cpp
configure:12310: $? = 0
configure:12324: g++ -E  conftest.cpp
conftest.cpp:23:28: fatal error: ac_nonexistent.h: No such file or directory
 #include <ac_nonexistent.h>
                            ^
compilation terminated.
configure:12324: $? = 1
configure: failed program was:
| /* confdefs.h */
| #define PACKAGE_NAME "run_network"
| #define PACKAGE_TARNAME "run_network"
| #define PACKAGE_VERSION "3.0"
| #define PACKAGE_STRING "run_network 3.0"
| #define PACKAGE_BUGREPORT "bionetgen.help@gmail.com"
| #define PACKAGE_URL ""
| #define PACKAGE "run_network"
| #define VERSION "3.0"
| #define STDC_HEADERS 1
| #define HAVE_SYS_TYPES_H 1
| #define HAVE_SYS_STAT_H 1
| #define HAVE_STDLIB_H 1
| #define HAVE_STRING_H 1
| #define HAVE_MEMORY_H 1
| #define HAVE_STRINGS_H 1
| #define HAVE_INTTYPES_H 1
| #define HAVE_STDINT_H 1
| #define HAVE_UNISTD_H 1
| #define HAVE_DLFCN_H 1
| #define LT_OBJDIR ".libs/"
| /* end confdefs.h.  */
| #include <ac_nonexistent.h>
configure:12493: checking for ld used by g++
configure:12560: result: /usr/bin/ld -m elf_x86_64
configure:12567: checking if the linker (/usr/bin/ld -m elf_x86_64) is GNU ld
configure:12582: result: yes
configure:12637: checking whether the g++ linker (/usr/bin/ld -m elf_x86_64) supports shared libraries
configure:13639: result: yes
configure:13675: g++ -c -g -O2  conftest.cpp >&5
configure:13678: $? = 0
configure:14198: checking for g++ option to produce PIC
configure:14205: result: -fPIC -DPIC
configure:14213: checking if g++ PIC flag -fPIC -DPIC works
configure:14231: g++ -c -g -O2  -fPIC -DPIC -DPIC conftest.cpp >&5
configure:14235: $? = 0
configure:14248: result: yes
configure:14271: checking if g++ static flag -static works
configure:14299: result: yes
configure:14311: checking if g++ supports -c -o file.o
configure:14332: g++ -c -g -O2  -o out/conftest2.o conftest.cpp >&5
configure:14336: $? = 0
configure:14358: result: yes
configure:14363: checking if g++ supports -c -o file.o
configure:14410: result: yes
configure:14440: checking whether the g++ linker (/usr/bin/ld -m elf_x86_64) supports shared libraries
configure:14479: result: yes
configure:14620: checking dynamic linker characteristics
configure:15288: result: GNU/Linux ld.so
configure:15341: checking how to hardcode library paths into programs
configure:15366: result: immediate
configure:15410: checking for gawk
configure:15437: result: mawk
configure:15496: checking for gcc
configure:15523: result: gcc
configure:15752: checking for C compiler version
configure:15761: gcc --version >&5
gcc (Ubuntu 4.8.2-19ubuntu1) 4.8.2
Copyright (C) 2013 Free Software Foundation, Inc.
This is free software; see the source for copying conditions.  There is NO
warranty; not even for MERCHANTABILITY or FITNESS FOR A PARTICULAR PURPOSE.

configure:15772: $? = 0
configure:15761: gcc -v >&5
Using built-in specs.
COLLECT_GCC=gcc
COLLECT_LTO_WRAPPER=/usr/lib/gcc/x86_64-linux-gnu/4.8/lto-wrapper
Target: x86_64-linux-gnu
Configured with: ../src/configure -v --with-pkgversion='Ubuntu 4.8.2-19ubuntu1' --with-bugurl=file:///usr/share/doc/gcc-4.8/README.Bugs --enable-languages=c,c++,java,go,d,fortran,objc,obj-c++ --prefix=/usr --program-suffix=-4.8 --enable-shared --enable-linker-build-id --libexecdir=/usr/lib --without-included-gettext --enable-threads=posix --with-gxx-include-dir=/usr/include/c++/4.8 --libdir=/usr/lib --enable-nls --with-sysroot=/ --enable-clocale=gnu --enable-libstdcxx-debug --enable-libstdcxx-time=yes --enable-gnu-unique-object --disable-libmudflap --enable-plugin --with-system-zlib --disable-browser-plugin --enable-java-awt=gtk --enable-gtk-cairo --with-java-home=/usr/lib/jvm/java-1.5.0-gcj-4.8-amd64/jre --enable-java-home --with-jvm-root-dir=/usr/lib/jvm/java-1.5.0-gcj-4.8-amd64 --with-jvm-jar-dir=/usr/lib/jvm-exports/java-1.5.0-gcj-4.8-amd64 --with-arch-directory=amd64 --with-ecj-jar=/usr/share/java/eclipse-ecj.jar --enable-objc-gc --enable-multiarch --disable-werror --with-arch-32=i686 --with-abi=m64 --with-multilib-list=m32,m64,mx32 --with-tune=generic --enable-checking=release --build=x86_64-linux-gnu --host=x86_64-linux-gnu --target=x86_64-linux-gnu
Thread model: posix
gcc version 4.8.2 (Ubuntu 4.8.2-19ubuntu1) 
configure:15772: $? = 0
configure:15761: gcc -V >&5
gcc: error: unrecognized command line option '-V'
gcc: fatal error: no input files
compilation terminated.
configure:15772: $? = 4
configure:15761: gcc -qversion >&5
gcc: error: unrecognized command line option '-qversion'
gcc: fatal error: no input files
compilation terminated.
configure:15772: $? = 4
configure:15776: checking whether we are using the GNU C compiler
configure:15804: result: yes
configure:15813: checking whether gcc accepts -g
configure:15874: result: yes
configure:15891: checking for gcc option to accept ISO C89
configure:15967: result: none needed
configure:15992: checking whether gcc understands -c and -o together
configure:16029: result: yes
configure:16048: checking dependency style of gcc
configure:16159: result: gcc3
configure:16179: checking how to run the C preprocessor
configure:16249: result: gcc -E
configure:16269: gcc -E  conftest.c
configure:16269: $? = 0
configure:16283: gcc -E  conftest.c
conftest.c:23:28: fatal error: ac_nonexistent.h: No such file or directory
 #include <ac_nonexistent.h>
                            ^
compilation terminated.
configure:16283: $? = 1
configure: failed program was:
| /* confdefs.h */
| #define PACKAGE_NAME "run_network"
| #define PACKAGE_TARNAME "run_network"
| #define PACKAGE_VERSION "3.0"
| #define PACKAGE_STRING "run_network 3.0"
| #define PACKAGE_BUGREPORT "bionetgen.help@gmail.com"
| #define PACKAGE_URL ""
| #define PACKAGE "run_network"
| #define VERSION "3.0"
| #define STDC_HEADERS 1
| #define HAVE_SYS_TYPES_H 1
| #define HAVE_SYS_STAT_H 1
| #define HAVE_STDLIB_H 1
| #define HAVE_STRING_H 1
| #define HAVE_MEMORY_H 1
| #define HAVE_STRINGS_H 1
| #define HAVE_INTTYPES_H 1
| #define HAVE_STDINT_H 1
| #define HAVE_UNISTD_H 1
| #define HAVE_DLFCN_H 1
| #define LT_OBJDIR ".libs/"
| /* end confdefs.h.  */
| #include <ac_nonexistent.h>
configure:16312: checking whether ln -s works
configure:16316: result: yes
configure:16323: checking whether make sets $(MAKE)
configure:16345: result: yes
configure:16362: checking limits.h usability
configure:16362: gcc -c -g -O2  conftest.c >&5
configure:16362: $? = 0
configure:16362: result: yes
configure:16362: checking limits.h presence
configure:16362: gcc -E  conftest.c
configure:16362: $? = 0
configure:16362: result: yes
configure:16362: checking for limits.h
configure:16362: result: yes
configure:16362: checking for stdlib.h
configure:16362: result: yes
configure:16362: checking for string.h
configure:16362: result: yes
configure:16362: checking for unistd.h
configure:16362: result: yes
configure:16374: checking for stdbool.h that conforms to C99
configure:16441: gcc -c -g -O2  conftest.c >&5
configure:16441: $? = 0
configure:16448: result: yes
configure:16450: checking for _Bool
configure:16450: gcc -c -g -O2  conftest.c >&5
configure:16450: $? = 0
configure:16450: gcc -c -g -O2  conftest.c >&5
conftest.c: In function 'main':
conftest.c:63:20: error: expected expression before ')' token
 if (sizeof ((_Bool)))
                    ^
configure:16450: $? = 1
configure: failed program was:
| /* confdefs.h */
| #define PACKAGE_NAME "run_network"
| #define PACKAGE_TARNAME "run_network"
| #define PACKAGE_VERSION "3.0"
| #define PACKAGE_STRING "run_network 3.0"
| #define PACKAGE_BUGREPORT "bionetgen.help@gmail.com"
| #define PACKAGE_URL ""
| #define PACKAGE "run_network"
| #define VERSION "3.0"
| #define STDC_HEADERS 1
| #define HAVE_SYS_TYPES_H 1
| #define HAVE_SYS_STAT_H 1
| #define HAVE_STDLIB_H 1
| #define HAVE_STRING_H 1
| #define HAVE_MEMORY_H 1
| #define HAVE_STRINGS_H 1
| #define HAVE_INTTYPES_H 1
| #define HAVE_STDINT_H 1
| #define HAVE_UNISTD_H 1
| #define HAVE_DLFCN_H 1
| #define LT_OBJDIR ".libs/"
| #define HAVE_LIMITS_H 1
| #define HAVE_STDLIB_H 1
| #define HAVE_STRING_H 1
| #define HAVE_UNISTD_H 1
| /* end confdefs.h.  */
| #include <stdio.h>
| #ifdef HAVE_SYS_TYPES_H
| # include <sys/types.h>
| #endif
| #ifdef HAVE_SYS_STAT_H
| # include <sys/stat.h>
| #endif
| #ifdef STDC_HEADERS
| # include <stdlib.h>
| # include <stddef.h>
| #else
| # ifdef HAVE_STDLIB_H
| #  include <stdlib.h>
| # endif
| #endif
| #ifdef HAVE_STRING_H
| # if !defined STDC_HEADERS && defined HAVE_MEMORY_H
| #  include <memory.h>
| # endif
| # include <string.h>
| #endif
| #ifdef HAVE_STRINGS_H
| # include <strings.h>
| #endif
| #ifdef HAVE_INTTYPES_H
| # include <inttypes.h>
| #endif
| #ifdef HAVE_STDINT_H
| # include <stdint.h>
| #endif
| #ifdef HAVE_UNISTD_H
| # include <unistd.h>
| #endif
| int
| main ()
| {
| if (sizeof ((_Bool)))
| 	    return 0;
|   ;
|   return 0;
| }
configure:16450: result: yes
configure:16467: checking for inline
configure:16483: gcc -c -g -O2  conftest.c >&5
configure:16483: $? = 0
configure:16491: result: inline
configure:16509: checking for size_t
configure:16509: gcc -c -g -O2  conftest.c >&5
configure:16509: $? = 0
configure:16509: gcc -c -g -O2  conftest.c >&5
conftest.c: In function 'main':
conftest.c:65:21: error: expected expression before ')' token
 if (sizeof ((size_t)))
                     ^
configure:16509: $? = 1
configure: failed program was:
| /* confdefs.h */
| #define PACKAGE_NAME "run_network"
| #define PACKAGE_TARNAME "run_network"
| #define PACKAGE_VERSION "3.0"
| #define PACKAGE_STRING "run_network 3.0"
| #define PACKAGE_BUGREPORT "bionetgen.help@gmail.com"
| #define PACKAGE_URL ""
| #define PACKAGE "run_network"
| #define VERSION "3.0"
| #define STDC_HEADERS 1
| #define HAVE_SYS_TYPES_H 1
| #define HAVE_SYS_STAT_H 1
| #define HAVE_STDLIB_H 1
| #define HAVE_STRING_H 1
| #define HAVE_MEMORY_H 1
| #define HAVE_STRINGS_H 1
| #define HAVE_INTTYPES_H 1
| #define HAVE_STDINT_H 1
| #define HAVE_UNISTD_H 1
| #define HAVE_DLFCN_H 1
| #define LT_OBJDIR ".libs/"
| #define HAVE_LIMITS_H 1
| #define HAVE_STDLIB_H 1
| #define HAVE_STRING_H 1
| #define HAVE_UNISTD_H 1
| #define HAVE__BOOL 1
| #define HAVE_STDBOOL_H 1
| /* end confdefs.h.  */
| #include <stdio.h>
| #ifdef HAVE_SYS_TYPES_H
| # include <sys/types.h>
| #endif
| #ifdef HAVE_SYS_STAT_H
| # include <sys/stat.h>
| #endif
| #ifdef STDC_HEADERS
| # include <stdlib.h>
| # include <stddef.h>
| #else
| # ifdef HAVE_STDLIB_H
| #  include <stdlib.h>
| # endif
| #endif
| #ifdef HAVE_STRING_H
| # if !defined STDC_HEADERS && defined HAVE_MEMORY_H
| #  include <memory.h>
| # endif
| # include <string.h>
| #endif
| #ifdef HAVE_STRINGS_H
| # include <strings.h>
| #endif
| #ifdef HAVE_INTTYPES_H
| # include <inttypes.h>
| #endif
| #ifdef HAVE_STDINT_H
| # include <stdint.h>
| #endif
| #ifdef HAVE_UNISTD_H
| # include <unistd.h>
| #endif
| int
| main ()
| {
| if (sizeof ((size_t)))
| 	    return 0;
|   ;
|   return 0;
| }
configure:16509: result: yes
configure:16524: checking for stdlib.h
configure:16524: result: yes
configure:16534: checking for GNU libc compatible malloc
configure:16558: gcc -o conftest -g -O2   conftest.c  >&5
configure:16558: $? = 0
configure:16558: ./conftest
configure:16558: $? = 0
configure:16568: result: yes
configure:16591: checking for stdlib.h
configure:16591: result: yes
configure:16601: checking for GNU libc compatible realloc
configure:16625: gcc -o conftest -g -O2   conftest.c  >&5
configure:16625: $? = 0
configure:16625: ./conftest
configure:16625: $? = 0
configure:16635: result: yes
configure:16659: checking for floor
configure:16659: gcc -o conftest -g -O2   conftest.c  >&5
conftest.c:56:6: warning: conflicting types for built-in function 'floor' [enabled by default]
 char floor ();
      ^
/tmp/ccu15PFl.o: In function `main':
/home/roc60/bionetgen2/bionetgen/bng2/BioNetGen-2.2.6-stable/Network3/conftest.c:67: undefined reference to `floor'
collect2: error: ld returned 1 exit status
configure:16659: $? = 1
configure: failed program was:
| /* confdefs.h */
| #define PACKAGE_NAME "run_network"
| #define PACKAGE_TARNAME "run_network"
| #define PACKAGE_VERSION "3.0"
| #define PACKAGE_STRING "run_network 3.0"
| #define PACKAGE_BUGREPORT "bionetgen.help@gmail.com"
| #define PACKAGE_URL ""
| #define PACKAGE "run_network"
| #define VERSION "3.0"
| #define STDC_HEADERS 1
| #define HAVE_SYS_TYPES_H 1
| #define HAVE_SYS_STAT_H 1
| #define HAVE_STDLIB_H 1
| #define HAVE_STRING_H 1
| #define HAVE_MEMORY_H 1
| #define HAVE_STRINGS_H 1
| #define HAVE_INTTYPES_H 1
| #define HAVE_STDINT_H 1
| #define HAVE_UNISTD_H 1
| #define HAVE_DLFCN_H 1
| #define LT_OBJDIR ".libs/"
| #define HAVE_LIMITS_H 1
| #define HAVE_STDLIB_H 1
| #define HAVE_STRING_H 1
| #define HAVE_UNISTD_H 1
| #define HAVE__BOOL 1
| #define HAVE_STDBOOL_H 1
| #define HAVE_STDLIB_H 1
| #define HAVE_MALLOC 1
| #define HAVE_STDLIB_H 1
| #define HAVE_REALLOC 1
| /* end confdefs.h.  */
| /* Define floor to an innocuous variant, in case <limits.h> declares floor.
|    For example, HP-UX 11i <limits.h> declares gettimeofday.  */
| #define floor innocuous_floor
| 
| /* System header to define __stub macros and hopefully few prototypes,
|     which can conflict with char floor (); below.
|     Prefer <limits.h> to <assert.h> if __STDC__ is defined, since
|     <limits.h> exists even on freestanding compilers.  */
| 
| #ifdef __STDC__
| # include <limits.h>
| #else
| # include <assert.h>
| #endif
| 
| #undef floor
| 
| /* Override any GCC internal prototype to avoid an error.
|    Use char because int might match the return type of a GCC
|    builtin and then its argument prototype would still apply.  */
| #ifdef __cplusplus
| extern "C"
| #endif
| char floor ();
| /* The GNU C library defines this for functions which it implements
|     to always fail with ENOSYS.  Some functions are actually named
|     something starting with __ and the normal name is an alias.  */
| #if defined __stub_floor || defined __stub___floor
| choke me
| #endif
| 
| int
| main ()
| {
| return floor ();
|   ;
|   return 0;
| }
configure:16659: result: no
configure:16659: checking for pow
configure:16659: gcc -o conftest -g -O2   conftest.c  >&5
conftest.c:56:6: warning: conflicting types for built-in function 'pow' [enabled by default]
 char pow ();
      ^
/tmp/ccUMFL5r.o: In function `main':
/home/roc60/bionetgen2/bionetgen/bng2/BioNetGen-2.2.6-stable/Network3/conftest.c:67: undefined reference to `pow'
collect2: error: ld returned 1 exit status
configure:16659: $? = 1
configure: failed program was:
| /* confdefs.h */
| #define PACKAGE_NAME "run_network"
| #define PACKAGE_TARNAME "run_network"
| #define PACKAGE_VERSION "3.0"
| #define PACKAGE_STRING "run_network 3.0"
| #define PACKAGE_BUGREPORT "bionetgen.help@gmail.com"
| #define PACKAGE_URL ""
| #define PACKAGE "run_network"
| #define VERSION "3.0"
| #define STDC_HEADERS 1
| #define HAVE_SYS_TYPES_H 1
| #define HAVE_SYS_STAT_H 1
| #define HAVE_STDLIB_H 1
| #define HAVE_STRING_H 1
| #define HAVE_MEMORY_H 1
| #define HAVE_STRINGS_H 1
| #define HAVE_INTTYPES_H 1
| #define HAVE_STDINT_H 1
| #define HAVE_UNISTD_H 1
| #define HAVE_DLFCN_H 1
| #define LT_OBJDIR ".libs/"
| #define HAVE_LIMITS_H 1
| #define HAVE_STDLIB_H 1
| #define HAVE_STRING_H 1
| #define HAVE_UNISTD_H 1
| #define HAVE__BOOL 1
| #define HAVE_STDBOOL_H 1
| #define HAVE_STDLIB_H 1
| #define HAVE_MALLOC 1
| #define HAVE_STDLIB_H 1
| #define HAVE_REALLOC 1
| /* end confdefs.h.  */
| /* Define pow to an innocuous variant, in case <limits.h> declares pow.
|    For example, HP-UX 11i <limits.h> declares gettimeofday.  */
| #define pow innocuous_pow
| 
| /* System header to define __stub macros and hopefully few prototypes,
|     which can conflict with char pow (); below.
|     Prefer <limits.h> to <assert.h> if __STDC__ is defined, since
|     <limits.h> exists even on freestanding compilers.  */
| 
| #ifdef __STDC__
| # include <limits.h>
| #else
| # include <assert.h>
| #endif
| 
| #undef pow
| 
| /* Override any GCC internal prototype to avoid an error.
|    Use char because int might match the return type of a GCC
|    builtin and then its argument prototype would still apply.  */
| #ifdef __cplusplus
| extern "C"
| #endif
| char pow ();
| /* The GNU C library defines this for functions which it implements
|     to always fail with ENOSYS.  Some functions are actually named
|     something starting with __ and the normal name is an alias.  */
| #if defined __stub_pow || defined __stub___pow
| choke me
| #endif
| 
| int
| main ()
| {
| return pow ();
|   ;
|   return 0;
| }
configure:16659: result: no
configure:16659: checking for rint
configure:16659: gcc -o conftest -g -O2   conftest.c  >&5
conftest.c:56:6: warning: conflicting types for built-in function 'rint' [enabled by default]
 char rint ();
      ^
/tmp/cc813phv.o: In function `main':
/home/roc60/bionetgen2/bionetgen/bng2/BioNetGen-2.2.6-stable/Network3/conftest.c:67: undefined reference to `rint'
collect2: error: ld returned 1 exit status
configure:16659: $? = 1
configure: failed program was:
| /* confdefs.h */
| #define PACKAGE_NAME "run_network"
| #define PACKAGE_TARNAME "run_network"
| #define PACKAGE_VERSION "3.0"
| #define PACKAGE_STRING "run_network 3.0"
| #define PACKAGE_BUGREPORT "bionetgen.help@gmail.com"
| #define PACKAGE_URL ""
| #define PACKAGE "run_network"
| #define VERSION "3.0"
| #define STDC_HEADERS 1
| #define HAVE_SYS_TYPES_H 1
| #define HAVE_SYS_STAT_H 1
| #define HAVE_STDLIB_H 1
| #define HAVE_STRING_H 1
| #define HAVE_MEMORY_H 1
| #define HAVE_STRINGS_H 1
| #define HAVE_INTTYPES_H 1
| #define HAVE_STDINT_H 1
| #define HAVE_UNISTD_H 1
| #define HAVE_DLFCN_H 1
| #define LT_OBJDIR ".libs/"
| #define HAVE_LIMITS_H 1
| #define HAVE_STDLIB_H 1
| #define HAVE_STRING_H 1
| #define HAVE_UNISTD_H 1
| #define HAVE__BOOL 1
| #define HAVE_STDBOOL_H 1
| #define HAVE_STDLIB_H 1
| #define HAVE_MALLOC 1
| #define HAVE_STDLIB_H 1
| #define HAVE_REALLOC 1
| /* end confdefs.h.  */
| /* Define rint to an innocuous variant, in case <limits.h> declares rint.
|    For example, HP-UX 11i <limits.h> declares gettimeofday.  */
| #define rint innocuous_rint
| 
| /* System header to define __stub macros and hopefully few prototypes,
|     which can conflict with char rint (); below.
|     Prefer <limits.h> to <assert.h> if __STDC__ is defined, since
|     <limits.h> exists even on freestanding compilers.  */
| 
| #ifdef __STDC__
| # include <limits.h>
| #else
| # include <assert.h>
| #endif
| 
| #undef rint
| 
| /* Override any GCC internal prototype to avoid an error.
|    Use char because int might match the return type of a GCC
|    builtin and then its argument prototype would still apply.  */
| #ifdef __cplusplus
| extern "C"
| #endif
| char rint ();
| /* The GNU C library defines this for functions which it implements
|     to always fail with ENOSYS.  Some functions are actually named
|     something starting with __ and the normal name is an alias.  */
| #if defined __stub_rint || defined __stub___rint
| choke me
| #endif
| 
| int
| main ()
| {
| return rint ();
|   ;
|   return 0;
| }
configure:16659: result: no
configure:16659: checking for sqrt
configure:16659: gcc -o conftest -g -O2   conftest.c  >&5
conftest.c:56:6: warning: conflicting types for built-in function 'sqrt' [enabled by default]
 char sqrt ();
      ^
/tmp/cc1zsNZz.o: In function `main':
/home/roc60/bionetgen2/bionetgen/bng2/BioNetGen-2.2.6-stable/Network3/conftest.c:67: undefined reference to `sqrt'
collect2: error: ld returned 1 exit status
configure:16659: $? = 1
configure: failed program was:
| /* confdefs.h */
| #define PACKAGE_NAME "run_network"
| #define PACKAGE_TARNAME "run_network"
| #define PACKAGE_VERSION "3.0"
| #define PACKAGE_STRING "run_network 3.0"
| #define PACKAGE_BUGREPORT "bionetgen.help@gmail.com"
| #define PACKAGE_URL ""
| #define PACKAGE "run_network"
| #define VERSION "3.0"
| #define STDC_HEADERS 1
| #define HAVE_SYS_TYPES_H 1
| #define HAVE_SYS_STAT_H 1
| #define HAVE_STDLIB_H 1
| #define HAVE_STRING_H 1
| #define HAVE_MEMORY_H 1
| #define HAVE_STRINGS_H 1
| #define HAVE_INTTYPES_H 1
| #define HAVE_STDINT_H 1
| #define HAVE_UNISTD_H 1
| #define HAVE_DLFCN_H 1
| #define LT_OBJDIR ".libs/"
| #define HAVE_LIMITS_H 1
| #define HAVE_STDLIB_H 1
| #define HAVE_STRING_H 1
| #define HAVE_UNISTD_H 1
| #define HAVE__BOOL 1
| #define HAVE_STDBOOL_H 1
| #define HAVE_STDLIB_H 1
| #define HAVE_MALLOC 1
| #define HAVE_STDLIB_H 1
| #define HAVE_REALLOC 1
| /* end confdefs.h.  */
| /* Define sqrt to an innocuous variant, in case <limits.h> declares sqrt.
|    For example, HP-UX 11i <limits.h> declares gettimeofday.  */
| #define sqrt innocuous_sqrt
| 
| /* System header to define __stub macros and hopefully few prototypes,
|     which can conflict with char sqrt (); below.
|     Prefer <limits.h> to <assert.h> if __STDC__ is defined, since
|     <limits.h> exists even on freestanding compilers.  */
| 
| #ifdef __STDC__
| # include <limits.h>
| #else
| # include <assert.h>
| #endif
| 
| #undef sqrt
| 
| /* Override any GCC internal prototype to avoid an error.
|    Use char because int might match the return type of a GCC
|    builtin and then its argument prototype would still apply.  */
| #ifdef __cplusplus
| extern "C"
| #endif
| char sqrt ();
| /* The GNU C library defines this for functions which it implements
|     to always fail with ENOSYS.  Some functions are actually named
|     something starting with __ and the normal name is an alias.  */
| #if defined __stub_sqrt || defined __stub___sqrt
| choke me
| #endif
| 
| int
| main ()
| {
| return sqrt ();
|   ;
|   return 0;
| }
configure:16659: result: no
configure:16659: checking for strchr
configure:16659: gcc -o conftest -g -O2   conftest.c  >&5
conftest.c:56:6: warning: conflicting types for built-in function 'strchr' [enabled by default]
 char strchr ();
      ^
configure:16659: $? = 0
configure:16659: result: yes
configure:16659: checking for strdup
configure:16659: gcc -o conftest -g -O2   conftest.c  >&5
conftest.c:57:6: warning: conflicting types for built-in function 'strdup' [enabled by default]
 char strdup ();
      ^
configure:16659: $? = 0
configure:16659: result: yes
configure:16659: checking for strpbrk
configure:16659: gcc -o conftest -g -O2   conftest.c  >&5
conftest.c:58:6: warning: conflicting types for built-in function 'strpbrk' [enabled by default]
 char strpbrk ();
      ^
configure:16659: $? = 0
configure:16659: result: yes
configure:16784: checking that generated files are newer than configure
configure:16790: result: done
configure:16821: creating ./config.status

## ---------------------- ##
## Running config.status. ##
## ---------------------- ##

This file was extended by run_network config.status 3.0, which was
generated by GNU Autoconf 2.69.  Invocation command line was

  CONFIG_FILES    = 
  CONFIG_HEADERS  = 
  CONFIG_LINKS    = 
  CONFIG_COMMANDS = 
  $ ./config.status 

on dingpc

config.status:1158: creating Makefile
config.status:1158: creating src/Makefile
config.status:1158: creating config.h
config.status:1387: executing depfiles commands
config.status:1387: executing libtool commands
configure:19377: === configuring in cvode-2.6.0 (/home/roc60/bionetgen2/bionetgen/bng2/BioNetGen-2.2.6-stable/Network3/cvode-2.6.0)
configure:19440: running /bin/bash ./configure --disable-option-checking '--prefix=/home/roc60/bionetgen2/bionetgen/bng2/BioNetGen-2.2.6-stable'  '--disable-shared' --cache-file=/dev/null --srcdir=.
configure:19377: === configuring in muparser_v2_2_4 (/home/roc60/bionetgen2/bionetgen/bng2/BioNetGen-2.2.6-stable/Network3/muparser_v2_2_4)
configure:19440: running /bin/bash ./configure --disable-option-checking '--prefix=/home/roc60/bionetgen2/bionetgen/bng2/BioNetGen-2.2.6-stable'  '--disable-shared' --cache-file=/dev/null --srcdir=.

## ---------------- ##
## Cache variables. ##
## ---------------- ##

ac_cv_build=x86_64-unknown-linux-gnu
ac_cv_c_compiler_gnu=yes
ac_cv_c_inline=inline
ac_cv_cxx_compiler_gnu=yes
ac_cv_env_CCC_set=
ac_cv_env_CCC_value=
ac_cv_env_CC_set=
ac_cv_env_CC_value=
ac_cv_env_CFLAGS_set=
ac_cv_env_CFLAGS_value=
ac_cv_env_CPPFLAGS_set=
ac_cv_env_CPPFLAGS_value=
ac_cv_env_CPP_set=
ac_cv_env_CPP_value=
ac_cv_env_CXXCPP_set=
ac_cv_env_CXXCPP_value=
ac_cv_env_CXXFLAGS_set=
ac_cv_env_CXXFLAGS_value=
ac_cv_env_CXX_set=
ac_cv_env_CXX_value=
ac_cv_env_LDFLAGS_set=
ac_cv_env_LDFLAGS_value=
ac_cv_env_LIBS_set=
ac_cv_env_LIBS_value=
ac_cv_env_build_alias_set=
ac_cv_env_build_alias_value=
ac_cv_env_host_alias_set=
ac_cv_env_host_alias_value=
ac_cv_env_target_alias_set=
ac_cv_env_target_alias_value=
ac_cv_func_floor=no
ac_cv_func_malloc_0_nonnull=yes
ac_cv_func_pow=no
ac_cv_func_realloc_0_nonnull=yes
ac_cv_func_rint=no
ac_cv_func_sqrt=no
ac_cv_func_strchr=yes
ac_cv_func_strdup=yes
ac_cv_func_strpbrk=yes
ac_cv_header_dlfcn_h=yes
ac_cv_header_inttypes_h=yes
ac_cv_header_limits_h=yes
ac_cv_header_memory_h=yes
ac_cv_header_stdbool_h=yes
ac_cv_header_stdc=yes
ac_cv_header_stdint_h=yes
ac_cv_header_stdlib_h=yes
ac_cv_header_string_h=yes
ac_cv_header_strings_h=yes
ac_cv_header_sys_stat_h=yes
ac_cv_header_sys_types_h=yes
ac_cv_header_unistd_h=yes
ac_cv_host=x86_64-unknown-linux-gnu
ac_cv_objext=o
ac_cv_path_EGREP='/bin/grep -E'
ac_cv_path_FGREP='/bin/grep -F'
ac_cv_path_GREP=/bin/grep
ac_cv_path_SED=/bin/sed
ac_cv_path_install='/usr/bin/install -c'
ac_cv_path_mkdir=/bin/mkdir
ac_cv_prog_AWK=mawk
ac_cv_prog_CPP='gcc -E'
ac_cv_prog_CXXCPP='g++ -E'
ac_cv_prog_ac_ct_AR=ar
ac_cv_prog_ac_ct_CC=gcc
ac_cv_prog_ac_ct_CXX=g++
ac_cv_prog_ac_ct_MANIFEST_TOOL=mt
ac_cv_prog_ac_ct_OBJDUMP=objdump
ac_cv_prog_ac_ct_RANLIB=ranlib
ac_cv_prog_ac_ct_STRIP=strip
ac_cv_prog_cc_c89=
ac_cv_prog_cc_g=yes
ac_cv_prog_cxx_g=yes
ac_cv_prog_make_make_set=yes
ac_cv_type__Bool=yes
ac_cv_type_size_t=yes
am_cv_CC_dependencies_compiler_type=gcc3
am_cv_CXX_dependencies_compiler_type=gcc3
am_cv_ar_interface=ar
am_cv_make_support_nested_variables=yes
am_cv_prog_cc_c_o=yes
lt_cv_ar_at_file=@
lt_cv_deplibs_check_method=pass_all
lt_cv_file_magic_cmd='$MAGIC_CMD'
lt_cv_file_magic_test_file=
lt_cv_ld_reload_flag=-r
lt_cv_nm_interface='BSD nm'
lt_cv_objdir=.libs
lt_cv_path_LD=/usr/bin/ld
lt_cv_path_LDCXX='/usr/bin/ld -m elf_x86_64'
lt_cv_path_NM='/usr/bin/nm -B'
lt_cv_path_mainfest_tool=no
lt_cv_prog_compiler_c_o=yes
lt_cv_prog_compiler_c_o_CXX=yes
lt_cv_prog_compiler_pic='-fPIC -DPIC'
lt_cv_prog_compiler_pic_CXX='-fPIC -DPIC'
lt_cv_prog_compiler_pic_works=yes
lt_cv_prog_compiler_pic_works_CXX=yes
lt_cv_prog_compiler_rtti_exceptions=no
lt_cv_prog_compiler_static_works=yes
lt_cv_prog_compiler_static_works_CXX=yes
lt_cv_prog_gnu_ld=yes
lt_cv_prog_gnu_ldcxx=yes
lt_cv_sharedlib_from_linklib_cmd='printf %s\n'
lt_cv_shlibpath_overrides_runpath=no
lt_cv_sys_global_symbol_pipe='sed -n -e '\''s/^.*[	 ]\([ABCDGIRSTW][ABCDGIRSTW]*\)[	 ][	 ]*\([_A-Za-z][_A-Za-z0-9]*\)$/\1 \2 \2/p'\'' | sed '\''/ __gnu_lto/d'\'''
lt_cv_sys_global_symbol_to_c_name_address='sed -n -e '\''s/^: \([^ ]*\)[ ]*$/  {\"\1\", (void *) 0},/p'\'' -e '\''s/^[ABCDGIRSTW]* \([^ ]*\) \([^ ]*\)$/  {"\2", (void *) \&\2},/p'\'''
lt_cv_sys_global_symbol_to_c_name_address_lib_prefix='sed -n -e '\''s/^: \([^ ]*\)[ ]*$/  {\"\1\", (void *) 0},/p'\'' -e '\''s/^[ABCDGIRSTW]* \([^ ]*\) \(lib[^ ]*\)$/  {"\2", (void *) \&\2},/p'\'' -e '\''s/^[ABCDGIRSTW]* \([^ ]*\) \([^ ]*\)$/  {"lib\2", (void *) \&\2},/p'\'''
lt_cv_sys_global_symbol_to_cdecl='sed -n -e '\''s/^T .* \(.*\)$/extern int \1();/p'\'' -e '\''s/^[ABCDGIRSTW]* .* \(.*\)$/extern char \1;/p'\'''
lt_cv_sys_max_cmd_len=1572864
lt_cv_to_host_file_cmd=func_convert_file_noop
lt_cv_to_tool_file_cmd=func_convert_file_noop

## ----------------- ##
## Output variables. ##
## ----------------- ##

ACLOCAL='${SHELL} /home/roc60/bionetgen2/bionetgen/bng2/BioNetGen-2.2.6-stable/Network3/missing aclocal-1.14'
AMDEPBACKSLASH='\'
AMDEP_FALSE='#'
AMDEP_TRUE=''
AMTAR='$${TAR-tar}'
AM_BACKSLASH='\'
AM_DEFAULT_V='$(AM_DEFAULT_VERBOSITY)'
AM_DEFAULT_VERBOSITY='1'
AM_V='$(V)'
AR='ar'
AUTOCONF='${SHELL} /home/roc60/bionetgen2/bionetgen/bng2/BioNetGen-2.2.6-stable/Network3/missing autoconf'
AUTOHEADER='${SHELL} /home/roc60/bionetgen2/bionetgen/bng2/BioNetGen-2.2.6-stable/Network3/missing autoheader'
AUTOMAKE='${SHELL} /home/roc60/bionetgen2/bionetgen/bng2/BioNetGen-2.2.6-stable/Network3/missing automake-1.14'
AWK='mawk'
CC='gcc'
CCDEPMODE='depmode=gcc3'
CFLAGS='-g -O2'
CPP='gcc -E'
CPPFLAGS=''
CXX='g++'
CXXCPP='g++ -E'
CXXDEPMODE='depmode=gcc3'
CXXFLAGS='-g -O2'
CYGPATH_W='echo'
DEFS='-DHAVE_CONFIG_H'
DEPDIR='.deps'
DLLTOOL='false'
DSYMUTIL=''
DUMPBIN=''
ECHO_C=''
ECHO_N='-n'
ECHO_T=''
EGREP='/bin/grep -E'
EXEEXT=''
FGREP='/bin/grep -F'
GREP='/bin/grep'
INSTALL_DATA='${INSTALL} -m 644'
INSTALL_PROGRAM='${INSTALL}'
INSTALL_SCRIPT='${INSTALL}'
INSTALL_STRIP_PROGRAM='$(install_sh) -c -s'
LD='/usr/bin/ld -m elf_x86_64'
LDFLAGS=''
LIBOBJS=''
LIBS=''
LIBTOOL='$(SHELL) $(top_builddir)/libtool'
LIPO=''
LN_S='ln -s'
LTLIBOBJS=''
MAKEINFO='${SHELL} /home/roc60/bionetgen2/bionetgen/bng2/BioNetGen-2.2.6-stable/Network3/missing makeinfo'
MANIFEST_TOOL=':'
MKDIR_P='/bin/mkdir -p'
NM='/usr/bin/nm -B'
NMEDIT=''
OBJDUMP='objdump'
OBJEXT='o'
OTOOL64=''
OTOOL=''
PACKAGE='run_network'
PACKAGE_BUGREPORT='bionetgen.help@gmail.com'
PACKAGE_NAME='run_network'
PACKAGE_STRING='run_network 3.0'
PACKAGE_TARNAME='run_network'
PACKAGE_URL=''
PACKAGE_VERSION='3.0'
PATH_SEPARATOR=':'
RANLIB='ranlib'
SED='/bin/sed'
SET_MAKE=''
SHELL='/bin/bash'
STRIP='strip'
VERSION='3.0'
ac_ct_AR='ar'
ac_ct_CC='gcc'
ac_ct_CXX='g++'
ac_ct_DUMPBIN=''
am__EXEEXT_FALSE=''
am__EXEEXT_TRUE='#'
am__fastdepCC_FALSE='#'
am__fastdepCC_TRUE=''
am__fastdepCXX_FALSE='#'
am__fastdepCXX_TRUE=''
am__include='include'
am__isrc=''
am__leading_dot='.'
am__nodep='_no'
am__quote=''
am__tar='$${TAR-tar} chof - "$$tardir"'
am__untar='$${TAR-tar} xf -'
bindir='${exec_prefix}/bin'
build='x86_64-unknown-linux-gnu'
build_alias=''
build_cpu='x86_64'
build_os='linux-gnu'
build_vendor='unknown'
datadir='${datarootdir}'
datarootdir='${prefix}/share'
docdir='${datarootdir}/doc/${PACKAGE_TARNAME}'
dvidir='${docdir}'
exec_prefix='${prefix}'
host='x86_64-unknown-linux-gnu'
host_alias=''
host_cpu='x86_64'
host_os='linux-gnu'
host_vendor='unknown'
htmldir='${docdir}'
includedir='${prefix}/include'
infodir='${datarootdir}/info'
install_sh='${SHELL} /home/roc60/bionetgen2/bionetgen/bng2/BioNetGen-2.2.6-stable/Network3/install-sh'
libdir='${exec_prefix}/lib'
libexecdir='${exec_prefix}/libexec'
localedir='${datarootdir}/locale'
localstatedir='${prefix}/var'
mandir='${datarootdir}/man'
mkdir_p='$(MKDIR_P)'
oldincludedir='/usr/include'
pdfdir='${docdir}'
prefix='/home/roc60/bionetgen2/bionetgen/bng2/BioNetGen-2.2.6-stable'
program_transform_name='s,x,x,'
psdir='${docdir}'
sbindir='${exec_prefix}/sbin'
sharedstatedir='${prefix}/com'
subdirs=' cvode-2.6.0 muparser_v2_2_4'
sysconfdir='${prefix}/etc'
target_alias=''

## ----------- ##
## confdefs.h. ##
## ----------- ##

/* confdefs.h */
#define PACKAGE_NAME "run_network"
#define PACKAGE_TARNAME "run_network"
#define PACKAGE_VERSION "3.0"
#define PACKAGE_STRING "run_network 3.0"
#define PACKAGE_BUGREPORT "bionetgen.help@gmail.com"
#define PACKAGE_URL ""
#define PACKAGE "run_network"
#define VERSION "3.0"
#define STDC_HEADERS 1
#define HAVE_SYS_TYPES_H 1
#define HAVE_SYS_STAT_H 1
#define HAVE_STDLIB_H 1
#define HAVE_STRING_H 1
#define HAVE_MEMORY_H 1
#define HAVE_STRINGS_H 1
#define HAVE_INTTYPES_H 1
#define HAVE_STDINT_H 1
#define HAVE_UNISTD_H 1
#define HAVE_DLFCN_H 1
#define LT_OBJDIR ".libs/"
#define HAVE_LIMITS_H 1
#define HAVE_STDLIB_H 1
#define HAVE_STRING_H 1
#define HAVE_UNISTD_H 1
#define HAVE__BOOL 1
#define HAVE_STDBOOL_H 1
#define HAVE_STDLIB_H 1
#define HAVE_MALLOC 1
#define HAVE_STDLIB_H 1
#define HAVE_REALLOC 1
#define HAVE_STRCHR 1
#define HAVE_STRDUP 1
#define HAVE_STRPBRK 1

configure: exit 0
