BioNetGen version 2.2.6
Reading from file gamma2both.bngl (level 0)
Read 40 parameters.
Read 5 molecule types.
Read 5 species.
Read 9 observable(s).
Read 68 reaction rule(s).
ACTION: simulate_nf( )
Wrote model in xml format to /home/alex/work/alex/data/1/gamma2both.xml.
Running NFsim on hop0.usrc.newmexicoconsortium.org
full command: /home/alex/work/BioNetGen-2.2.6-stable/bin/NFsim -xml /home/alex/work/alex/data/1/gamma2both.xml -o /home/alex/work/alex/data/1/gamma2both.gdat -sim 1200 -oSteps 100 -ss /home/alex/work/alex/data/1/gamma2both.species -cb -gml 200000000
[simulation PID is: 8091]
starting NFsim v1.11...

reading xml file (/home/alex/work/alex/data/1/gamma2both.xml)  
	[-------]
preparing simulation...



Equilibrating for :0s.  Please wait.

simulating system for: 1.200000e+03 second(s).

Sim time: 0.000000e+00	CPU time (total): 5.600000e-05s	 events (step): 0
Sim time: 1.200000e+01	CPU time (total): 6.654838e+00s	 events (step): 778568
Sim time: 2.400000e+01	CPU time (total): 1.835461e+01s	 events (step): 875110
Sim time: 3.600000e+01	CPU time (total): 3.157726e+01s	 events (step): 888299
Sim time: 4.800000e+01	CPU time (total): 4.513745e+01s	 events (step): 874772
Sim time: 6.000000e+01	CPU time (total): 5.850052e+01s	 events (step): 851913
Sim time: 7.200000e+01	CPU time (total): 7.206944e+01s	 events (step): 839151
Sim time: 8.400000e+01	CPU time (total): 8.513269e+01s	 events (step): 802474
Sim time: 9.600000e+01	CPU time (total): 9.781359e+01s	 events (step): 775947
Sim time: 1.080000e+02	CPU time (total): 1.103891e+02s	 events (step): 754880
Sim time: 1.200000e+02	CPU time (total): 1.231553e+02s	 events (step): 744115
Sim time: 1.320000e+02	CPU time (total): 1.354712e+02s	 events (step): 718838
Sim time: 1.440000e+02	CPU time (total): 1.478520e+02s	 events (step): 709094
Sim time: 1.560000e+02	CPU time (total): 1.599917e+02s	 events (step): 689519
Sim time: 1.680000e+02	CPU time (total): 1.717589e+02s	 events (step): 665344
Sim time: 1.800000e+02	CPU time (total): 1.835390e+02s	 events (step): 656189
Sim time: 1.920000e+02	CPU time (total): 1.951180e+02s	 events (step): 639283
Sim time: 2.040000e+02	CPU time (total): 2.065271e+02s	 events (step): 623883
Sim time: 2.160000e+02	CPU time (total): 2.174867e+02s	 events (step): 601696
Sim time: 2.280000e+02	CPU time (total): 2.283295e+02s	 events (step): 592431
Sim time: 2.400000e+02	CPU time (total): 2.390869e+02s	 events (step): 580095
Sim time: 2.520000e+02	CPU time (total): 2.496707e+02s	 events (step): 568342
Sim time: 2.640000e+02	CPU time (total): 2.601831e+02s	 events (step): 558936
Sim time: 2.760000e+02	CPU time (total): 2.703142e+02s	 events (step): 541474
Sim time: 2.880000e+02	CPU time (total): 2.805255e+02s	 events (step): 535633
Sim time: 3.000000e+02	CPU time (total): 2.906777e+02s	 events (step): 527293
Sim time: 3.120000e+02	CPU time (total): 3.007085e+02s	 events (step): 521141
Sim time: 3.240000e+02	CPU time (total): 3.105957e+02s	 events (step): 511628
Sim time: 3.360000e+02	CPU time (total): 3.203655e+02s	 events (step): 503169
Sim time: 3.480000e+02	CPU time (total): 3.301617e+02s	 events (step): 498587
Sim time: 3.600000e+02	CPU time (total): 3.399805e+02s	 events (step): 495354
Sim time: 3.720000e+02	CPU time (total): 3.495603e+02s	 events (step): 483225
Sim time: 3.840000e+02	CPU time (total): 3.591250e+02s	 events (step): 480204
Sim time: 3.960000e+02	CPU time (total): 3.683725e+02s	 events (step): 466346
Sim time: 4.080000e+02	CPU time (total): 3.776021e+02s	 events (step): 461034
Sim time: 4.200000e+02	CPU time (total): 3.866068e+02s	 events (step): 450178
Sim time: 4.320000e+02	CPU time (total): 3.954023e+02s	 events (step): 443018
Sim time: 4.440000e+02	CPU time (total): 4.041488e+02s	 events (step): 438441
Sim time: 4.560000e+02	CPU time (total): 4.127126e+02s	 events (step): 431481
Sim time: 4.680000e+02	CPU time (total): 4.211708e+02s	 events (step): 423983
Sim time: 4.800000e+02	CPU time (total): 4.296848e+02s	 events (step): 421497
Sim time: 4.920000e+02	CPU time (total): 4.380331e+02s	 events (step): 413533
Sim time: 5.040000e+02	CPU time (total): 4.462913e+02s	 events (step): 406595
Sim time: 5.160000e+02	CPU time (total): 4.543943e+02s	 events (step): 400992
Sim time: 5.280000e+02	CPU time (total): 4.623474e+02s	 events (step): 392811
Sim time: 5.400000e+02	CPU time (total): 4.704163e+02s	 events (step): 394158
Sim time: 5.520000e+02	CPU time (total): 4.783513e+02s	 events (step): 387330
Sim time: 5.640000e+02	CPU time (total): 4.862605e+02s	 events (step): 383786
Sim time: 5.760000e+02	CPU time (total): 4.941479e+02s	 events (step): 379447
Sim time: 5.880000e+02	CPU time (total): 5.019352e+02s	 events (step): 376467
Sim time: 6.000000e+02	CPU time (total): 5.097446e+02s	 events (step): 373212
Sim time: 6.120000e+02	CPU time (total): 5.175096e+02s	 events (step): 371368
Sim time: 6.240000e+02	CPU time (total): 5.250613e+02s	 events (step): 361718
Sim time: 6.360000e+02	CPU time (total): 5.324070e+02s	 events (step): 355727
Sim time: 6.480000e+02	CPU time (total): 5.397342e+02s	 events (step): 354062
Sim time: 6.600000e+02	CPU time (total): 5.467082e+02s	 events (step): 341472
Sim time: 6.720000e+02	CPU time (total): 5.535927e+02s	 events (step): 334874
Sim time: 6.840000e+02	CPU time (total): 5.603584e+02s	 events (step): 328687
Sim time: 6.960000e+02	CPU time (total): 5.670843e+02s	 events (step): 328283
Sim time: 7.080000e+02	CPU time (total): 5.784016e+02s	 events (step): 324194
Sim time: 7.200000e+02	CPU time (total): 5.898472e+02s	 events (step): 317741
Sim time: 7.320000e+02	CPU time (total): 6.009795e+02s	 events (step): 309943
Sim time: 7.440000e+02	CPU time (total): 6.122363e+02s	 events (step): 309066
Sim time: 7.560000e+02	CPU time (total): 6.230515e+02s	 events (step): 301622
Sim time: 7.680000e+02	CPU time (total): 6.337087e+02s	 events (step): 296394
Sim time: 7.800000e+02	CPU time (total): 6.443500e+02s	 events (step): 294811
Sim time: 7.920000e+02	CPU time (total): 6.547109e+02s	 events (step): 287578
Sim time: 8.040000e+02	CPU time (total): 6.650080e+02s	 events (step): 286160
Sim time: 8.160000e+02	CPU time (total): 6.749454e+02s	 events (step): 277496
Sim time: 8.280000e+02	CPU time (total): 6.845133e+02s	 events (step): 269162
Sim time: 8.400000e+02	CPU time (total): 6.941053e+02s	 events (step): 269890
Sim time: 8.520000e+02	CPU time (total): 7.036102e+02s	 events (step): 267453
Sim time: 8.640000e+02	CPU time (total): 7.129569e+02s	 events (step): 262965
Sim time: 8.760000e+02	CPU time (total): 7.225541e+02s	 events (step): 264703
Sim time: 8.880000e+02	CPU time (total): 7.318285e+02s	 events (step): 259052
Sim time: 9.000000e+02	CPU time (total): 7.410100e+02s	 events (step): 257102
Sim time: 9.120000e+02	CPU time (total): 7.466255e+02s	 events (step): 254722
Sim time: 9.240000e+02	CPU time (total): 7.516520e+02s	 events (step): 254528
Sim time: 9.360000e+02	CPU time (total): 7.564392e+02s	 events (step): 245346
Sim time: 9.480000e+02	CPU time (total): 7.612739e+02s	 events (step): 245272
Sim time: 9.600000e+02	CPU time (total): 7.660131e+02s	 events (step): 244398
Sim time: 9.720000e+02	CPU time (total): 7.707244e+02s	 events (step): 241009
Sim time: 9.840000e+02	CPU time (total): 7.752999e+02s	 events (step): 237091
Sim time: 9.960000e+02	CPU time (total): 7.798864e+02s	 events (step): 234480
Sim time: 1.008000e+03	CPU time (total): 7.844692e+02s	 events (step): 233149
Sim time: 1.020000e+03	CPU time (total): 7.890205e+02s	 events (step): 230970
Sim time: 1.032000e+03	CPU time (total): 7.934191e+02s	 events (step): 224538
Sim time: 1.044000e+03	CPU time (total): 7.977522e+02s	 events (step): 221748
Sim time: 1.056000e+03	CPU time (total): 8.019784e+02s	 events (step): 217623
Sim time: 1.068000e+03	CPU time (total): 8.060713e+02s	 events (step): 211186
Sim time: 1.080000e+03	CPU time (total): 8.101010e+02s	 events (step): 207165
Sim time: 1.092000e+03	CPU time (total): 8.141307e+02s	 events (step): 206972
Sim time: 1.104000e+03	CPU time (total): 8.180374e+02s	 events (step): 200754
Sim time: 1.116000e+03	CPU time (total): 8.219136e+02s	 events (step): 199055
Sim time: 1.128000e+03	CPU time (total): 8.256799e+02s	 events (step): 192979
Sim time: 1.140000e+03	CPU time (total): 8.294369e+02s	 events (step): 191167
Sim time: 1.152000e+03	CPU time (total): 8.331088e+02s	 events (step): 189035
Sim time: 1.164000e+03	CPU time (total): 8.366807e+02s	 events (step): 183857
Sim time: 1.176000e+03	CPU time (total): 8.402598e+02s	 events (step): 183714
Sim time: 1.188000e+03	CPU time (total): 8.437563e+02s	 events (step): 180689
Sim time: 1.200000e+03	CPU time (total): 8.472232e+02s	 events (step): 178517

   You just simulated 41372384 reactions in 8.472233e+02s
   ( 4.883292e+04 reactions/sec, 2.047799e-05 CPU seconds/event )
   Null events: 0   (2.047799e-05 CPU seconds/non-null event )


saving list of final molecular species...

done.  Total CPU time: 848.621s

SpeciesLabel max molecule threshold set to 20.
WARNING: Species with more than 20 molecules will be labeled with the Quasi method.
readNFspecies::Reading from file /home/alex/work/alex/data/1/gamma2both.species
Read 49 unique species of 68 total.
SpeciesLabel max molecule threshold set to 0.
  (all species will be labeled with the Auto method)
CPU TIME: simulate_nf 848.77 s.
Finished processing file gamma2both.bngl.
CPU TIME: total 849.03 s.
