BioNetGen version 2.2.6
Reading from file gamma2both.bngl (level 0)
Read 40 parameters.
Read 5 molecule types.
Read 5 species.
Read 9 observable(s).
Read 68 reaction rule(s).
ACTION: simulate_nf( )
Wrote model in xml format to /home/alex/work/alex/data/6/gamma2both.xml.
Running NFsim on hop0.usrc.newmexicoconsortium.org
full command: /home/alex/work/BioNetGen-2.2.6-stable/bin/NFsim -xml /home/alex/work/alex/data/6/gamma2both.xml -o /home/alex/work/alex/data/6/gamma2both.gdat -sim 1200 -oSteps 100 -cb -ss /home/alex/work/alex/data/6/gamma2both.species -gml 200000000
[simulation PID is: 7541]
starting NFsim v1.11...

reading xml file (/home/alex/work/alex/data/6/gamma2both.xml)  
	[-------]
preparing simulation...



Equilibrating for :0s.  Please wait.

simulating system for: 1.200000e+03 second(s).

Sim time: 0.000000e+00	CPU time (total): 6.000000e-05s	 events (step): 0
Sim time: 1.200000e+01	CPU time (total): 6.388337e+00s	 events (step): 776166
Sim time: 2.400000e+01	CPU time (total): 1.731440e+01s	 events (step): 863104
Sim time: 3.600000e+01	CPU time (total): 2.986587e+01s	 events (step): 889693
Sim time: 4.800000e+01	CPU time (total): 4.341996e+01s	 events (step): 892408
Sim time: 6.000000e+01	CPU time (total): 5.670801e+01s	 events (step): 866110
Sim time: 7.200000e+01	CPU time (total): 7.028523e+01s	 events (step): 855573
Sim time: 8.400000e+01	CPU time (total): 8.370855e+01s	 events (step): 829758
Sim time: 9.600000e+01	CPU time (total): 9.650598e+01s	 events (step): 797695
Sim time: 1.080000e+02	CPU time (total): 1.090313e+02s	 events (step): 772636
Sim time: 1.200000e+02	CPU time (total): 1.217350e+02s	 events (step): 761487
Sim time: 1.320000e+02	CPU time (total): 1.337972e+02s	 events (step): 727046
Sim time: 1.440000e+02	CPU time (total): 1.460708e+02s	 events (step): 718634
Sim time: 1.560000e+02	CPU time (total): 1.582631e+02s	 events (step): 704190
Sim time: 1.680000e+02	CPU time (total): 1.700487e+02s	 events (step): 680563
Sim time: 1.800000e+02	CPU time (total): 1.816646e+02s	 events (step): 663209
Sim time: 1.920000e+02	CPU time (total): 1.929748e+02s	 events (step): 643237
Sim time: 2.040000e+02	CPU time (total): 2.042848e+02s	 events (step): 631822
Sim time: 2.160000e+02	CPU time (total): 2.156557e+02s	 events (step): 621018
Sim time: 2.280000e+02	CPU time (total): 2.265446e+02s	 events (step): 598736
Sim time: 2.400000e+02	CPU time (total): 2.376198e+02s	 events (step): 595543
Sim time: 2.520000e+02	CPU time (total): 2.484868e+02s	 events (step): 581583
Sim time: 2.640000e+02	CPU time (total): 2.592580e+02s	 events (step): 572175
Sim time: 2.760000e+02	CPU time (total): 2.698972e+02s	 events (step): 559751
Sim time: 2.880000e+02	CPU time (total): 2.802585e+02s	 events (step): 546579
Sim time: 3.000000e+02	CPU time (total): 2.906478e+02s	 events (step): 543317
Sim time: 3.120000e+02	CPU time (total): 3.007583e+02s	 events (step): 530147
Sim time: 3.240000e+02	CPU time (total): 3.109223e+02s	 events (step): 526858
Sim time: 3.360000e+02	CPU time (total): 3.209251e+02s	 events (step): 516978
Sim time: 3.480000e+02	CPU time (total): 3.308821e+02s	 events (step): 509597
Sim time: 3.600000e+02	CPU time (total): 3.406495e+02s	 events (step): 500736
Sim time: 3.720000e+02	CPU time (total): 3.502387e+02s	 events (step): 490729
Sim time: 3.840000e+02	CPU time (total): 3.598749e+02s	 events (step): 490081
Sim time: 3.960000e+02	CPU time (total): 3.695832e+02s	 events (step): 488179
Sim time: 4.080000e+02	CPU time (total): 3.791579e+02s	 events (step): 480032
Sim time: 4.200000e+02	CPU time (total): 3.884384e+02s	 events (step): 467698
Sim time: 4.320000e+02	CPU time (total): 3.977860e+02s	 events (step): 465646
Sim time: 4.440000e+02	CPU time (total): 4.067977e+02s	 events (step): 452339
Sim time: 4.560000e+02	CPU time (total): 4.156855e+02s	 events (step): 445341
Sim time: 4.680000e+02	CPU time (total): 4.245353e+02s	 events (step): 439932
Sim time: 4.800000e+02	CPU time (total): 4.332903e+02s	 events (step): 434646
Sim time: 4.920000e+02	CPU time (total): 4.419133e+02s	 events (step): 427809
Sim time: 5.040000e+02	CPU time (total): 4.503172e+02s	 events (step): 420888
Sim time: 5.160000e+02	CPU time (total): 4.587163e+02s	 events (step): 417813
Sim time: 5.280000e+02	CPU time (total): 4.670756e+02s	 events (step): 412817
Sim time: 5.400000e+02	CPU time (total): 4.752307e+02s	 events (step): 403725
Sim time: 5.520000e+02	CPU time (total): 4.835367e+02s	 events (step): 405186
Sim time: 5.640000e+02	CPU time (total): 4.916706e+02s	 events (step): 396328
Sim time: 5.760000e+02	CPU time (total): 4.995751e+02s	 events (step): 389488
Sim time: 5.880000e+02	CPU time (total): 5.073625e+02s	 events (step): 382489
Sim time: 6.000000e+02	CPU time (total): 5.152029e+02s	 events (step): 381196
Sim time: 6.120000e+02	CPU time (total): 5.227052e+02s	 events (step): 370914
Sim time: 6.240000e+02	CPU time (total): 5.301887e+02s	 events (step): 367202
Sim time: 6.360000e+02	CPU time (total): 5.374620e+02s	 events (step): 359202
Sim time: 6.480000e+02	CPU time (total): 5.445576e+02s	 events (step): 352918
Sim time: 6.600000e+02	CPU time (total): 5.515530e+02s	 events (step): 347087
Sim time: 6.720000e+02	CPU time (total): 5.585413e+02s	 events (step): 343781
Sim time: 6.840000e+02	CPU time (total): 5.653518e+02s	 events (step): 338488
Sim time: 6.960000e+02	CPU time (total): 5.722361e+02s	 events (step): 337198
Sim time: 7.080000e+02	CPU time (total): 5.789196e+02s	 events (step): 328514
Sim time: 7.200000e+02	CPU time (total): 5.855644e+02s	 events (step): 325774
Sim time: 7.320000e+02	CPU time (total): 5.920921e+02s	 events (step): 322236
Sim time: 7.440000e+02	CPU time (total): 5.984248e+02s	 events (step): 313949
Sim time: 7.560000e+02	CPU time (total): 6.047962e+02s	 events (step): 314380
Sim time: 7.680000e+02	CPU time (total): 6.110424e+02s	 events (step): 308471
Sim time: 7.800000e+02	CPU time (total): 6.171808e+02s	 events (step): 303657
Sim time: 7.920000e+02	CPU time (total): 6.232326e+02s	 events (step): 299903
Sim time: 8.040000e+02	CPU time (total): 6.293159e+02s	 events (step): 299835
Sim time: 8.160000e+02	CPU time (total): 6.352166e+02s	 events (step): 292866
Sim time: 8.280000e+02	CPU time (total): 6.411633e+02s	 events (step): 291672
Sim time: 8.400000e+02	CPU time (total): 6.470333e+02s	 events (step): 288266
Sim time: 8.520000e+02	CPU time (total): 6.527717e+02s	 events (step): 282499
Sim time: 8.640000e+02	CPU time (total): 6.583579e+02s	 events (step): 275511
Sim time: 8.760000e+02	CPU time (total): 6.640062e+02s	 events (step): 274946
Sim time: 8.880000e+02	CPU time (total): 6.693932e+02s	 events (step): 267357
Sim time: 9.000000e+02	CPU time (total): 6.746704e+02s	 events (step): 261157
Sim time: 9.120000e+02	CPU time (total): 6.798073e+02s	 events (step): 257465
Sim time: 9.240000e+02	CPU time (total): 6.848946e+02s	 events (step): 254782
Sim time: 9.360000e+02	CPU time (total): 6.900509e+02s	 events (step): 254114
Sim time: 9.480000e+02	CPU time (total): 6.950086e+02s	 events (step): 246722
Sim time: 9.600000e+02	CPU time (total): 6.999898e+02s	 events (step): 246253
Sim time: 9.720000e+02	CPU time (total): 7.048194e+02s	 events (step): 240811
Sim time: 9.840000e+02	CPU time (total): 7.096024e+02s	 events (step): 237574
Sim time: 9.960000e+02	CPU time (total): 7.141659e+02s	 events (step): 229239
Sim time: 1.008000e+03	CPU time (total): 7.186959e+02s	 events (step): 227164
Sim time: 1.020000e+03	CPU time (total): 7.232996e+02s	 events (step): 227826
Sim time: 1.032000e+03	CPU time (total): 7.277556e+02s	 events (step): 220553
Sim time: 1.044000e+03	CPU time (total): 7.320060e+02s	 events (step): 215071
Sim time: 1.056000e+03	CPU time (total): 7.363182e+02s	 events (step): 215520
Sim time: 1.068000e+03	CPU time (total): 7.406113e+02s	 events (step): 213312
Sim time: 1.080000e+03	CPU time (total): 7.446442e+02s	 events (step): 204377
Sim time: 1.092000e+03	CPU time (total): 7.485894e+02s	 events (step): 200520
Sim time: 1.104000e+03	CPU time (total): 7.524930e+02s	 events (step): 197335
Sim time: 1.116000e+03	CPU time (total): 7.563122e+02s	 events (step): 193521
Sim time: 1.128000e+03	CPU time (total): 7.600959e+02s	 events (step): 190408
Sim time: 1.140000e+03	CPU time (total): 7.636628e+02s	 events (step): 184255
Sim time: 1.152000e+03	CPU time (total): 7.672834e+02s	 events (step): 184552
Sim time: 1.164000e+03	CPU time (total): 7.707915e+02s	 events (step): 179177
Sim time: 1.176000e+03	CPU time (total): 7.742803e+02s	 events (step): 176474
Sim time: 1.188000e+03	CPU time (total): 7.776869e+02s	 events (step): 173888
Sim time: 1.200000e+03	CPU time (total): 7.808958e+02s	 events (step): 167118

   You just simulated 42174526 reactions in 7.808959e+02s
   ( 5.400787e+04 reactions/sec, 1.851582e-05 CPU seconds/event )
   Null events: 0   (1.851582e-05 CPU seconds/non-null event )


saving list of final molecular species...

done.  Total CPU time: 782.146s

SpeciesLabel max molecule threshold set to 20.
WARNING: Species with more than 20 molecules will be labeled with the Quasi method.
readNFspecies::Reading from file /home/alex/work/alex/data/6/gamma2both.species
Read 45 unique species of 68 total.
SpeciesLabel max molecule threshold set to 0.
  (all species will be labeled with the Auto method)
CPU TIME: simulate_nf 782.36 s.
Finished processing file gamma2both.bngl.
CPU TIME: total 782.62 s.
