BioNetGen version 2.2.6
Reading from file gam2de.bngl (level 0)
Read 38 parameters.
Read 4 molecule types.
Read 4 species.
Read 9 observable(s).
Read 66 reaction rule(s).
ACTION: simulate_nf( )
Wrote model in xml format to /home/alex/work/alex/data/1/gam2de.xml.
Running NFsim on hop0.usrc.newmexicoconsortium.org
full command: /home/alex/work/BioNetGen-2.2.6-stable/bin/NFsim -xml /home/alex/work/alex/data/1/gam2de.xml -o /home/alex/work/alex/data/1/gam2de.gdat -sim 360 -oSteps 6 -gml 200000000 -cb -ss /home/alex/work/alex/data/1/gam2de.species
[simulation PID is: 11718]
starting NFsim v1.11...

reading xml file (/home/alex/work/alex/data/1/gam2de.xml)  
	[-------]
preparing simulation...



Equilibrating for :0s.  Please wait.

simulating system for: 3.600000e+02 second(s).

Sim time: 0.000000e+00	CPU time (total): 6.800000e-05s	 events (step): 0
Sim time: 6.000000e+01	CPU time (total): 1.148527e+01s	 events (step): 450730
Sim time: 1.200000e+02	CPU time (total): 2.375650e+01s	 events (step): 431097
Sim time: 1.800000e+02	CPU time (total): 3.597849e+01s	 events (step): 394747
Sim time: 2.400000e+02	CPU time (total): 4.323628e+01s	 events (step): 374911
Sim time: 3.000000e+02	CPU time (total): 4.976608e+01s	 events (step): 369987
Sim time: 3.600000e+02	CPU time (total): 5.617213e+01s	 events (step): 356769

   You just simulated 2378242 reactions in 5.617218e+01s
   ( 4.233843e+04 reactions/sec, 2.361920e-05 CPU seconds/event )
   Null events: 0   (2.361920e-05 CPU seconds/non-null event )


saving list of final molecular species...

done.  Total CPU time: 56.3686s

SpeciesLabel max molecule threshold set to 20.
WARNING: Species with more than 20 molecules will be labeled with the Quasi method.
readNFspecies::Reading from file /home/alex/work/alex/data/1/gam2de.species
Read 22 unique species of 32 total.
SpeciesLabel max molecule threshold set to 0.
  (all species will be labeled with the Auto method)
CPU TIME: simulate_nf 56.49 s.
Finished processing file gam2de.bngl.
CPU TIME: total 56.94 s.
