BioNetGen version 2.2.6
Reading from file gamma2phos.bngl (level 0)
Read 39 parameters.
Read 5 molecule types.
Read 5 species.
Read 9 observable(s).
Read 67 reaction rule(s).
ACTION: simulate_nf( )
Wrote model in xml format to /home/alex/work/alex/data/8/gamma2phos.xml.
Running NFsim on hop0.usrc.newmexicoconsortium.org
full command: /home/alex/work/BioNetGen-2.2.6-stable/bin/NFsim -xml /home/alex/work/alex/data/8/gamma2phos.xml -o /home/alex/work/alex/data/8/gamma2phos.gdat -sim 360 -oSteps 6 -ss /home/alex/work/alex/data/8/gamma2phos.species -gml 200000000 -cb
[simulation PID is: 11463]
starting NFsim v1.11...

reading xml file (/home/alex/work/alex/data/8/gamma2phos.xml)  
	[-------]
preparing simulation...



Equilibrating for :0s.  Please wait.

simulating system for: 3.600000e+02 second(s).

Sim time: 0.000000e+00	CPU time (total): 4.700000e-05s	 events (step): 0
Sim time: 6.000000e+01	CPU time (total): 5.438925e+01s	 events (step): 4369658
Sim time: 1.200000e+02	CPU time (total): 1.217727e+02s	 events (step): 4312398
Sim time: 1.800000e+02	CPU time (total): 1.880764e+02s	 events (step): 3955762
Sim time: 2.400000e+02	CPU time (total): 2.562911e+02s	 events (step): 3789925
Sim time: 3.000000e+02	CPU time (total): 3.262890e+02s	 events (step): 3705492
Sim time: 3.600000e+02	CPU time (total): 3.978285e+02s	 events (step): 3662807

   You just simulated 23796043 reactions in 3.978285e+02s
   ( 5.981482e+04 reactions/sec, 1.671826e-05 CPU seconds/event )
   Null events: 0   (1.671826e-05 CPU seconds/non-null event )


saving list of final molecular species...

done.  Total CPU time: 399.197s

SpeciesLabel max molecule threshold set to 20.
WARNING: Species with more than 20 molecules will be labeled with the Quasi method.
readNFspecies::Reading from file /home/alex/work/alex/data/8/gamma2phos.species
Read 80 unique species of 115 total.
SpeciesLabel max molecule threshold set to 0.
  (all species will be labeled with the Auto method)
CPU TIME: simulate_nf 399.50 s.
Finished processing file gamma2phos.bngl.
CPU TIME: total 399.99 s.
