BioNetGen version 2.2.6
Reading from file gamma2phos.bngl (level 0)
Read 39 parameters.
Read 5 molecule types.
Read 5 species.
Read 9 observable(s).
Read 67 reaction rule(s).
ACTION: simulate_nf( )
Wrote model in xml format to /home/alex/work/alex/data/9/gamma2phos.xml.
Running NFsim on hop0.usrc.newmexicoconsortium.org
full command: /home/alex/work/BioNetGen-2.2.6-stable/bin/NFsim -xml /home/alex/work/alex/data/9/gamma2phos.xml -o /home/alex/work/alex/data/9/gamma2phos.gdat -sim 360 -oSteps 6 -gml 200000000 -cb -ss /home/alex/work/alex/data/9/gamma2phos.species
[simulation PID is: 11353]
starting NFsim v1.11...

reading xml file (/home/alex/work/alex/data/9/gamma2phos.xml)  
	[-------]
preparing simulation...



Equilibrating for :0s.  Please wait.

simulating system for: 3.600000e+02 second(s).

Sim time: 0.000000e+00	CPU time (total): 7.300000e-05s	 events (step): 0
Sim time: 6.000000e+01	CPU time (total): 1.063784e+02s	 events (step): 4366785
Sim time: 1.200000e+02	CPU time (total): 2.319887e+02s	 events (step): 4242724
Sim time: 1.800000e+02	CPU time (total): 3.594698e+02s	 events (step): 3971995
Sim time: 2.400000e+02	CPU time (total): 4.428707e+02s	 events (step): 3760266
Sim time: 3.000000e+02	CPU time (total): 5.073717e+02s	 events (step): 3670637
Sim time: 3.600000e+02	CPU time (total): 5.735991e+02s	 events (step): 3622607

   You just simulated 23635015 reactions in 5.735991e+02s
   ( 4.120476e+04 reactions/sec, 2.426904e-05 CPU seconds/event )
   Null events: 0   (2.426904e-05 CPU seconds/non-null event )


saving list of final molecular species...

done.  Total CPU time: 575.384s

SpeciesLabel max molecule threshold set to 20.
WARNING: Species with more than 20 molecules will be labeled with the Quasi method.
readNFspecies::Reading from file /home/alex/work/alex/data/9/gamma2phos.species
Read 95 unique species of 135 total.
SpeciesLabel max molecule threshold set to 0.
  (all species will be labeled with the Auto method)
CPU TIME: simulate_nf 575.70 s.
Finished processing file gamma2phos.bngl.
CPU TIME: total 576.16 s.
