BioNetGen version 2.2.6
Reading from file gamma2both.bngl (level 0)
Read 40 parameters.
Read 5 molecule types.
Read 5 species.
Read 9 observable(s).
Read 68 reaction rule(s).
ACTION: simulate_nf( )
Wrote model in xml format to /home/alex/work/alex/data/4/gamma2both.xml.
Running NFsim on hop0.usrc.newmexicoconsortium.org
full command: /home/alex/work/BioNetGen-2.2.6-stable/bin/NFsim -xml /home/alex/work/alex/data/4/gamma2both.xml -o /home/alex/work/alex/data/4/gamma2both.gdat -sim 1200 -oSteps 100 -cb -ss /home/alex/work/alex/data/4/gamma2both.species -gml 200000000
[simulation PID is: 8292]
starting NFsim v1.11...

reading xml file (/home/alex/work/alex/data/4/gamma2both.xml)  
	[-------]
preparing simulation...



Equilibrating for :0s.  Please wait.

simulating system for: 1.200000e+03 second(s).

Sim time: 0.000000e+00	CPU time (total): 5.700000e-05s	 events (step): 0
Sim time: 1.200000e+01	CPU time (total): 6.206056e+00s	 events (step): 771790
Sim time: 2.400000e+01	CPU time (total): 1.672302e+01s	 events (step): 851251
Sim time: 3.600000e+01	CPU time (total): 2.945833e+01s	 events (step): 885964
Sim time: 4.800000e+01	CPU time (total): 4.218254e+01s	 events (step): 865199
Sim time: 6.000000e+01	CPU time (total): 5.489573e+01s	 events (step): 841891
Sim time: 7.200000e+01	CPU time (total): 6.762368e+01s	 events (step): 821570
Sim time: 8.400000e+01	CPU time (total): 7.993133e+01s	 events (step): 789100
Sim time: 9.600000e+01	CPU time (total): 9.236601e+01s	 events (step): 775514
Sim time: 1.080000e+02	CPU time (total): 1.047292e+02s	 events (step): 755343
Sim time: 1.200000e+02	CPU time (total): 1.166029e+02s	 events (step): 731387
Sim time: 1.320000e+02	CPU time (total): 1.282596e+02s	 events (step): 711639
Sim time: 1.440000e+02	CPU time (total): 1.400461e+02s	 events (step): 700696
Sim time: 1.560000e+02	CPU time (total): 1.517500e+02s	 events (step): 685050
Sim time: 1.680000e+02	CPU time (total): 1.633127e+02s	 events (step): 669937
Sim time: 1.800000e+02	CPU time (total): 1.746019e+02s	 events (step): 651151
Sim time: 1.920000e+02	CPU time (total): 1.855476e+02s	 events (step): 632680
Sim time: 2.040000e+02	CPU time (total): 1.964308e+02s	 events (step): 620883
Sim time: 2.160000e+02	CPU time (total): 2.072385e+02s	 events (step): 610117
Sim time: 2.280000e+02	CPU time (total): 2.180133e+02s	 events (step): 599534
Sim time: 2.400000e+02	CPU time (total): 2.288083e+02s	 events (step): 591341
Sim time: 2.520000e+02	CPU time (total): 2.393601e+02s	 events (step): 577028
Sim time: 2.640000e+02	CPU time (total): 2.497611e+02s	 events (step): 563000
Sim time: 2.760000e+02	CPU time (total): 2.602472e+02s	 events (step): 559132
Sim time: 2.880000e+02	CPU time (total): 2.707445e+02s	 events (step): 554788
Sim time: 3.000000e+02	CPU time (total): 2.811168e+02s	 events (step): 543686
Sim time: 3.120000e+02	CPU time (total): 2.915351e+02s	 events (step): 540513
Sim time: 3.240000e+02	CPU time (total): 3.017507e+02s	 events (step): 530849
Sim time: 3.360000e+02	CPU time (total): 3.118744e+02s	 events (step): 523380
Sim time: 3.480000e+02	CPU time (total): 3.215929e+02s	 events (step): 505520
Sim time: 3.600000e+02	CPU time (total): 3.312968e+02s	 events (step): 501369
Sim time: 3.720000e+02	CPU time (total): 3.408538e+02s	 events (step): 494096
Sim time: 3.840000e+02	CPU time (total): 3.502858e+02s	 events (step): 484945
Sim time: 3.960000e+02	CPU time (total): 3.596400e+02s	 events (step): 480717
Sim time: 4.080000e+02	CPU time (total): 3.687461e+02s	 events (step): 469321
Sim time: 4.200000e+02	CPU time (total): 3.780709e+02s	 events (step): 471676
Sim time: 4.320000e+02	CPU time (total): 3.871299e+02s	 events (step): 459760
Sim time: 4.440000e+02	CPU time (total): 3.959755e+02s	 events (step): 449826
Sim time: 4.560000e+02	CPU time (total): 4.047422e+02s	 events (step): 442018
Sim time: 4.680000e+02	CPU time (total): 4.135272e+02s	 events (step): 442029
Sim time: 4.800000e+02	CPU time (total): 4.222568e+02s	 events (step): 437254
Sim time: 4.920000e+02	CPU time (total): 4.308645e+02s	 events (step): 433118
Sim time: 5.040000e+02	CPU time (total): 4.393562e+02s	 events (step): 424667
Sim time: 5.160000e+02	CPU time (total): 4.477235e+02s	 events (step): 418242
Sim time: 5.280000e+02	CPU time (total): 4.559451e+02s	 events (step): 411973
Sim time: 5.400000e+02	CPU time (total): 4.638827e+02s	 events (step): 399701
Sim time: 5.520000e+02	CPU time (total): 4.717861e+02s	 events (step): 396252
Sim time: 5.640000e+02	CPU time (total): 4.798190e+02s	 events (step): 398646
Sim time: 5.760000e+02	CPU time (total): 4.875115e+02s	 events (step): 385344
Sim time: 5.880000e+02	CPU time (total): 4.952242e+02s	 events (step): 383460
Sim time: 6.000000e+02	CPU time (total): 5.027700e+02s	 events (step): 376952
Sim time: 6.120000e+02	CPU time (total): 5.101754e+02s	 events (step): 370551
Sim time: 6.240000e+02	CPU time (total): 5.175083e+02s	 events (step): 366045
Sim time: 6.360000e+02	CPU time (total): 5.248029e+02s	 events (step): 363099
Sim time: 6.480000e+02	CPU time (total): 5.320222e+02s	 events (step): 358220
Sim time: 6.600000e+02	CPU time (total): 5.391916e+02s	 events (step): 353706
Sim time: 6.720000e+02	CPU time (total): 5.462530e+02s	 events (step): 346657
Sim time: 6.840000e+02	CPU time (total): 5.531309e+02s	 events (step): 340895
Sim time: 6.960000e+02	CPU time (total): 5.599647e+02s	 events (step): 337000
Sim time: 7.080000e+02	CPU time (total): 5.666150e+02s	 events (step): 330974
Sim time: 7.200000e+02	CPU time (total): 5.731247e+02s	 events (step): 324135
Sim time: 7.320000e+02	CPU time (total): 5.797052e+02s	 events (step): 324558
Sim time: 7.440000e+02	CPU time (total): 5.860612e+02s	 events (step): 317194
Sim time: 7.560000e+02	CPU time (total): 5.925831e+02s	 events (step): 319763
Sim time: 7.680000e+02	CPU time (total): 5.990027e+02s	 events (step): 315176
Sim time: 7.800000e+02	CPU time (total): 6.053507e+02s	 events (step): 312885
Sim time: 7.920000e+02	CPU time (total): 6.115544e+02s	 events (step): 305347
Sim time: 8.040000e+02	CPU time (total): 6.176723e+02s	 events (step): 301064
Sim time: 8.160000e+02	CPU time (total): 6.236551e+02s	 events (step): 295788
Sim time: 8.280000e+02	CPU time (total): 6.296647e+02s	 events (step): 293771
Sim time: 8.400000e+02	CPU time (total): 6.355049e+02s	 events (step): 286905
Sim time: 8.520000e+02	CPU time (total): 6.412934e+02s	 events (step): 283560
Sim time: 8.640000e+02	CPU time (total): 6.471679e+02s	 events (step): 284212
Sim time: 8.760000e+02	CPU time (total): 6.528467e+02s	 events (step): 277243
Sim time: 8.880000e+02	CPU time (total): 6.584694e+02s	 events (step): 273617
Sim time: 9.000000e+02	CPU time (total): 6.640663e+02s	 events (step): 271616
Sim time: 9.120000e+02	CPU time (total): 6.695709e+02s	 events (step): 269120
Sim time: 9.240000e+02	CPU time (total): 6.749650e+02s	 events (step): 264414
Sim time: 9.360000e+02	CPU time (total): 6.804191e+02s	 events (step): 264767
Sim time: 9.480000e+02	CPU time (total): 6.898235e+02s	 events (step): 255337
Sim time: 9.600000e+02	CPU time (total): 6.992638e+02s	 events (step): 253090
Sim time: 9.720000e+02	CPU time (total): 7.084612e+02s	 events (step): 248169
Sim time: 9.840000e+02	CPU time (total): 7.171825e+02s	 events (step): 237716
Sim time: 9.960000e+02	CPU time (total): 7.258910e+02s	 events (step): 236315
Sim time: 1.008000e+03	CPU time (total): 7.343126e+02s	 events (step): 231017
Sim time: 1.020000e+03	CPU time (total): 7.424364e+02s	 events (step): 223418
Sim time: 1.032000e+03	CPU time (total): 7.508316e+02s	 events (step): 226364
Sim time: 1.044000e+03	CPU time (total): 7.590094e+02s	 events (step): 222685
Sim time: 1.056000e+03	CPU time (total): 7.671444e+02s	 events (step): 221969
Sim time: 1.068000e+03	CPU time (total): 7.750251e+02s	 events (step): 216574
Sim time: 1.080000e+03	CPU time (total): 7.815797e+02s	 events (step): 212630
Sim time: 1.092000e+03	CPU time (total): 7.857696e+02s	 events (step): 210166
Sim time: 1.104000e+03	CPU time (total): 7.900159e+02s	 events (step): 209485
Sim time: 1.116000e+03	CPU time (total): 7.942025e+02s	 events (step): 207025
Sim time: 1.128000e+03	CPU time (total): 7.982826e+02s	 events (step): 203775
Sim time: 1.140000e+03	CPU time (total): 8.023811e+02s	 events (step): 203631
Sim time: 1.152000e+03	CPU time (total): 8.062341e+02s	 events (step): 194026
Sim time: 1.164000e+03	CPU time (total): 8.101390e+02s	 events (step): 194925
Sim time: 1.176000e+03	CPU time (total): 8.139333e+02s	 events (step): 190412
Sim time: 1.188000e+03	CPU time (total): 8.176685e+02s	 events (step): 187192
Sim time: 1.200000e+03	CPU time (total): 8.212060e+02s	 events (step): 181105

   You just simulated 42140608 reactions in 8.212060e+02s
   ( 5.131551e+04 reactions/sec, 1.948728e-05 CPU seconds/event )
   Null events: 0   (1.948728e-05 CPU seconds/non-null event )


saving list of final molecular species...

done.  Total CPU time: 822.53s

SpeciesLabel max molecule threshold set to 20.
WARNING: Species with more than 20 molecules will be labeled with the Quasi method.
readNFspecies::Reading from file /home/alex/work/alex/data/4/gamma2both.species
Read 51 unique species of 77 total.
SpeciesLabel max molecule threshold set to 0.
  (all species will be labeled with the Auto method)
CPU TIME: simulate_nf 822.70 s.
Finished processing file gamma2both.bngl.
CPU TIME: total 822.97 s.
