BioNetGen version 2.2.6
Reading from file gamma2both.bngl (level 0)
Read 40 parameters.
Read 5 molecule types.
Read 5 species.
Read 9 observable(s).
Read 68 reaction rule(s).
ACTION: simulate_nf( )
Wrote model in xml format to /home/alex/work/alex/data/5/gamma2both.xml.
Running NFsim on hop0.usrc.newmexicoconsortium.org
full command: /home/alex/work/BioNetGen-2.2.6-stable/bin/NFsim -xml /home/alex/work/alex/data/5/gamma2both.xml -o /home/alex/work/alex/data/5/gamma2both.gdat -sim 1200 -oSteps 100 -gml 200000000 -ss /home/alex/work/alex/data/5/gamma2both.species -cb
[simulation PID is: 7543]
starting NFsim v1.11...

reading xml file (/home/alex/work/alex/data/5/gamma2both.xml)  
	[-------]
preparing simulation...



Equilibrating for :0s.  Please wait.

simulating system for: 1.200000e+03 second(s).

Sim time: 0.000000e+00	CPU time (total): 6.300000e-05s	 events (step): 0
Sim time: 1.200000e+01	CPU time (total): 1.107649e+01s	 events (step): 776166
Sim time: 2.400000e+01	CPU time (total): 3.150608e+01s	 events (step): 863104
Sim time: 3.600000e+01	CPU time (total): 4.809206e+01s	 events (step): 889693
Sim time: 4.800000e+01	CPU time (total): 6.195880e+01s	 events (step): 892408
Sim time: 6.000000e+01	CPU time (total): 7.555574e+01s	 events (step): 866110
Sim time: 7.200000e+01	CPU time (total): 8.945293e+01s	 events (step): 855573
Sim time: 8.400000e+01	CPU time (total): 1.032158e+02s	 events (step): 829758
Sim time: 9.600000e+01	CPU time (total): 1.163343e+02s	 events (step): 797695
Sim time: 1.080000e+02	CPU time (total): 1.291609e+02s	 events (step): 772636
Sim time: 1.200000e+02	CPU time (total): 1.421997e+02s	 events (step): 761487
Sim time: 1.320000e+02	CPU time (total): 1.545761e+02s	 events (step): 727046
Sim time: 1.440000e+02	CPU time (total): 1.671821e+02s	 events (step): 718634
Sim time: 1.560000e+02	CPU time (total): 1.797017e+02s	 events (step): 704190
Sim time: 1.680000e+02	CPU time (total): 1.918020e+02s	 events (step): 680563
Sim time: 1.800000e+02	CPU time (total): 2.037396e+02s	 events (step): 663209
Sim time: 1.920000e+02	CPU time (total): 2.153550e+02s	 events (step): 643237
Sim time: 2.040000e+02	CPU time (total): 2.269598e+02s	 events (step): 631822
Sim time: 2.160000e+02	CPU time (total): 2.386377e+02s	 events (step): 621018
Sim time: 2.280000e+02	CPU time (total): 2.498255e+02s	 events (step): 598736
Sim time: 2.400000e+02	CPU time (total): 2.611960e+02s	 events (step): 595543
Sim time: 2.520000e+02	CPU time (total): 2.723665e+02s	 events (step): 581583
Sim time: 2.640000e+02	CPU time (total): 2.834538e+02s	 events (step): 572175
Sim time: 2.760000e+02	CPU time (total): 2.943960e+02s	 events (step): 559751
Sim time: 2.880000e+02	CPU time (total): 3.050510e+02s	 events (step): 546579
Sim time: 3.000000e+02	CPU time (total): 3.157478e+02s	 events (step): 543317
Sim time: 3.120000e+02	CPU time (total): 3.261683e+02s	 events (step): 530147
Sim time: 3.240000e+02	CPU time (total): 3.366278e+02s	 events (step): 526858
Sim time: 3.360000e+02	CPU time (total): 3.469250e+02s	 events (step): 516978
Sim time: 3.480000e+02	CPU time (total): 3.571708e+02s	 events (step): 509597
Sim time: 3.600000e+02	CPU time (total): 3.672399e+02s	 events (step): 500736
Sim time: 3.720000e+02	CPU time (total): 3.771183e+02s	 events (step): 490729
Sim time: 3.840000e+02	CPU time (total): 3.870567e+02s	 events (step): 490081
Sim time: 3.960000e+02	CPU time (total): 3.970871e+02s	 events (step): 488179
Sim time: 4.080000e+02	CPU time (total): 4.069495e+02s	 events (step): 480032
Sim time: 4.200000e+02	CPU time (total): 4.165240e+02s	 events (step): 467698
Sim time: 4.320000e+02	CPU time (total): 4.261693e+02s	 events (step): 465646
Sim time: 4.440000e+02	CPU time (total): 4.354614e+02s	 events (step): 452339
Sim time: 4.560000e+02	CPU time (total): 4.446333e+02s	 events (step): 445341
Sim time: 4.680000e+02	CPU time (total): 4.537662e+02s	 events (step): 439932
Sim time: 4.800000e+02	CPU time (total): 4.628263e+02s	 events (step): 434646
Sim time: 4.920000e+02	CPU time (total): 4.717251e+02s	 events (step): 427809
Sim time: 5.040000e+02	CPU time (total): 4.804050e+02s	 events (step): 420888
Sim time: 5.160000e+02	CPU time (total): 4.890791e+02s	 events (step): 417813
Sim time: 5.280000e+02	CPU time (total): 4.977108e+02s	 events (step): 412817
Sim time: 5.400000e+02	CPU time (total): 5.061386e+02s	 events (step): 403725
Sim time: 5.520000e+02	CPU time (total): 5.147095e+02s	 events (step): 405186
Sim time: 5.640000e+02	CPU time (total): 5.231109e+02s	 events (step): 396328
Sim time: 5.760000e+02	CPU time (total): 5.312769e+02s	 events (step): 389488
Sim time: 5.880000e+02	CPU time (total): 5.393219e+02s	 events (step): 382489
Sim time: 6.000000e+02	CPU time (total): 5.481136e+02s	 events (step): 381196
Sim time: 6.120000e+02	CPU time (total): 5.621438e+02s	 events (step): 370914
Sim time: 6.240000e+02	CPU time (total): 5.762095e+02s	 events (step): 367202
Sim time: 6.360000e+02	CPU time (total): 5.898920e+02s	 events (step): 359202
Sim time: 6.480000e+02	CPU time (total): 6.032040e+02s	 events (step): 352918
Sim time: 6.600000e+02	CPU time (total): 6.163157e+02s	 events (step): 347087
Sim time: 6.720000e+02	CPU time (total): 6.294391e+02s	 events (step): 343781
Sim time: 6.840000e+02	CPU time (total): 6.422350e+02s	 events (step): 338488
Sim time: 6.960000e+02	CPU time (total): 6.552058e+02s	 events (step): 337198
Sim time: 7.080000e+02	CPU time (total): 6.677427e+02s	 events (step): 328514
Sim time: 7.200000e+02	CPU time (total): 6.802037e+02s	 events (step): 325774
Sim time: 7.320000e+02	CPU time (total): 6.924552e+02s	 events (step): 322236
Sim time: 7.440000e+02	CPU time (total): 7.043609e+02s	 events (step): 313949
Sim time: 7.560000e+02	CPU time (total): 7.163268e+02s	 events (step): 314380
Sim time: 7.680000e+02	CPU time (total): 7.280417e+02s	 events (step): 308471
Sim time: 7.800000e+02	CPU time (total): 7.395405e+02s	 events (step): 303657
Sim time: 7.920000e+02	CPU time (total): 7.508698e+02s	 events (step): 299903
Sim time: 8.040000e+02	CPU time (total): 7.622993e+02s	 events (step): 299835
Sim time: 8.160000e+02	CPU time (total): 7.728313e+02s	 events (step): 292866
Sim time: 8.280000e+02	CPU time (total): 7.787315e+02s	 events (step): 291672
Sim time: 8.400000e+02	CPU time (total): 7.845650e+02s	 events (step): 288266
Sim time: 8.520000e+02	CPU time (total): 7.901647e+02s	 events (step): 282499
Sim time: 8.640000e+02	CPU time (total): 7.956112e+02s	 events (step): 275511
Sim time: 8.760000e+02	CPU time (total): 8.011160e+02s	 events (step): 274946
Sim time: 8.880000e+02	CPU time (total): 8.063641e+02s	 events (step): 267357
Sim time: 9.000000e+02	CPU time (total): 8.114848e+02s	 events (step): 261157
Sim time: 9.120000e+02	CPU time (total): 8.164817e+02s	 events (step): 257465
Sim time: 9.240000e+02	CPU time (total): 8.214305e+02s	 events (step): 254782
Sim time: 9.360000e+02	CPU time (total): 8.264414e+02s	 events (step): 254114
Sim time: 9.480000e+02	CPU time (total): 8.312590e+02s	 events (step): 246722
Sim time: 9.600000e+02	CPU time (total): 8.361074e+02s	 events (step): 246253
Sim time: 9.720000e+02	CPU time (total): 8.407951e+02s	 events (step): 240811
Sim time: 9.840000e+02	CPU time (total): 8.454466e+02s	 events (step): 237574
Sim time: 9.960000e+02	CPU time (total): 8.498794e+02s	 events (step): 229239
Sim time: 1.008000e+03	CPU time (total): 8.542993e+02s	 events (step): 227164
Sim time: 1.020000e+03	CPU time (total): 8.587791e+02s	 events (step): 227826
Sim time: 1.032000e+03	CPU time (total): 8.631132e+02s	 events (step): 220553
Sim time: 1.044000e+03	CPU time (total): 8.672553e+02s	 events (step): 215071
Sim time: 1.056000e+03	CPU time (total): 8.714593e+02s	 events (step): 215520
Sim time: 1.068000e+03	CPU time (total): 8.756467e+02s	 events (step): 213312
Sim time: 1.080000e+03	CPU time (total): 8.795882e+02s	 events (step): 204377
Sim time: 1.092000e+03	CPU time (total): 8.834415e+02s	 events (step): 200520
Sim time: 1.104000e+03	CPU time (total): 8.872536e+02s	 events (step): 197335
Sim time: 1.116000e+03	CPU time (total): 8.909736e+02s	 events (step): 193521
Sim time: 1.128000e+03	CPU time (total): 8.946638e+02s	 events (step): 190408
Sim time: 1.140000e+03	CPU time (total): 8.981477e+02s	 events (step): 184255
Sim time: 1.152000e+03	CPU time (total): 9.016825e+02s	 events (step): 184552
Sim time: 1.164000e+03	CPU time (total): 9.050735e+02s	 events (step): 179177
Sim time: 1.176000e+03	CPU time (total): 9.084571e+02s	 events (step): 176474
Sim time: 1.188000e+03	CPU time (total): 9.117927e+02s	 events (step): 173888
Sim time: 1.200000e+03	CPU time (total): 9.149455e+02s	 events (step): 167118

   You just simulated 42174526 reactions in 9.149455e+02s
   ( 4.609512e+04 reactions/sec, 2.169427e-05 CPU seconds/event )
   Null events: 0   (2.169427e-05 CPU seconds/non-null event )


saving list of final molecular species...

done.  Total CPU time: 916.4s

SpeciesLabel max molecule threshold set to 20.
WARNING: Species with more than 20 molecules will be labeled with the Quasi method.
readNFspecies::Reading from file /home/alex/work/alex/data/5/gamma2both.species
Read 45 unique species of 68 total.
SpeciesLabel max molecule threshold set to 0.
  (all species will be labeled with the Auto method)
CPU TIME: simulate_nf 916.65 s.
Finished processing file gamma2both.bngl.
CPU TIME: total 916.91 s.
