BioNetGen version 2.2.6
Reading from file gamma2both.bngl (level 0)
Read 40 parameters.
Read 5 molecule types.
Read 5 species.
Read 9 observable(s).
Read 68 reaction rule(s).
ACTION: simulate_nf( )
Wrote model in xml format to /home/alex/work/alex/data/7/gamma2both.xml.
Running NFsim on hop0.usrc.newmexicoconsortium.org
full command: /home/alex/work/BioNetGen-2.2.6-stable/bin/NFsim -xml /home/alex/work/alex/data/7/gamma2both.xml -o /home/alex/work/alex/data/7/gamma2both.gdat -sim 1200 -oSteps 100 -gml 200000000 -ss /home/alex/work/alex/data/7/gamma2both.species -cb
[simulation PID is: 8003]
starting NFsim v1.11...

reading xml file (/home/alex/work/alex/data/7/gamma2both.xml)  
	[-------]
preparing simulation...



Equilibrating for :0s.  Please wait.

simulating system for: 1.200000e+03 second(s).

Sim time: 0.000000e+00	CPU time (total): 6.400000e-05s	 events (step): 0
Sim time: 1.200000e+01	CPU time (total): 1.037582e+01s	 events (step): 743135
Sim time: 2.400000e+01	CPU time (total): 2.766957e+01s	 events (step): 763121
Sim time: 3.600000e+01	CPU time (total): 4.589651e+01s	 events (step): 714227
Sim time: 4.800000e+01	CPU time (total): 6.437157e+01s	 events (step): 670112
Sim time: 6.000000e+01	CPU time (total): 8.109896e+01s	 events (step): 606652
Sim time: 7.200000e+01	CPU time (total): 9.719632e+01s	 events (step): 558088
Sim time: 8.400000e+01	CPU time (total): 1.093860e+02s	 events (step): 485650
Sim time: 9.600000e+01	CPU time (total): 1.152431e+02s	 events (step): 422019
Sim time: 1.080000e+02	CPU time (total): 1.199348e+02s	 events (step): 368571
Sim time: 1.200000e+02	CPU time (total): 1.243125e+02s	 events (step): 334269
Sim time: 1.320000e+02	CPU time (total): 1.278948e+02s	 events (step): 288889
Sim time: 1.440000e+02	CPU time (total): 1.313144e+02s	 events (step): 264575
Sim time: 1.560000e+02	CPU time (total): 1.341566e+02s	 events (step): 230136
Sim time: 1.680000e+02	CPU time (total): 1.368114e+02s	 events (step): 210397
Sim time: 1.800000e+02	CPU time (total): 1.391037e+02s	 events (step): 186852
Sim time: 1.920000e+02	CPU time (total): 1.411224e+02s	 events (step): 165775
Sim time: 2.040000e+02	CPU time (total): 1.429149e+02s	 events (step): 147588
Sim time: 2.160000e+02	CPU time (total): 1.444533e+02s	 events (step): 128778
Sim time: 2.280000e+02	CPU time (total): 1.457460e+02s	 events (step): 112697
Sim time: 2.400000e+02	CPU time (total): 1.469471e+02s	 events (step): 102009
Sim time: 2.520000e+02	CPU time (total): 1.479001e+02s	 events (step): 87239
Sim time: 2.640000e+02	CPU time (total): 1.488456e+02s	 events (step): 81845
Sim time: 2.760000e+02	CPU time (total): 1.496886e+02s	 events (step): 72707
Sim time: 2.880000e+02	CPU time (total): 1.503923e+02s	 events (step): 63994
Sim time: 3.000000e+02	CPU time (total): 1.510708e+02s	 events (step): 60919
Sim time: 3.120000e+02	CPU time (total): 1.517120e+02s	 events (step): 54776
Sim time: 3.240000e+02	CPU time (total): 1.523185e+02s	 events (step): 49899
Sim time: 3.360000e+02	CPU time (total): 1.527786e+02s	 events (step): 40932
Sim time: 3.480000e+02	CPU time (total): 1.531894e+02s	 events (step): 36049
Sim time: 3.600000e+02	CPU time (total): 1.535624e+02s	 events (step): 31748
Sim time: 3.720000e+02	CPU time (total): 1.538947e+02s	 events (step): 28757
Sim time: 3.840000e+02	CPU time (total): 1.541642e+02s	 events (step): 25087
Sim time: 3.960000e+02	CPU time (total): 1.544004e+02s	 events (step): 22035
Sim time: 4.080000e+02	CPU time (total): 1.546252e+02s	 events (step): 19498
Sim time: 4.200000e+02	CPU time (total): 1.548108e+02s	 events (step): 16614
Sim time: 4.320000e+02	CPU time (total): 1.549912e+02s	 events (step): 15709
Sim time: 4.440000e+02	CPU time (total): 1.551406e+02s	 events (step): 13847
Sim time: 4.560000e+02	CPU time (total): 1.552814e+02s	 events (step): 12767
Sim time: 4.680000e+02	CPU time (total): 1.554055e+02s	 events (step): 11499
Sim time: 4.800000e+02	CPU time (total): 1.555023e+02s	 events (step): 9457
Sim time: 4.920000e+02	CPU time (total): 1.555904e+02s	 events (step): 8519
Sim time: 5.040000e+02	CPU time (total): 1.556485e+02s	 events (step): 7154
Sim time: 5.160000e+02	CPU time (total): 1.557184e+02s	 events (step): 6834
Sim time: 5.280000e+02	CPU time (total): 1.557718e+02s	 events (step): 6227
Sim time: 5.400000e+02	CPU time (total): 1.558264e+02s	 events (step): 5748
Sim time: 5.520000e+02	CPU time (total): 1.558709e+02s	 events (step): 4929
Sim time: 5.640000e+02	CPU time (total): 1.559214e+02s	 events (step): 4602
Sim time: 5.760000e+02	CPU time (total): 1.559827e+02s	 events (step): 4667
Sim time: 5.880000e+02	CPU time (total): 1.560477e+02s	 events (step): 4541
Sim time: 6.000000e+02	CPU time (total): 1.560974e+02s	 events (step): 3855
Sim time: 6.120000e+02	CPU time (total): 1.561296e+02s	 events (step): 3087
Sim time: 6.240000e+02	CPU time (total): 1.561613e+02s	 events (step): 3039
Sim time: 6.360000e+02	CPU time (total): 1.561863e+02s	 events (step): 2616
Sim time: 6.480000e+02	CPU time (total): 1.562127e+02s	 events (step): 2381
Sim time: 6.600000e+02	CPU time (total): 1.562400e+02s	 events (step): 2240
Sim time: 6.720000e+02	CPU time (total): 1.562521e+02s	 events (step): 1513
Sim time: 6.840000e+02	CPU time (total): 1.562636e+02s	 events (step): 1471
Sim time: 6.960000e+02	CPU time (total): 1.562702e+02s	 events (step): 894
Sim time: 7.080000e+02	CPU time (total): 1.562722e+02s	 events (step): 477
Sim time: 7.200000e+02	CPU time (total): 1.562740e+02s	 events (step): 420
Sim time: 7.320000e+02	CPU time (total): 1.562759e+02s	 events (step): 455
Sim time: 7.440000e+02	CPU time (total): 1.562779e+02s	 events (step): 453
Sim time: 7.560000e+02	CPU time (total): 1.562796e+02s	 events (step): 422
Sim time: 7.680000e+02	CPU time (total): 1.562814e+02s	 events (step): 410
Sim time: 7.800000e+02	CPU time (total): 1.562834e+02s	 events (step): 485
Sim time: 7.920000e+02	CPU time (total): 1.562850e+02s	 events (step): 374
Sim time: 8.040000e+02	CPU time (total): 1.562865e+02s	 events (step): 340
Sim time: 8.160000e+02	CPU time (total): 1.562878e+02s	 events (step): 311
Sim time: 8.280000e+02	CPU time (total): 1.562889e+02s	 events (step): 267
Sim time: 8.400000e+02	CPU time (total): 1.562902e+02s	 events (step): 305
Sim time: 8.520000e+02	CPU time (total): 1.562915e+02s	 events (step): 298
Sim time: 8.640000e+02	CPU time (total): 1.562928e+02s	 events (step): 301
Sim time: 8.760000e+02	CPU time (total): 1.562941e+02s	 events (step): 310
Sim time: 8.880000e+02	CPU time (total): 1.562954e+02s	 events (step): 314
Sim time: 9.000000e+02	CPU time (total): 1.562968e+02s	 events (step): 317
Sim time: 9.120000e+02	CPU time (total): 1.562981e+02s	 events (step): 324
Sim time: 9.240000e+02	CPU time (total): 1.562994e+02s	 events (step): 313
Sim time: 9.360000e+02	CPU time (total): 1.563008e+02s	 events (step): 323
Sim time: 9.480000e+02	CPU time (total): 1.563021e+02s	 events (step): 307
Sim time: 9.600000e+02	CPU time (total): 1.563033e+02s	 events (step): 287
Sim time: 9.720000e+02	CPU time (total): 1.563046e+02s	 events (step): 298
Sim time: 9.840000e+02	CPU time (total): 1.563059e+02s	 events (step): 316
Sim time: 9.960000e+02	CPU time (total): 1.563072e+02s	 events (step): 291
Sim time: 1.008000e+03	CPU time (total): 1.563084e+02s	 events (step): 296
Sim time: 1.020000e+03	CPU time (total): 1.563096e+02s	 events (step): 280
Sim time: 1.032000e+03	CPU time (total): 1.563109e+02s	 events (step): 302
Sim time: 1.044000e+03	CPU time (total): 1.563121e+02s	 events (step): 271
Sim time: 1.056000e+03	CPU time (total): 1.563133e+02s	 events (step): 282
Sim time: 1.068000e+03	CPU time (total): 1.563148e+02s	 events (step): 305
Sim time: 1.080000e+03	CPU time (total): 1.563155e+02s	 events (step): 147
Sim time: 1.092000e+03	CPU time (total): 1.563162e+02s	 events (step): 169
Sim time: 1.104000e+03	CPU time (total): 1.563169e+02s	 events (step): 157
Sim time: 1.116000e+03	CPU time (total): 1.563176e+02s	 events (step): 170
Sim time: 1.128000e+03	CPU time (total): 1.563182e+02s	 events (step): 146
Sim time: 1.140000e+03	CPU time (total): 1.563189e+02s	 events (step): 153
Sim time: 1.152000e+03	CPU time (total): 1.563195e+02s	 events (step): 150
Sim time: 1.164000e+03	CPU time (total): 1.563201e+02s	 events (step): 139
Sim time: 1.176000e+03	CPU time (total): 1.563207e+02s	 events (step): 132
Sim time: 1.188000e+03	CPU time (total): 1.563214e+02s	 events (step): 173
Sim time: 1.200000e+03	CPU time (total): 1.563219e+02s	 events (step): 100

   You just simulated 8345325 reactions in 1.563219e+02s
   ( 5.338552e+04 reactions/sec, 1.873167e-05 CPU seconds/event )
   Null events: 0   (1.873167e-05 CPU seconds/non-null event )


saving list of final molecular species...

done.  Total CPU time: 157.997s

SpeciesLabel max molecule threshold set to 20.
WARNING: Species with more than 20 molecules will be labeled with the Quasi method.
readNFspecies::Reading from file /home/alex/work/alex/data/7/gamma2both.species
Read 0 unique species of 4 total.
SpeciesLabel max molecule threshold set to 0.
  (all species will be labeled with the Auto method)
CPU TIME: simulate_nf 158.10 s.
Finished processing file gamma2both.bngl.
CPU TIME: total 158.58 s.
