BioNetGen version 2.2.6
Reading from file gamma2phos.bngl (level 0)
Read 39 parameters.
Read 5 molecule types.
Read 5 species.
Read 9 observable(s).
Read 67 reaction rule(s).
ACTION: simulate_nf( )
Wrote model in xml format to /home/alex/work/alex/data/1/gamma2phos.xml.
Running NFsim on hop0.usrc.newmexicoconsortium.org
full command: /home/alex/work/BioNetGen-2.2.6-stable/bin/NFsim -xml /home/alex/work/alex/data/1/gamma2phos.xml -o /home/alex/work/alex/data/1/gamma2phos.gdat -sim 360 -oSteps 6 -gml 200000000 -ss /home/alex/work/alex/data/1/gamma2phos.species -cb
[simulation PID is: 11243]
starting NFsim v1.11...

reading xml file (/home/alex/work/alex/data/1/gamma2phos.xml)  
	[-------]
preparing simulation...



Equilibrating for :0s.  Please wait.

simulating system for: 3.600000e+02 second(s).

Sim time: 0.000000e+00	CPU time (total): 6.500000e-05s	 events (step): 0
Sim time: 6.000000e+01	CPU time (total): 5.829673e+01s	 events (step): 4321028
Sim time: 1.200000e+02	CPU time (total): 1.284517e+02s	 events (step): 4160399
Sim time: 1.800000e+02	CPU time (total): 1.982164e+02s	 events (step): 3841472
Sim time: 2.400000e+02	CPU time (total): 2.708992e+02s	 events (step): 3719111
Sim time: 3.000000e+02	CPU time (total): 3.448600e+02s	 events (step): 3613285
Sim time: 3.600000e+02	CPU time (total): 4.203379e+02s	 events (step): 3588966

   You just simulated 23244262 reactions in 4.203380e+02s
   ( 5.529898e+04 reactions/sec, 1.808352e-05 CPU seconds/event )
   Null events: 0   (1.808352e-05 CPU seconds/non-null event )


saving list of final molecular species...

done.  Total CPU time: 421.654s

SpeciesLabel max molecule threshold set to 20.
WARNING: Species with more than 20 molecules will be labeled with the Quasi method.
readNFspecies::Reading from file /home/alex/work/alex/data/1/gamma2phos.species
Read 103 unique species of 148 total.
SpeciesLabel max molecule threshold set to 0.
  (all species will be labeled with the Auto method)
CPU TIME: simulate_nf 421.93 s.
Finished processing file gamma2phos.bngl.
CPU TIME: total 422.19 s.
