BioNetGen version 2.2.6
Reading from file gamma2both.bngl (level 0)
Read 40 parameters.
Read 5 molecule types.
Read 5 species.
Read 9 observable(s).
Read 68 reaction rule(s).
ACTION: simulate_nf( )
Wrote model in xml format to /home/alex/work/alex/data/1/gamma2both.xml.
Running NFsim on hop0.usrc.newmexicoconsortium.org
full command: /home/alex/work/BioNetGen-2.2.6-stable/bin/NFsim -xml /home/alex/work/alex/data/1/gamma2both.xml -o /home/alex/work/alex/data/1/gamma2both.gdat -sim 360 -oSteps 6 -cb -gml 200000000 -ss /home/alex/work/alex/data/1/gamma2both.species
[simulation PID is: 9833]
starting NFsim v1.11...

reading xml file (/home/alex/work/alex/data/1/gamma2both.xml)  
	[-------]
preparing simulation...



Equilibrating for :0s.  Please wait.

simulating system for: 3.600000e+02 second(s).

Sim time: 0.000000e+00	CPU time (total): 6.500000e-05s	 events (step): 0
Sim time: 6.000000e+01	CPU time (total): 1.105747e+02s	 events (step): 4368053
Sim time: 1.200000e+02	CPU time (total): 2.405694e+02s	 events (step): 4247125
Sim time: 1.800000e+02	CPU time (total): 3.723267e+02s	 events (step): 3989174
Sim time: 2.400000e+02	CPU time (total): 4.558261e+02s	 events (step): 3769307
Sim time: 3.000000e+02	CPU time (total): 5.221489e+02s	 events (step): 3665738
Sim time: 3.600000e+02	CPU time (total): 5.879037e+02s	 events (step): 3537010

   You just simulated 23576408 reactions in 5.879037e+02s
   ( 4.010250e+04 reactions/sec, 2.493610e-05 CPU seconds/event )
   Null events: 0   (2.493610e-05 CPU seconds/non-null event )


saving list of final molecular species...

done.  Total CPU time: 589.466s

SpeciesLabel max molecule threshold set to 20.
WARNING: Species with more than 20 molecules will be labeled with the Quasi method.
readNFspecies::Reading from file /home/alex/work/alex/data/1/gamma2both.species
Read 90 unique species of 129 total.
SpeciesLabel max molecule threshold set to 0.
  (all species will be labeled with the Auto method)
CPU TIME: simulate_nf 589.72 s.
Finished processing file gamma2both.bngl.
CPU TIME: total 589.98 s.
