BioNetGen version 2.2.6
Reading from file gamma2both.bngl (level 0)
Read 40 parameters.
Read 5 molecule types.
Read 5 species.
Read 9 observable(s).
Read 68 reaction rule(s).
ACTION: simulate_nf( )
Wrote model in xml format to /home/alex/work/alex/data/2/gamma2both.xml.
Running NFsim on hop0.usrc.newmexicoconsortium.org
full command: /home/alex/work/BioNetGen-2.2.6-stable/bin/NFsim -xml /home/alex/work/alex/data/2/gamma2both.xml -o /home/alex/work/alex/data/2/gamma2both.gdat -sim 1200 -oSteps 100 -cb -ss /home/alex/work/alex/data/2/gamma2both.species -gml 200000000
[simulation PID is: 7899]
starting NFsim v1.11...

reading xml file (/home/alex/work/alex/data/2/gamma2both.xml)  
	[-------]
preparing simulation...



Equilibrating for :0s.  Please wait.

simulating system for: 1.200000e+03 second(s).

Sim time: 0.000000e+00	CPU time (total): 6.000000e-05s	 events (step): 0
Sim time: 1.200000e+01	CPU time (total): 6.144083e+00s	 events (step): 741633
Sim time: 2.400000e+01	CPU time (total): 1.635364e+01s	 events (step): 769172
Sim time: 3.600000e+01	CPU time (total): 2.681060e+01s	 events (step): 720735
Sim time: 4.800000e+01	CPU time (total): 3.650461e+01s	 events (step): 652280
Sim time: 6.000000e+01	CPU time (total): 4.495752e+01s	 events (step): 573127
Sim time: 7.200000e+01	CPU time (total): 5.189928e+01s	 events (step): 492938
Sim time: 8.400000e+01	CPU time (total): 5.843198e+01s	 events (step): 450003
Sim time: 9.600000e+01	CPU time (total): 6.442078e+01s	 events (step): 407031
Sim time: 1.080000e+02	CPU time (total): 6.938370e+01s	 events (step): 354221
Sim time: 1.200000e+02	CPU time (total): 7.376693e+01s	 events (step): 316328
Sim time: 1.320000e+02	CPU time (total): 7.755798e+01s	 events (step): 277813
Sim time: 1.440000e+02	CPU time (total): 8.085858e+01s	 events (step): 243650
Sim time: 1.560000e+02	CPU time (total): 8.378648e+01s	 events (step): 216080
Sim time: 1.680000e+02	CPU time (total): 8.642720e+01s	 events (step): 195185
Sim time: 1.800000e+02	CPU time (total): 8.867420e+01s	 events (step): 173553
Sim time: 1.920000e+02	CPU time (total): 9.060433e+01s	 events (step): 153193
Sim time: 2.040000e+02	CPU time (total): 9.237642e+01s	 events (step): 138859
Sim time: 2.160000e+02	CPU time (total): 9.394926e+01s	 events (step): 124523
Sim time: 2.280000e+02	CPU time (total): 9.535291e+01s	 events (step): 108980
Sim time: 2.400000e+02	CPU time (total): 9.642529e+01s	 events (step): 92030
Sim time: 2.520000e+02	CPU time (total): 9.748342e+01s	 events (step): 84993
Sim time: 2.640000e+02	CPU time (total): 9.834753e+01s	 events (step): 72978
Sim time: 2.760000e+02	CPU time (total): 9.916657e+01s	 events (step): 65714
Sim time: 2.880000e+02	CPU time (total): 9.999732e+01s	 events (step): 63023
Sim time: 3.000000e+02	CPU time (total): 1.007116e+02s	 events (step): 55648
Sim time: 3.120000e+02	CPU time (total): 1.014021e+02s	 events (step): 50726
Sim time: 3.240000e+02	CPU time (total): 1.019753e+02s	 events (step): 44273
Sim time: 3.360000e+02	CPU time (total): 1.025266e+02s	 events (step): 40647
Sim time: 3.480000e+02	CPU time (total): 1.029575e+02s	 events (step): 34647
Sim time: 3.600000e+02	CPU time (total): 1.033990e+02s	 events (step): 31883
Sim time: 3.720000e+02	CPU time (total): 1.037703e+02s	 events (step): 27334
Sim time: 3.840000e+02	CPU time (total): 1.040770e+02s	 events (step): 23115
Sim time: 3.960000e+02	CPU time (total): 1.043249e+02s	 events (step): 19643
Sim time: 4.080000e+02	CPU time (total): 1.044970e+02s	 events (step): 16525
Sim time: 4.200000e+02	CPU time (total): 1.046433e+02s	 events (step): 14023
Sim time: 4.320000e+02	CPU time (total): 1.047686e+02s	 events (step): 12088
Sim time: 4.440000e+02	CPU time (total): 1.048924e+02s	 events (step): 11096
Sim time: 4.560000e+02	CPU time (total): 1.050060e+02s	 events (step): 10211
Sim time: 4.680000e+02	CPU time (total): 1.051091e+02s	 events (step): 8354
Sim time: 4.800000e+02	CPU time (total): 1.051931e+02s	 events (step): 6916
Sim time: 4.920000e+02	CPU time (total): 1.052534e+02s	 events (step): 6176
Sim time: 5.040000e+02	CPU time (total): 1.053000e+02s	 events (step): 5342
Sim time: 5.160000e+02	CPU time (total): 1.053435e+02s	 events (step): 4778
Sim time: 5.280000e+02	CPU time (total): 1.053833e+02s	 events (step): 4123
Sim time: 5.400000e+02	CPU time (total): 1.054353e+02s	 events (step): 4185
Sim time: 5.520000e+02	CPU time (total): 1.054606e+02s	 events (step): 2978
Sim time: 5.640000e+02	CPU time (total): 1.054873e+02s	 events (step): 2652
Sim time: 5.760000e+02	CPU time (total): 1.055217e+02s	 events (step): 2500
Sim time: 5.880000e+02	CPU time (total): 1.055324e+02s	 events (step): 1538
Sim time: 6.000000e+02	CPU time (total): 1.055414e+02s	 events (step): 1305
Sim time: 6.120000e+02	CPU time (total): 1.055495e+02s	 events (step): 1052
Sim time: 6.240000e+02	CPU time (total): 1.055573e+02s	 events (step): 996
Sim time: 6.360000e+02	CPU time (total): 1.055645e+02s	 events (step): 968
Sim time: 6.480000e+02	CPU time (total): 1.055732e+02s	 events (step): 995
Sim time: 6.600000e+02	CPU time (total): 1.055853e+02s	 events (step): 872
Sim time: 6.720000e+02	CPU time (total): 1.055878e+02s	 events (step): 496
Sim time: 6.840000e+02	CPU time (total): 1.055892e+02s	 events (step): 295
Sim time: 6.960000e+02	CPU time (total): 1.055905e+02s	 events (step): 268
Sim time: 7.080000e+02	CPU time (total): 1.055921e+02s	 events (step): 325
Sim time: 7.200000e+02	CPU time (total): 1.055932e+02s	 events (step): 233
Sim time: 7.320000e+02	CPU time (total): 1.055939e+02s	 events (step): 151
Sim time: 7.440000e+02	CPU time (total): 1.055947e+02s	 events (step): 157
Sim time: 7.560000e+02	CPU time (total): 1.055954e+02s	 events (step): 148
Sim time: 7.680000e+02	CPU time (total): 1.055962e+02s	 events (step): 161
Sim time: 7.800000e+02	CPU time (total): 1.055969e+02s	 events (step): 149
Sim time: 7.920000e+02	CPU time (total): 1.055980e+02s	 events (step): 163
Sim time: 8.040000e+02	CPU time (total): 1.055992e+02s	 events (step): 144
Sim time: 8.160000e+02	CPU time (total): 1.056004e+02s	 events (step): 150
Sim time: 8.280000e+02	CPU time (total): 1.056018e+02s	 events (step): 157
Sim time: 8.400000e+02	CPU time (total): 1.056029e+02s	 events (step): 131
Sim time: 8.520000e+02	CPU time (total): 1.056040e+02s	 events (step): 138
Sim time: 8.640000e+02	CPU time (total): 1.056054e+02s	 events (step): 159
Sim time: 8.760000e+02	CPU time (total): 1.056068e+02s	 events (step): 163
Sim time: 8.880000e+02	CPU time (total): 1.056082e+02s	 events (step): 166
Sim time: 9.000000e+02	CPU time (total): 1.056097e+02s	 events (step): 176
Sim time: 9.120000e+02	CPU time (total): 1.056109e+02s	 events (step): 141
Sim time: 1.200000e+03	CPU time (total): 1.056118e+02s	 events (step): 76

   You just simulated 7939778 reactions in 1.056118e+02s
   ( 7.517889e+04 reactions/sec, 1.330161e-05 CPU seconds/event )
   Null events: 0   (1.330161e-05 CPU seconds/non-null event )


saving list of final molecular species...

done.  Total CPU time: 106.9s

SpeciesLabel max molecule threshold set to 20.
WARNING: Species with more than 20 molecules will be labeled with the Quasi method.
readNFspecies::Reading from file /home/alex/work/alex/data/2/gamma2both.species
Read 0 unique species of 4 total.
SpeciesLabel max molecule threshold set to 0.
  (all species will be labeled with the Auto method)
CPU TIME: simulate_nf 106.95 s.
Finished processing file gamma2both.bngl.
CPU TIME: total 107.21 s.
