BioNetGen version 2.2.6
Reading from file gamma2both.bngl (level 0)
Read 40 parameters.
Read 5 molecule types.
Read 5 species.
Read 9 observable(s).
Read 68 reaction rule(s).
ACTION: simulate_nf( )
Wrote model in xml format to /home/alex/work/alex/data/2/gamma2both.xml.
Running NFsim on hop0.usrc.newmexicoconsortium.org
full command: /home/alex/work/BioNetGen-2.2.6-stable/bin/NFsim -xml /home/alex/work/alex/data/2/gamma2both.xml -o /home/alex/work/alex/data/2/gamma2both.gdat -sim 1200 -oSteps 100 -cb -ss /home/alex/work/alex/data/2/gamma2both.species -gml 200000000
[simulation PID is: 8085]
starting NFsim v1.11...

reading xml file (/home/alex/work/alex/data/2/gamma2both.xml)  
	[-------]
preparing simulation...



Equilibrating for :0s.  Please wait.

simulating system for: 1.200000e+03 second(s).

Sim time: 0.000000e+00	CPU time (total): 5.900000e-05s	 events (step): 0
Sim time: 1.200000e+01	CPU time (total): 6.398957e+00s	 events (step): 778568
Sim time: 2.400000e+01	CPU time (total): 1.757561e+01s	 events (step): 875110
Sim time: 3.600000e+01	CPU time (total): 3.017603e+01s	 events (step): 888299
Sim time: 4.800000e+01	CPU time (total): 4.314146e+01s	 events (step): 874772
Sim time: 6.000000e+01	CPU time (total): 5.590453e+01s	 events (step): 851913
Sim time: 7.200000e+01	CPU time (total): 6.887694e+01s	 events (step): 839151
Sim time: 8.400000e+01	CPU time (total): 8.136463e+01s	 events (step): 802474
Sim time: 9.600000e+01	CPU time (total): 9.349322e+01s	 events (step): 775947
Sim time: 1.080000e+02	CPU time (total): 1.055102e+02s	 events (step): 754880
Sim time: 1.200000e+02	CPU time (total): 1.177000e+02s	 events (step): 744115
Sim time: 1.320000e+02	CPU time (total): 1.294610e+02s	 events (step): 718838
Sim time: 1.440000e+02	CPU time (total): 1.412793e+02s	 events (step): 709094
Sim time: 1.560000e+02	CPU time (total): 1.528816e+02s	 events (step): 689519
Sim time: 1.680000e+02	CPU time (total): 1.641070e+02s	 events (step): 665344
Sim time: 1.800000e+02	CPU time (total): 1.753510e+02s	 events (step): 656189
Sim time: 1.920000e+02	CPU time (total): 1.863999e+02s	 events (step): 639283
Sim time: 2.040000e+02	CPU time (total): 1.972895e+02s	 events (step): 623883
Sim time: 2.160000e+02	CPU time (total): 2.077521e+02s	 events (step): 601696
Sim time: 2.280000e+02	CPU time (total): 2.181058e+02s	 events (step): 592431
Sim time: 2.400000e+02	CPU time (total): 2.283709e+02s	 events (step): 580095
Sim time: 2.520000e+02	CPU time (total): 2.384827e+02s	 events (step): 568342
Sim time: 2.640000e+02	CPU time (total): 2.485175e+02s	 events (step): 558936
Sim time: 2.760000e+02	CPU time (total): 2.581833e+02s	 events (step): 541474
Sim time: 2.880000e+02	CPU time (total): 2.679265e+02s	 events (step): 535633
Sim time: 3.000000e+02	CPU time (total): 2.776002e+02s	 events (step): 527293
Sim time: 3.120000e+02	CPU time (total): 2.871690e+02s	 events (step): 521141
Sim time: 3.240000e+02	CPU time (total): 2.966003e+02s	 events (step): 511628
Sim time: 3.360000e+02	CPU time (total): 3.059175e+02s	 events (step): 503169
Sim time: 3.480000e+02	CPU time (total): 3.152800e+02s	 events (step): 498587
Sim time: 3.600000e+02	CPU time (total): 3.246501e+02s	 events (step): 495354
Sim time: 3.720000e+02	CPU time (total): 3.337925e+02s	 events (step): 483225
Sim time: 3.840000e+02	CPU time (total): 3.429297e+02s	 events (step): 480204
Sim time: 3.960000e+02	CPU time (total): 3.517535e+02s	 events (step): 466346
Sim time: 4.080000e+02	CPU time (total): 3.605602e+02s	 events (step): 461034
Sim time: 4.200000e+02	CPU time (total): 3.691565e+02s	 events (step): 450178
Sim time: 4.320000e+02	CPU time (total): 3.775538e+02s	 events (step): 443018
Sim time: 4.440000e+02	CPU time (total): 3.859045e+02s	 events (step): 438441
Sim time: 4.560000e+02	CPU time (total): 3.940836e+02s	 events (step): 431481
Sim time: 4.680000e+02	CPU time (total): 4.021730e+02s	 events (step): 423983
Sim time: 4.800000e+02	CPU time (total): 4.103165e+02s	 events (step): 421497
Sim time: 4.920000e+02	CPU time (total): 4.182848e+02s	 events (step): 413533
Sim time: 5.040000e+02	CPU time (total): 4.261685e+02s	 events (step): 406595
Sim time: 5.160000e+02	CPU time (total): 4.339033e+02s	 events (step): 400992
Sim time: 5.280000e+02	CPU time (total): 4.415004e+02s	 events (step): 392811
Sim time: 5.400000e+02	CPU time (total): 4.492032e+02s	 events (step): 394158
Sim time: 5.520000e+02	CPU time (total): 4.567742e+02s	 events (step): 387330
Sim time: 5.640000e+02	CPU time (total): 4.643159e+02s	 events (step): 383786
Sim time: 5.760000e+02	CPU time (total): 4.718406e+02s	 events (step): 379447
Sim time: 5.880000e+02	CPU time (total): 4.792736e+02s	 events (step): 376467
Sim time: 6.000000e+02	CPU time (total): 4.867221e+02s	 events (step): 373212
Sim time: 6.120000e+02	CPU time (total): 4.941073e+02s	 events (step): 371368
Sim time: 6.240000e+02	CPU time (total): 5.013055e+02s	 events (step): 361718
Sim time: 6.360000e+02	CPU time (total): 5.083058e+02s	 events (step): 355727
Sim time: 6.480000e+02	CPU time (total): 5.152913e+02s	 events (step): 354062
Sim time: 6.600000e+02	CPU time (total): 5.219344e+02s	 events (step): 341472
Sim time: 6.720000e+02	CPU time (total): 5.284797e+02s	 events (step): 334874
Sim time: 6.840000e+02	CPU time (total): 5.348710e+02s	 events (step): 328687
Sim time: 6.960000e+02	CPU time (total): 5.412750e+02s	 events (step): 328283
Sim time: 7.080000e+02	CPU time (total): 5.476156e+02s	 events (step): 324194
Sim time: 7.200000e+02	CPU time (total): 5.537881e+02s	 events (step): 317741
Sim time: 7.320000e+02	CPU time (total): 5.598062e+02s	 events (step): 309943
Sim time: 7.440000e+02	CPU time (total): 5.658711e+02s	 events (step): 309066
Sim time: 7.560000e+02	CPU time (total): 5.717633e+02s	 events (step): 301622
Sim time: 7.680000e+02	CPU time (total): 5.775240e+02s	 events (step): 296394
Sim time: 7.800000e+02	CPU time (total): 5.832714e+02s	 events (step): 294811
Sim time: 7.920000e+02	CPU time (total): 5.888787e+02s	 events (step): 287578
Sim time: 8.040000e+02	CPU time (total): 5.944591e+02s	 events (step): 286160
Sim time: 8.160000e+02	CPU time (total): 5.998304e+02s	 events (step): 277496
Sim time: 8.280000e+02	CPU time (total): 6.050268e+02s	 events (step): 269162
Sim time: 8.400000e+02	CPU time (total): 6.102349e+02s	 events (step): 269890
Sim time: 8.520000e+02	CPU time (total): 6.153921e+02s	 events (step): 267453
Sim time: 8.640000e+02	CPU time (total): 6.204678e+02s	 events (step): 262965
Sim time: 8.760000e+02	CPU time (total): 6.256570e+02s	 events (step): 264703
Sim time: 8.880000e+02	CPU time (total): 6.306911e+02s	 events (step): 259052
Sim time: 9.000000e+02	CPU time (total): 6.356823e+02s	 events (step): 257102
Sim time: 9.120000e+02	CPU time (total): 6.406460e+02s	 events (step): 254722
Sim time: 9.240000e+02	CPU time (total): 6.456248e+02s	 events (step): 254528
Sim time: 9.360000e+02	CPU time (total): 6.503705e+02s	 events (step): 245346
Sim time: 9.480000e+02	CPU time (total): 6.551598e+02s	 events (step): 245272
Sim time: 9.600000e+02	CPU time (total): 6.599377e+02s	 events (step): 244398
Sim time: 9.720000e+02	CPU time (total): 6.646970e+02s	 events (step): 241009
Sim time: 9.840000e+02	CPU time (total): 6.693035e+02s	 events (step): 237091
Sim time: 9.960000e+02	CPU time (total): 6.739121e+02s	 events (step): 234480
Sim time: 1.008000e+03	CPU time (total): 6.785198e+02s	 events (step): 233149
Sim time: 1.020000e+03	CPU time (total): 6.830904e+02s	 events (step): 230970
Sim time: 1.032000e+03	CPU time (total): 6.875215e+02s	 events (step): 224538
Sim time: 1.044000e+03	CPU time (total): 6.918833e+02s	 events (step): 221748
Sim time: 1.056000e+03	CPU time (total): 6.961440e+02s	 events (step): 217623
Sim time: 1.068000e+03	CPU time (total): 7.002681e+02s	 events (step): 211186
Sim time: 1.080000e+03	CPU time (total): 7.043195e+02s	 events (step): 207165
Sim time: 1.092000e+03	CPU time (total): 7.083809e+02s	 events (step): 206972
Sim time: 1.104000e+03	CPU time (total): 7.123198e+02s	 events (step): 200754
Sim time: 1.116000e+03	CPU time (total): 7.162268e+02s	 events (step): 199055
Sim time: 1.128000e+03	CPU time (total): 7.200135e+02s	 events (step): 192979
Sim time: 1.140000e+03	CPU time (total): 7.237904e+02s	 events (step): 191167
Sim time: 1.152000e+03	CPU time (total): 7.274985e+02s	 events (step): 189035
Sim time: 1.164000e+03	CPU time (total): 7.310956e+02s	 events (step): 183857
Sim time: 1.176000e+03	CPU time (total): 7.347019e+02s	 events (step): 183714
Sim time: 1.188000e+03	CPU time (total): 7.382104e+02s	 events (step): 180689
Sim time: 1.200000e+03	CPU time (total): 7.416858e+02s	 events (step): 178517

   You just simulated 41372384 reactions in 7.416859e+02s
   ( 5.578154e+04 reactions/sec, 1.792708e-05 CPU seconds/event )
   Null events: 0   (1.792708e-05 CPU seconds/non-null event )


saving list of final molecular species...

done.  Total CPU time: 743.012s

SpeciesLabel max molecule threshold set to 20.
WARNING: Species with more than 20 molecules will be labeled with the Quasi method.
readNFspecies::Reading from file /home/alex/work/alex/data/2/gamma2both.species
Read 49 unique species of 68 total.
SpeciesLabel max molecule threshold set to 0.
  (all species will be labeled with the Auto method)
CPU TIME: simulate_nf 743.15 s.
Finished processing file gamma2both.bngl.
CPU TIME: total 743.41 s.
