BioNetGen version 2.2.6
Reading from file gam2de.bngl (level 0)
Read 38 parameters.
Read 4 molecule types.
Read 4 species.
Read 9 observable(s).
Read 66 reaction rule(s).
ACTION: simulate_nf( )
Wrote model in xml format to /home/alex/work/alex/data/7/gam2de.xml.
Running NFsim on hop0.usrc.newmexicoconsortium.org
full command: /home/alex/work/BioNetGen-2.2.6-stable/bin/NFsim -xml /home/alex/work/alex/data/7/gam2de.xml -o /home/alex/work/alex/data/7/gam2de.gdat -sim 360 -oSteps 6 -gml 200000000 -cb -ss /home/alex/work/alex/data/7/gam2de.species
[simulation PID is: 11806]
starting NFsim v1.11...

reading xml file (/home/alex/work/alex/data/7/gam2de.xml)  
	[-------]
preparing simulation...



Equilibrating for :0s.  Please wait.

simulating system for: 3.600000e+02 second(s).

Sim time: 0.000000e+00	CPU time (total): 5.300000e-05s	 events (step): 0
Sim time: 6.000000e+01	CPU time (total): 5.358697e+00s	 events (step): 440832
Sim time: 1.200000e+02	CPU time (total): 1.085913e+01s	 events (step): 399258
Sim time: 1.800000e+02	CPU time (total): 1.601582e+01s	 events (step): 347726
Sim time: 2.400000e+02	CPU time (total): 2.110590e+01s	 events (step): 314153
Sim time: 3.000000e+02	CPU time (total): 2.609495e+01s	 events (step): 289482
Sim time: 3.600000e+02	CPU time (total): 3.077504e+01s	 events (step): 263683

   You just simulated 2055135 reactions in 3.077507e+01s
   ( 6.677922e+04 reactions/sec, 1.497472e-05 CPU seconds/event )
   Null events: 0   (1.497472e-05 CPU seconds/non-null event )


saving list of final molecular species...

done.  Total CPU time: 30.9071s

SpeciesLabel max molecule threshold set to 20.
WARNING: Species with more than 20 molecules will be labeled with the Quasi method.
readNFspecies::Reading from file /home/alex/work/alex/data/7/gam2de.species
Read 19 unique species of 26 total.
SpeciesLabel max molecule threshold set to 0.
  (all species will be labeled with the Auto method)
CPU TIME: simulate_nf 30.99 s.
Finished processing file gam2de.bngl.
CPU TIME: total 31.25 s.
