BioNetGen version 2.2.6
Reading from file gamma2both.bngl (level 0)
Read 40 parameters.
Read 5 molecule types.
Read 5 species.
Read 9 observable(s).
Read 68 reaction rule(s).
ACTION: simulate_nf( )
Wrote model in xml format to /home/alex/work/alex/data/6/gamma2both.xml.
Running NFsim on hop0.usrc.newmexicoconsortium.org
full command: /home/alex/work/BioNetGen-2.2.6-stable/bin/NFsim -xml /home/alex/work/alex/data/6/gamma2both.xml -o /home/alex/work/alex/data/6/gamma2both.gdat -sim 1200 -oSteps 100 -cb -ss /home/alex/work/alex/data/6/gamma2both.species -gml 200000000
[simulation PID is: 8298]
starting NFsim v1.11...

reading xml file (/home/alex/work/alex/data/6/gamma2both.xml)  
	[-------]
preparing simulation...



Equilibrating for :0s.  Please wait.

simulating system for: 1.200000e+03 second(s).

Sim time: 0.000000e+00	CPU time (total): 6.600000e-05s	 events (step): 0
Sim time: 1.200000e+01	CPU time (total): 1.119157e+01s	 events (step): 771790
Sim time: 2.400000e+01	CPU time (total): 3.137975e+01s	 events (step): 851251
Sim time: 3.600000e+01	CPU time (total): 5.620770e+01s	 events (step): 885964
Sim time: 4.800000e+01	CPU time (total): 8.087463e+01s	 events (step): 865199
Sim time: 6.000000e+01	CPU time (total): 1.054447e+02s	 events (step): 841891
Sim time: 7.200000e+01	CPU time (total): 1.300000e+02s	 events (step): 821570
Sim time: 8.400000e+01	CPU time (total): 1.536363e+02s	 events (step): 789100
Sim time: 9.600000e+01	CPU time (total): 1.775199e+02s	 events (step): 775514
Sim time: 1.080000e+02	CPU time (total): 2.012695e+02s	 events (step): 755343
Sim time: 1.200000e+02	CPU time (total): 2.239788e+02s	 events (step): 731387
Sim time: 1.320000e+02	CPU time (total): 2.462521e+02s	 events (step): 711639
Sim time: 1.440000e+02	CPU time (total): 2.687963e+02s	 events (step): 700696
Sim time: 1.560000e+02	CPU time (total): 2.911863e+02s	 events (step): 685050
Sim time: 1.680000e+02	CPU time (total): 3.132986e+02s	 events (step): 669937
Sim time: 1.800000e+02	CPU time (total): 3.348731e+02s	 events (step): 651151
Sim time: 1.920000e+02	CPU time (total): 3.557268e+02s	 events (step): 632680
Sim time: 2.040000e+02	CPU time (total): 3.764788e+02s	 events (step): 620883
Sim time: 2.160000e+02	CPU time (total): 3.970862e+02s	 events (step): 610117
Sim time: 2.280000e+02	CPU time (total): 4.176383e+02s	 events (step): 599534
Sim time: 2.400000e+02	CPU time (total): 4.382244e+02s	 events (step): 591341
Sim time: 2.520000e+02	CPU time (total): 4.582574e+02s	 events (step): 577028
Sim time: 2.640000e+02	CPU time (total): 4.780602e+02s	 events (step): 563000
Sim time: 2.760000e+02	CPU time (total): 4.980027e+02s	 events (step): 559132
Sim time: 2.880000e+02	CPU time (total): 5.179789e+02s	 events (step): 554788
Sim time: 3.000000e+02	CPU time (total): 5.377181e+02s	 events (step): 543686
Sim time: 3.120000e+02	CPU time (total): 5.575540e+02s	 events (step): 540513
Sim time: 3.240000e+02	CPU time (total): 5.770140e+02s	 events (step): 530849
Sim time: 3.360000e+02	CPU time (total): 5.963184e+02s	 events (step): 523380
Sim time: 3.480000e+02	CPU time (total): 6.148044e+02s	 events (step): 505520
Sim time: 3.600000e+02	CPU time (total): 6.333027e+02s	 events (step): 501369
Sim time: 3.720000e+02	CPU time (total): 6.514958e+02s	 events (step): 494096
Sim time: 3.840000e+02	CPU time (total): 6.694473e+02s	 events (step): 484945
Sim time: 3.960000e+02	CPU time (total): 6.872644e+02s	 events (step): 480717
Sim time: 4.080000e+02	CPU time (total): 7.045831e+02s	 events (step): 469321
Sim time: 4.200000e+02	CPU time (total): 7.223272e+02s	 events (step): 471676
Sim time: 4.320000e+02	CPU time (total): 7.395748e+02s	 events (step): 459760
Sim time: 4.440000e+02	CPU time (total): 7.563985e+02s	 events (step): 449826
Sim time: 4.560000e+02	CPU time (total): 7.730905e+02s	 events (step): 442018
Sim time: 4.680000e+02	CPU time (total): 7.855801e+02s	 events (step): 442029
Sim time: 4.800000e+02	CPU time (total): 7.945723e+02s	 events (step): 437254
Sim time: 4.920000e+02	CPU time (total): 8.034406e+02s	 events (step): 433118
Sim time: 5.040000e+02	CPU time (total): 8.117688e+02s	 events (step): 424667
Sim time: 5.160000e+02	CPU time (total): 8.198355e+02s	 events (step): 418242
Sim time: 5.280000e+02	CPU time (total): 8.277508e+02s	 events (step): 411973
Sim time: 5.400000e+02	CPU time (total): 8.353950e+02s	 events (step): 399701
Sim time: 5.520000e+02	CPU time (total): 8.430452e+02s	 events (step): 396252
Sim time: 5.640000e+02	CPU time (total): 8.508308e+02s	 events (step): 398646
Sim time: 5.760000e+02	CPU time (total): 8.582762e+02s	 events (step): 385344
Sim time: 5.880000e+02	CPU time (total): 8.657368e+02s	 events (step): 383460
Sim time: 6.000000e+02	CPU time (total): 8.730382e+02s	 events (step): 376952
Sim time: 6.120000e+02	CPU time (total): 8.802057e+02s	 events (step): 370551
Sim time: 6.240000e+02	CPU time (total): 8.873185e+02s	 events (step): 366045
Sim time: 6.360000e+02	CPU time (total): 8.943874e+02s	 events (step): 363099
Sim time: 6.480000e+02	CPU time (total): 9.013875e+02s	 events (step): 358220
Sim time: 6.600000e+02	CPU time (total): 9.083444e+02s	 events (step): 353706
Sim time: 6.720000e+02	CPU time (total): 9.151998e+02s	 events (step): 346657
Sim time: 6.840000e+02	CPU time (total): 9.218722e+02s	 events (step): 340895
Sim time: 6.960000e+02	CPU time (total): 9.285068e+02s	 events (step): 337000
Sim time: 7.080000e+02	CPU time (total): 9.349650e+02s	 events (step): 330974
Sim time: 7.200000e+02	CPU time (total): 9.412513e+02s	 events (step): 324135
Sim time: 7.320000e+02	CPU time (total): 9.476268e+02s	 events (step): 324558
Sim time: 7.440000e+02	CPU time (total): 9.537481e+02s	 events (step): 317194
Sim time: 7.560000e+02	CPU time (total): 9.597961e+02s	 events (step): 319763
Sim time: 7.680000e+02	CPU time (total): 9.657616e+02s	 events (step): 315176
Sim time: 7.800000e+02	CPU time (total): 9.716564e+02s	 events (step): 312885
Sim time: 7.920000e+02	CPU time (total): 9.774148e+02s	 events (step): 305347
Sim time: 8.040000e+02	CPU time (total): 9.830941e+02s	 events (step): 301064
Sim time: 8.160000e+02	CPU time (total): 9.886496e+02s	 events (step): 295788
Sim time: 8.280000e+02	CPU time (total): 9.942288e+02s	 events (step): 293771
Sim time: 8.400000e+02	CPU time (total): 9.996978e+02s	 events (step): 286905
Sim time: 8.520000e+02	CPU time (total): 1.005055e+03s	 events (step): 283560
Sim time: 8.640000e+02	CPU time (total): 1.010485e+03s	 events (step): 284212
Sim time: 8.760000e+02	CPU time (total): 1.015746e+03s	 events (step): 277243
Sim time: 8.880000e+02	CPU time (total): 1.020965e+03s	 events (step): 273617
Sim time: 9.000000e+02	CPU time (total): 1.026130e+03s	 events (step): 271616
Sim time: 9.120000e+02	CPU time (total): 1.031447e+03s	 events (step): 269120
Sim time: 9.240000e+02	CPU time (total): 1.036479e+03s	 events (step): 264414
Sim time: 9.360000e+02	CPU time (total): 1.041567e+03s	 events (step): 264767
Sim time: 9.480000e+02	CPU time (total): 1.046428e+03s	 events (step): 255337
Sim time: 9.600000e+02	CPU time (total): 1.051268e+03s	 events (step): 253090
Sim time: 9.720000e+02	CPU time (total): 1.055993e+03s	 events (step): 248169
Sim time: 9.840000e+02	CPU time (total): 1.060484e+03s	 events (step): 237716
Sim time: 9.960000e+02	CPU time (total): 1.064991e+03s	 events (step): 236315
Sim time: 1.008000e+03	CPU time (total): 1.069360e+03s	 events (step): 231017
Sim time: 1.020000e+03	CPU time (total): 1.073583e+03s	 events (step): 223418
Sim time: 1.032000e+03	CPU time (total): 1.077922e+03s	 events (step): 226364
Sim time: 1.044000e+03	CPU time (total): 1.082160e+03s	 events (step): 222685
Sim time: 1.056000e+03	CPU time (total): 1.086377e+03s	 events (step): 221969
Sim time: 1.068000e+03	CPU time (total): 1.090464e+03s	 events (step): 216574
Sim time: 1.080000e+03	CPU time (total): 1.094490e+03s	 events (step): 212630
Sim time: 1.092000e+03	CPU time (total): 1.098463e+03s	 events (step): 210166
Sim time: 1.104000e+03	CPU time (total): 1.102505e+03s	 events (step): 209485
Sim time: 1.116000e+03	CPU time (total): 1.106482e+03s	 events (step): 207025
Sim time: 1.128000e+03	CPU time (total): 1.110356e+03s	 events (step): 203775
Sim time: 1.140000e+03	CPU time (total): 1.114254e+03s	 events (step): 203631
Sim time: 1.152000e+03	CPU time (total): 1.117916e+03s	 events (step): 194026
Sim time: 1.164000e+03	CPU time (total): 1.121621e+03s	 events (step): 194925
Sim time: 1.176000e+03	CPU time (total): 1.125221e+03s	 events (step): 190412
Sim time: 1.188000e+03	CPU time (total): 1.128754e+03s	 events (step): 187192
Sim time: 1.200000e+03	CPU time (total): 1.132129e+03s	 events (step): 181105

   You just simulated 42140608 reactions in 1.132129e+03s
   ( 3.722245e+04 reactions/sec, 2.686551e-05 CPU seconds/event )
   Null events: 0   (2.686551e-05 CPU seconds/non-null event )


saving list of final molecular species...

done.  Total CPU time: 1133.9s

SpeciesLabel max molecule threshold set to 20.
WARNING: Species with more than 20 molecules will be labeled with the Quasi method.
readNFspecies::Reading from file /home/alex/work/alex/data/6/gamma2both.species
Read 51 unique species of 77 total.
SpeciesLabel max molecule threshold set to 0.
  (all species will be labeled with the Auto method)
CPU TIME: simulate_nf 1134.12 s.
Finished processing file gamma2both.bngl.
CPU TIME: total 1134.59 s.
