BioNetGen version 2.2.6
Reading from file gamma2both.bngl (level 0)
Read 40 parameters.
Read 5 molecule types.
Read 5 species.
Read 9 observable(s).
Read 68 reaction rule(s).
ACTION: simulate_nf( )
Wrote model in xml format to /home/alex/work/alex/data/8/gamma2both.xml.
Running NFsim on hop0.usrc.newmexicoconsortium.org
full command: /home/alex/work/BioNetGen-2.2.6-stable/bin/NFsim -xml /home/alex/work/alex/data/8/gamma2both.xml -o /home/alex/work/alex/data/8/gamma2both.gdat -sim 360 -oSteps 6 -ss /home/alex/work/alex/data/8/gamma2both.species -gml 200000000 -cb
[simulation PID is: 9715]
starting NFsim v1.11...

reading xml file (/home/alex/work/alex/data/8/gamma2both.xml)  
	[-------]
preparing simulation...



Equilibrating for :0s.  Please wait.

simulating system for: 3.600000e+02 second(s).

Sim time: 0.000000e+00	CPU time (total): 5.400000e-05s	 events (step): 0
Sim time: 6.000000e+01	CPU time (total): 6.030655e+01s	 events (step): 4374501
Sim time: 1.200000e+02	CPU time (total): 1.290388e+02s	 events (step): 4172620
Sim time: 1.800000e+02	CPU time (total): 1.980106e+02s	 events (step): 3883552
Sim time: 2.400000e+02	CPU time (total): 2.690283e+02s	 events (step): 3735137
Sim time: 3.000000e+02	CPU time (total): 3.399401e+02s	 events (step): 3582030
Sim time: 3.600000e+02	CPU time (total): 4.115237e+02s	 events (step): 3486648

   You just simulated 23234489 reactions in 4.115238e+02s
   ( 5.645965e+04 reactions/sec, 1.771176e-05 CPU seconds/event )
   Null events: 0   (1.771176e-05 CPU seconds/non-null event )


saving list of final molecular species...

done.  Total CPU time: 412.88s

SpeciesLabel max molecule threshold set to 20.
WARNING: Species with more than 20 molecules will be labeled with the Quasi method.
readNFspecies::Reading from file /home/alex/work/alex/data/8/gamma2both.species
Read 89 unique species of 125 total.
SpeciesLabel max molecule threshold set to 0.
  (all species will be labeled with the Auto method)
CPU TIME: simulate_nf 413.13 s.
Finished processing file gamma2both.bngl.
CPU TIME: total 413.39 s.
