BioNetGen version 2.2.6
Reading from file gamma2both.bngl (level 0)
Read 40 parameters.
Read 5 molecule types.
Read 5 species.
Read 9 observable(s).
Read 68 reaction rule(s).
ACTION: simulate_nf( )
Wrote model in xml format to /home/alex/work/alex/data/5/gamma2both.xml.
Running NFsim on hop0.usrc.newmexicoconsortium.org
full command: /home/alex/work/BioNetGen-2.2.6-stable/bin/NFsim -xml /home/alex/work/alex/data/5/gamma2both.xml -o /home/alex/work/alex/data/5/gamma2both.gdat -sim 1200 -oSteps 100 -ss /home/alex/work/alex/data/5/gamma2both.species -cb -gml 200000000
[simulation PID is: 7641]
starting NFsim v1.11...

reading xml file (/home/alex/work/alex/data/5/gamma2both.xml)  
	[-------]
preparing simulation...



Equilibrating for :0s.  Please wait.

simulating system for: 1.200000e+03 second(s).

Sim time: 0.000000e+00	CPU time (total): 6.700000e-05s	 events (step): 0
Sim time: 1.200000e+01	CPU time (total): 6.311631e+00s	 events (step): 750035
Sim time: 2.400000e+01	CPU time (total): 1.641350e+01s	 events (step): 779403
Sim time: 3.600000e+01	CPU time (total): 2.725308e+01s	 events (step): 745393
Sim time: 4.800000e+01	CPU time (total): 3.742405e+01s	 events (step): 676636
Sim time: 6.000000e+01	CPU time (total): 4.633358e+01s	 events (step): 601929
Sim time: 7.200000e+01	CPU time (total): 5.441640e+01s	 events (step): 535318
Sim time: 8.400000e+01	CPU time (total): 6.092923e+01s	 events (step): 457584
Sim time: 9.600000e+01	CPU time (total): 6.670316e+01s	 events (step): 403757
Sim time: 1.080000e+02	CPU time (total): 7.178678e+01s	 events (step): 353310
Sim time: 1.200000e+02	CPU time (total): 7.626420e+01s	 events (step): 311154
Sim time: 1.320000e+02	CPU time (total): 8.003631e+01s	 events (step): 273160
Sim time: 1.440000e+02	CPU time (total): 8.343757e+01s	 events (step): 245403
Sim time: 1.560000e+02	CPU time (total): 8.651890e+01s	 events (step): 220722
Sim time: 1.680000e+02	CPU time (total): 8.948825e+01s	 events (step): 206792
Sim time: 1.800000e+02	CPU time (total): 9.191597e+01s	 events (step): 176334
Sim time: 1.920000e+02	CPU time (total): 9.403558e+01s	 events (step): 156568
Sim time: 2.040000e+02	CPU time (total): 9.599733e+01s	 events (step): 141966
Sim time: 2.160000e+02	CPU time (total): 9.771925e+01s	 events (step): 124952
Sim time: 2.280000e+02	CPU time (total): 9.923496e+01s	 events (step): 110899
Sim time: 2.400000e+02	CPU time (total): 1.005740e+02s	 events (step): 97905
Sim time: 2.520000e+02	CPU time (total): 1.018531e+02s	 events (step): 90729
Sim time: 2.640000e+02	CPU time (total): 1.029078e+02s	 events (step): 75229
Sim time: 2.760000e+02	CPU time (total): 1.038093e+02s	 events (step): 65698
Sim time: 2.880000e+02	CPU time (total): 1.045174e+02s	 events (step): 55800
Sim time: 3.000000e+02	CPU time (total): 1.051561e+02s	 events (step): 49752
Sim time: 3.120000e+02	CPU time (total): 1.056957e+02s	 events (step): 43331
Sim time: 3.240000e+02	CPU time (total): 1.060934e+02s	 events (step): 36404
Sim time: 3.360000e+02	CPU time (total): 1.065198e+02s	 events (step): 34915
Sim time: 3.480000e+02	CPU time (total): 1.069709e+02s	 events (step): 33426
Sim time: 3.600000e+02	CPU time (total): 1.074126e+02s	 events (step): 30826
Sim time: 3.720000e+02	CPU time (total): 1.077896e+02s	 events (step): 27510
Sim time: 3.840000e+02	CPU time (total): 1.081480e+02s	 events (step): 24903
Sim time: 3.960000e+02	CPU time (total): 1.083789e+02s	 events (step): 19109
Sim time: 4.080000e+02	CPU time (total): 1.085647e+02s	 events (step): 16454
Sim time: 4.200000e+02	CPU time (total): 1.087348e+02s	 events (step): 14968
Sim time: 4.320000e+02	CPU time (total): 1.088853e+02s	 events (step): 13613
Sim time: 4.440000e+02	CPU time (total): 1.090475e+02s	 events (step): 13121
Sim time: 4.560000e+02	CPU time (total): 1.092267e+02s	 events (step): 12949
Sim time: 4.680000e+02	CPU time (total): 1.093905e+02s	 events (step): 12124
Sim time: 4.800000e+02	CPU time (total): 1.095057e+02s	 events (step): 9855
Sim time: 4.920000e+02	CPU time (total): 1.095789e+02s	 events (step): 7795
Sim time: 5.040000e+02	CPU time (total): 1.096560e+02s	 events (step): 7110
Sim time: 5.160000e+02	CPU time (total): 1.097229e+02s	 events (step): 6223
Sim time: 5.280000e+02	CPU time (total): 1.097814e+02s	 events (step): 5249
Sim time: 5.400000e+02	CPU time (total): 1.098746e+02s	 events (step): 5638
Sim time: 5.520000e+02	CPU time (total): 1.099514e+02s	 events (step): 4921
Sim time: 5.640000e+02	CPU time (total): 1.100043e+02s	 events (step): 4126
Sim time: 5.760000e+02	CPU time (total): 1.100809e+02s	 events (step): 4211
Sim time: 5.880000e+02	CPU time (total): 1.101575e+02s	 events (step): 3930
Sim time: 6.000000e+02	CPU time (total): 1.102158e+02s	 events (step): 3540
Sim time: 6.120000e+02	CPU time (total): 1.102578e+02s	 events (step): 3174
Sim time: 6.240000e+02	CPU time (total): 1.103031e+02s	 events (step): 3175
Sim time: 6.360000e+02	CPU time (total): 1.103351e+02s	 events (step): 2542
Sim time: 6.480000e+02	CPU time (total): 1.103564e+02s	 events (step): 2234
Sim time: 6.600000e+02	CPU time (total): 1.103780e+02s	 events (step): 2177
Sim time: 6.720000e+02	CPU time (total): 1.104030e+02s	 events (step): 2217
Sim time: 6.840000e+02	CPU time (total): 1.104237e+02s	 events (step): 2032
Sim time: 6.960000e+02	CPU time (total): 1.104650e+02s	 events (step): 2562
Sim time: 7.080000e+02	CPU time (total): 1.105068e+02s	 events (step): 2480
Sim time: 7.200000e+02	CPU time (total): 1.105372e+02s	 events (step): 1731
Sim time: 7.320000e+02	CPU time (total): 1.105660e+02s	 events (step): 1749
Sim time: 7.440000e+02	CPU time (total): 1.105736e+02s	 events (step): 930
Sim time: 7.560000e+02	CPU time (total): 1.105809e+02s	 events (step): 861
Sim time: 7.680000e+02	CPU time (total): 1.105985e+02s	 events (step): 1133
Sim time: 7.800000e+02	CPU time (total): 1.106263e+02s	 events (step): 1385
Sim time: 7.920000e+02	CPU time (total): 1.106567e+02s	 events (step): 1469
Sim time: 8.040000e+02	CPU time (total): 1.106709e+02s	 events (step): 942
Sim time: 8.160000e+02	CPU time (total): 1.106810e+02s	 events (step): 594
Sim time: 8.280000e+02	CPU time (total): 1.107047e+02s	 events (step): 1070
Sim time: 8.400000e+02	CPU time (total): 1.107169e+02s	 events (step): 696
Sim time: 8.520000e+02	CPU time (total): 1.107243e+02s	 events (step): 521
Sim time: 8.640000e+02	CPU time (total): 1.107284e+02s	 events (step): 289
Sim time: 1.200000e+03	CPU time (total): 1.107325e+02s	 events (step): 265

   You just simulated 8138907 reactions in 1.107325e+02s
   ( 7.350063e+04 reactions/sec, 1.360533e-05 CPU seconds/event )
   Null events: 0   (1.360533e-05 CPU seconds/non-null event )


saving list of final molecular species...

done.  Total CPU time: 111.991s

SpeciesLabel max molecule threshold set to 20.
WARNING: Species with more than 20 molecules will be labeled with the Quasi method.
readNFspecies::Reading from file /home/alex/work/alex/data/5/gamma2both.species
Read 0 unique species of 4 total.
SpeciesLabel max molecule threshold set to 0.
  (all species will be labeled with the Auto method)
CPU TIME: simulate_nf 112.06 s.
Finished processing file gamma2both.bngl.
CPU TIME: total 112.32 s.
