BioNetGen version 2.2.6
Reading from file gamma2both.bngl (level 0)
Read 40 parameters.
Read 5 molecule types.
Read 5 species.
Read 9 observable(s).
Read 68 reaction rule(s).
ACTION: simulate_nf( )
Wrote model in xml format to /home/alex/work/alex/data/9/gamma2both.xml.
Running NFsim on hop0.usrc.newmexicoconsortium.org
full command: /home/alex/work/BioNetGen-2.2.6-stable/bin/NFsim -xml /home/alex/work/alex/data/9/gamma2both.xml -o /home/alex/work/alex/data/9/gamma2both.gdat -sim 1200 -oSteps 100 -ss /home/alex/work/alex/data/9/gamma2both.species -gml 200000000 -cb
[simulation PID is: 7999]
starting NFsim v1.11...

reading xml file (/home/alex/work/alex/data/9/gamma2both.xml)  
	[-------]
preparing simulation...



Equilibrating for :0s.  Please wait.

simulating system for: 1.200000e+03 second(s).

Sim time: 0.000000e+00	CPU time (total): 5.800000e-05s	 events (step): 0
Sim time: 1.200000e+01	CPU time (total): 5.933870e+00s	 events (step): 743135
Sim time: 2.400000e+01	CPU time (total): 1.519331e+01s	 events (step): 763121
Sim time: 3.600000e+01	CPU time (total): 2.485086e+01s	 events (step): 714227
Sim time: 4.800000e+01	CPU time (total): 3.461727e+01s	 events (step): 670112
Sim time: 6.000000e+01	CPU time (total): 4.349010e+01s	 events (step): 606652
Sim time: 7.200000e+01	CPU time (total): 5.202342e+01s	 events (step): 558088
Sim time: 8.400000e+01	CPU time (total): 5.910920e+01s	 events (step): 485650
Sim time: 9.600000e+01	CPU time (total): 6.503970e+01s	 events (step): 422019
Sim time: 1.080000e+02	CPU time (total): 7.008886e+01s	 events (step): 368571
Sim time: 1.200000e+02	CPU time (total): 7.481192e+01s	 events (step): 334269
Sim time: 1.320000e+02	CPU time (total): 7.867376e+01s	 events (step): 288889
Sim time: 1.440000e+02	CPU time (total): 8.234721e+01s	 events (step): 264575
Sim time: 1.560000e+02	CPU time (total): 8.539844e+01s	 events (step): 230136
Sim time: 1.680000e+02	CPU time (total): 8.824078e+01s	 events (step): 210397
Sim time: 1.800000e+02	CPU time (total): 9.069016e+01s	 events (step): 186852
Sim time: 1.920000e+02	CPU time (total): 9.284212e+01s	 events (step): 165775
Sim time: 2.040000e+02	CPU time (total): 9.474792e+01s	 events (step): 147588
Sim time: 2.160000e+02	CPU time (total): 9.638134e+01s	 events (step): 128778
Sim time: 2.280000e+02	CPU time (total): 9.774871e+01s	 events (step): 112697
Sim time: 2.400000e+02	CPU time (total): 9.901464e+01s	 events (step): 102009
Sim time: 2.520000e+02	CPU time (total): 1.000162e+02s	 events (step): 87239
Sim time: 2.640000e+02	CPU time (total): 1.010098e+02s	 events (step): 81845
Sim time: 2.760000e+02	CPU time (total): 1.018964e+02s	 events (step): 72707
Sim time: 2.880000e+02	CPU time (total): 1.026357e+02s	 events (step): 63994
Sim time: 3.000000e+02	CPU time (total): 1.033461e+02s	 events (step): 60919
Sim time: 3.120000e+02	CPU time (total): 1.040193e+02s	 events (step): 54776
Sim time: 3.240000e+02	CPU time (total): 1.046565e+02s	 events (step): 49899
Sim time: 3.360000e+02	CPU time (total): 1.051365e+02s	 events (step): 40932
Sim time: 3.480000e+02	CPU time (total): 1.055657e+02s	 events (step): 36049
Sim time: 3.600000e+02	CPU time (total): 1.059548e+02s	 events (step): 31748
Sim time: 3.720000e+02	CPU time (total): 1.063012e+02s	 events (step): 28757
Sim time: 3.840000e+02	CPU time (total): 1.065827e+02s	 events (step): 25087
Sim time: 3.960000e+02	CPU time (total): 1.068299e+02s	 events (step): 22035
Sim time: 4.080000e+02	CPU time (total): 1.070644e+02s	 events (step): 19498
Sim time: 4.200000e+02	CPU time (total): 1.072582e+02s	 events (step): 16614
Sim time: 4.320000e+02	CPU time (total): 1.074463e+02s	 events (step): 15709
Sim time: 4.440000e+02	CPU time (total): 1.076028e+02s	 events (step): 13847
Sim time: 4.560000e+02	CPU time (total): 1.077500e+02s	 events (step): 12767
Sim time: 4.680000e+02	CPU time (total): 1.078792e+02s	 events (step): 11499
Sim time: 4.800000e+02	CPU time (total): 1.079804e+02s	 events (step): 9457
Sim time: 4.920000e+02	CPU time (total): 1.080727e+02s	 events (step): 8519
Sim time: 5.040000e+02	CPU time (total): 1.081339e+02s	 events (step): 7154
Sim time: 5.160000e+02	CPU time (total): 1.082076e+02s	 events (step): 6834
Sim time: 5.280000e+02	CPU time (total): 1.082636e+02s	 events (step): 6227
Sim time: 5.400000e+02	CPU time (total): 1.083210e+02s	 events (step): 5748
Sim time: 5.520000e+02	CPU time (total): 1.083678e+02s	 events (step): 4929
Sim time: 5.640000e+02	CPU time (total): 1.084213e+02s	 events (step): 4602
Sim time: 5.760000e+02	CPU time (total): 1.084861e+02s	 events (step): 4667
Sim time: 5.880000e+02	CPU time (total): 1.085551e+02s	 events (step): 4541
Sim time: 6.000000e+02	CPU time (total): 1.086088e+02s	 events (step): 3855
Sim time: 6.120000e+02	CPU time (total): 1.086435e+02s	 events (step): 3087
Sim time: 6.240000e+02	CPU time (total): 1.086781e+02s	 events (step): 3039
Sim time: 6.360000e+02	CPU time (total): 1.087049e+02s	 events (step): 2616
Sim time: 6.480000e+02	CPU time (total): 1.087325e+02s	 events (step): 2381
Sim time: 6.600000e+02	CPU time (total): 1.087609e+02s	 events (step): 2240
Sim time: 6.720000e+02	CPU time (total): 1.087733e+02s	 events (step): 1513
Sim time: 6.840000e+02	CPU time (total): 1.087851e+02s	 events (step): 1471
Sim time: 6.960000e+02	CPU time (total): 1.087918e+02s	 events (step): 894
Sim time: 7.080000e+02	CPU time (total): 1.087939e+02s	 events (step): 477
Sim time: 7.200000e+02	CPU time (total): 1.087958e+02s	 events (step): 420
Sim time: 7.320000e+02	CPU time (total): 1.087977e+02s	 events (step): 455
Sim time: 7.440000e+02	CPU time (total): 1.087997e+02s	 events (step): 453
Sim time: 7.560000e+02	CPU time (total): 1.088015e+02s	 events (step): 422
Sim time: 7.680000e+02	CPU time (total): 1.088033e+02s	 events (step): 410
Sim time: 7.800000e+02	CPU time (total): 1.088054e+02s	 events (step): 485
Sim time: 7.920000e+02	CPU time (total): 1.088071e+02s	 events (step): 374
Sim time: 8.040000e+02	CPU time (total): 1.088085e+02s	 events (step): 340
Sim time: 8.160000e+02	CPU time (total): 1.088099e+02s	 events (step): 311
Sim time: 8.280000e+02	CPU time (total): 1.088111e+02s	 events (step): 267
Sim time: 8.400000e+02	CPU time (total): 1.088124e+02s	 events (step): 305
Sim time: 8.520000e+02	CPU time (total): 1.088137e+02s	 events (step): 298
Sim time: 8.640000e+02	CPU time (total): 1.088150e+02s	 events (step): 301
Sim time: 8.760000e+02	CPU time (total): 1.088164e+02s	 events (step): 310
Sim time: 8.880000e+02	CPU time (total): 1.088178e+02s	 events (step): 314
Sim time: 9.000000e+02	CPU time (total): 1.088191e+02s	 events (step): 317
Sim time: 9.120000e+02	CPU time (total): 1.088206e+02s	 events (step): 324
Sim time: 9.240000e+02	CPU time (total): 1.088219e+02s	 events (step): 313
Sim time: 9.360000e+02	CPU time (total): 1.088233e+02s	 events (step): 323
Sim time: 9.480000e+02	CPU time (total): 1.088246e+02s	 events (step): 307
Sim time: 9.600000e+02	CPU time (total): 1.088259e+02s	 events (step): 287
Sim time: 9.720000e+02	CPU time (total): 1.088272e+02s	 events (step): 298
Sim time: 9.840000e+02	CPU time (total): 1.088286e+02s	 events (step): 316
Sim time: 9.960000e+02	CPU time (total): 1.088298e+02s	 events (step): 291
Sim time: 1.008000e+03	CPU time (total): 1.088311e+02s	 events (step): 296
Sim time: 1.020000e+03	CPU time (total): 1.088323e+02s	 events (step): 280
Sim time: 1.032000e+03	CPU time (total): 1.088336e+02s	 events (step): 302
Sim time: 1.044000e+03	CPU time (total): 1.088348e+02s	 events (step): 271
Sim time: 1.056000e+03	CPU time (total): 1.088361e+02s	 events (step): 282
Sim time: 1.068000e+03	CPU time (total): 1.088376e+02s	 events (step): 305
Sim time: 1.080000e+03	CPU time (total): 1.088383e+02s	 events (step): 147
Sim time: 1.092000e+03	CPU time (total): 1.088391e+02s	 events (step): 169
Sim time: 1.104000e+03	CPU time (total): 1.088398e+02s	 events (step): 157
Sim time: 1.116000e+03	CPU time (total): 1.088405e+02s	 events (step): 170
Sim time: 1.128000e+03	CPU time (total): 1.088412e+02s	 events (step): 146
Sim time: 1.140000e+03	CPU time (total): 1.088418e+02s	 events (step): 153
Sim time: 1.152000e+03	CPU time (total): 1.088425e+02s	 events (step): 150
Sim time: 1.164000e+03	CPU time (total): 1.088431e+02s	 events (step): 139
Sim time: 1.176000e+03	CPU time (total): 1.088437e+02s	 events (step): 132
Sim time: 1.188000e+03	CPU time (total): 1.088445e+02s	 events (step): 173
Sim time: 1.200000e+03	CPU time (total): 1.088449e+02s	 events (step): 100

   You just simulated 8345325 reactions in 1.088449e+02s
   ( 7.667170e+04 reactions/sec, 1.304262e-05 CPU seconds/event )
   Null events: 0   (1.304262e-05 CPU seconds/non-null event )


saving list of final molecular species...

done.  Total CPU time: 110.11s

SpeciesLabel max molecule threshold set to 20.
WARNING: Species with more than 20 molecules will be labeled with the Quasi method.
readNFspecies::Reading from file /home/alex/work/alex/data/9/gamma2both.species
Read 0 unique species of 4 total.
SpeciesLabel max molecule threshold set to 0.
  (all species will be labeled with the Auto method)
CPU TIME: simulate_nf 110.16 s.
Finished processing file gamma2both.bngl.
CPU TIME: total 110.42 s.
