BioNetGen version 2.2.6
Reading from file gamma2both.bngl (level 0)
Read 40 parameters.
Read 5 molecule types.
Read 5 species.
Read 9 observable(s).
Read 68 reaction rule(s).
ACTION: simulate_nf( )
Wrote model in xml format to /home/alex/work/alex/data/8/gamma2both.xml.
Running NFsim on hop0.usrc.newmexicoconsortium.org
full command: /home/alex/work/BioNetGen-2.2.6-stable/bin/NFsim -xml /home/alex/work/alex/data/8/gamma2both.xml -o /home/alex/work/alex/data/8/gamma2both.gdat -sim 1200 -oSteps 100 -ss /home/alex/work/alex/data/8/gamma2both.species -cb -gml 200000000
[simulation PID is: 8001]
starting NFsim v1.11...

reading xml file (/home/alex/work/alex/data/8/gamma2both.xml)  
	[-------]
preparing simulation...



Equilibrating for :0s.  Please wait.

simulating system for: 1.200000e+03 second(s).

Sim time: 0.000000e+00	CPU time (total): 5.500000e-05s	 events (step): 0
Sim time: 1.200000e+01	CPU time (total): 6.203143e+00s	 events (step): 743135
Sim time: 2.400000e+01	CPU time (total): 1.600341e+01s	 events (step): 763121
Sim time: 3.600000e+01	CPU time (total): 2.624955e+01s	 events (step): 714227
Sim time: 4.800000e+01	CPU time (total): 3.661243e+01s	 events (step): 670112
Sim time: 6.000000e+01	CPU time (total): 4.603670e+01s	 events (step): 606652
Sim time: 7.200000e+01	CPU time (total): 5.510907e+01s	 events (step): 558088
Sim time: 8.400000e+01	CPU time (total): 6.264757e+01s	 events (step): 485650
Sim time: 9.600000e+01	CPU time (total): 6.895974e+01s	 events (step): 422019
Sim time: 1.080000e+02	CPU time (total): 7.432900e+01s	 events (step): 368571
Sim time: 1.200000e+02	CPU time (total): 7.934835e+01s	 events (step): 334269
Sim time: 1.320000e+02	CPU time (total): 8.344347e+01s	 events (step): 288889
Sim time: 1.440000e+02	CPU time (total): 8.734785e+01s	 events (step): 264575
Sim time: 1.560000e+02	CPU time (total): 9.059297e+01s	 events (step): 230136
Sim time: 1.680000e+02	CPU time (total): 9.361390e+01s	 events (step): 210397
Sim time: 1.800000e+02	CPU time (total): 9.621741e+01s	 events (step): 186852
Sim time: 1.920000e+02	CPU time (total): 9.850161e+01s	 events (step): 165775
Sim time: 2.040000e+02	CPU time (total): 1.005278e+02s	 events (step): 147588
Sim time: 2.160000e+02	CPU time (total): 1.022631e+02s	 events (step): 128778
Sim time: 2.280000e+02	CPU time (total): 1.037183e+02s	 events (step): 112697
Sim time: 2.400000e+02	CPU time (total): 1.050648e+02s	 events (step): 102009
Sim time: 2.520000e+02	CPU time (total): 1.061314e+02s	 events (step): 87239
Sim time: 2.640000e+02	CPU time (total): 1.071903e+02s	 events (step): 81845
Sim time: 2.760000e+02	CPU time (total): 1.081375e+02s	 events (step): 72707
Sim time: 2.880000e+02	CPU time (total): 1.089262e+02s	 events (step): 63994
Sim time: 3.000000e+02	CPU time (total): 1.096890e+02s	 events (step): 60919
Sim time: 3.120000e+02	CPU time (total): 1.103818e+02s	 events (step): 54776
Sim time: 3.240000e+02	CPU time (total): 1.110742e+02s	 events (step): 49899
Sim time: 3.360000e+02	CPU time (total): 1.115624e+02s	 events (step): 40932
Sim time: 3.480000e+02	CPU time (total): 1.119979e+02s	 events (step): 36049
Sim time: 3.600000e+02	CPU time (total): 1.123940e+02s	 events (step): 31748
Sim time: 3.720000e+02	CPU time (total): 1.127455e+02s	 events (step): 28757
Sim time: 3.840000e+02	CPU time (total): 1.130322e+02s	 events (step): 25087
Sim time: 3.960000e+02	CPU time (total): 1.132839e+02s	 events (step): 22035
Sim time: 4.080000e+02	CPU time (total): 1.135231e+02s	 events (step): 19498
Sim time: 4.200000e+02	CPU time (total): 1.137216e+02s	 events (step): 16614
Sim time: 4.320000e+02	CPU time (total): 1.139130e+02s	 events (step): 15709
Sim time: 4.440000e+02	CPU time (total): 1.140709e+02s	 events (step): 13847
Sim time: 4.560000e+02	CPU time (total): 1.142208e+02s	 events (step): 12767
Sim time: 4.680000e+02	CPU time (total): 1.143531e+02s	 events (step): 11499
Sim time: 4.800000e+02	CPU time (total): 1.144565e+02s	 events (step): 9457
Sim time: 4.920000e+02	CPU time (total): 1.145507e+02s	 events (step): 8519
Sim time: 5.040000e+02	CPU time (total): 1.146127e+02s	 events (step): 7154
Sim time: 5.160000e+02	CPU time (total): 1.146874e+02s	 events (step): 6834
Sim time: 5.280000e+02	CPU time (total): 1.147441e+02s	 events (step): 6227
Sim time: 5.400000e+02	CPU time (total): 1.148021e+02s	 events (step): 5748
Sim time: 5.520000e+02	CPU time (total): 1.148495e+02s	 events (step): 4929
Sim time: 5.640000e+02	CPU time (total): 1.149031e+02s	 events (step): 4602
Sim time: 5.760000e+02	CPU time (total): 1.149679e+02s	 events (step): 4667
Sim time: 5.880000e+02	CPU time (total): 1.150367e+02s	 events (step): 4541
Sim time: 6.000000e+02	CPU time (total): 1.150898e+02s	 events (step): 3855
Sim time: 6.120000e+02	CPU time (total): 1.151241e+02s	 events (step): 3087
Sim time: 6.240000e+02	CPU time (total): 1.151582e+02s	 events (step): 3039
Sim time: 6.360000e+02	CPU time (total): 1.151849e+02s	 events (step): 2616
Sim time: 6.480000e+02	CPU time (total): 1.152128e+02s	 events (step): 2381
Sim time: 6.600000e+02	CPU time (total): 1.152416e+02s	 events (step): 2240
Sim time: 6.720000e+02	CPU time (total): 1.152542e+02s	 events (step): 1513
Sim time: 6.840000e+02	CPU time (total): 1.152663e+02s	 events (step): 1471
Sim time: 6.960000e+02	CPU time (total): 1.152731e+02s	 events (step): 894
Sim time: 7.080000e+02	CPU time (total): 1.152752e+02s	 events (step): 477
Sim time: 7.200000e+02	CPU time (total): 1.152770e+02s	 events (step): 420
Sim time: 7.320000e+02	CPU time (total): 1.152790e+02s	 events (step): 455
Sim time: 7.440000e+02	CPU time (total): 1.152809e+02s	 events (step): 453
Sim time: 7.560000e+02	CPU time (total): 1.152828e+02s	 events (step): 422
Sim time: 7.680000e+02	CPU time (total): 1.152846e+02s	 events (step): 410
Sim time: 7.800000e+02	CPU time (total): 1.152866e+02s	 events (step): 485
Sim time: 7.920000e+02	CPU time (total): 1.152883e+02s	 events (step): 374
Sim time: 8.040000e+02	CPU time (total): 1.152897e+02s	 events (step): 340
Sim time: 8.160000e+02	CPU time (total): 1.152910e+02s	 events (step): 311
Sim time: 8.280000e+02	CPU time (total): 1.152922e+02s	 events (step): 267
Sim time: 8.400000e+02	CPU time (total): 1.152935e+02s	 events (step): 305
Sim time: 8.520000e+02	CPU time (total): 1.152948e+02s	 events (step): 298
Sim time: 8.640000e+02	CPU time (total): 1.152961e+02s	 events (step): 301
Sim time: 8.760000e+02	CPU time (total): 1.152974e+02s	 events (step): 310
Sim time: 8.880000e+02	CPU time (total): 1.152988e+02s	 events (step): 314
Sim time: 9.000000e+02	CPU time (total): 1.153001e+02s	 events (step): 317
Sim time: 9.120000e+02	CPU time (total): 1.153015e+02s	 events (step): 324
Sim time: 9.240000e+02	CPU time (total): 1.153029e+02s	 events (step): 313
Sim time: 9.360000e+02	CPU time (total): 1.153043e+02s	 events (step): 323
Sim time: 9.480000e+02	CPU time (total): 1.153056e+02s	 events (step): 307
Sim time: 9.600000e+02	CPU time (total): 1.153068e+02s	 events (step): 287
Sim time: 9.720000e+02	CPU time (total): 1.153081e+02s	 events (step): 298
Sim time: 9.840000e+02	CPU time (total): 1.153094e+02s	 events (step): 316
Sim time: 9.960000e+02	CPU time (total): 1.153107e+02s	 events (step): 291
Sim time: 1.008000e+03	CPU time (total): 1.153119e+02s	 events (step): 296
Sim time: 1.020000e+03	CPU time (total): 1.153131e+02s	 events (step): 280
Sim time: 1.032000e+03	CPU time (total): 1.153144e+02s	 events (step): 302
Sim time: 1.044000e+03	CPU time (total): 1.153156e+02s	 events (step): 271
Sim time: 1.056000e+03	CPU time (total): 1.153168e+02s	 events (step): 282
Sim time: 1.068000e+03	CPU time (total): 1.153183e+02s	 events (step): 305
Sim time: 1.080000e+03	CPU time (total): 1.153190e+02s	 events (step): 147
Sim time: 1.092000e+03	CPU time (total): 1.153197e+02s	 events (step): 169
Sim time: 1.104000e+03	CPU time (total): 1.153204e+02s	 events (step): 157
Sim time: 1.116000e+03	CPU time (total): 1.153211e+02s	 events (step): 170
Sim time: 1.128000e+03	CPU time (total): 1.153217e+02s	 events (step): 146
Sim time: 1.140000e+03	CPU time (total): 1.153224e+02s	 events (step): 153
Sim time: 1.152000e+03	CPU time (total): 1.153230e+02s	 events (step): 150
Sim time: 1.164000e+03	CPU time (total): 1.153236e+02s	 events (step): 139
Sim time: 1.176000e+03	CPU time (total): 1.153242e+02s	 events (step): 132
Sim time: 1.188000e+03	CPU time (total): 1.153249e+02s	 events (step): 173
Sim time: 1.200000e+03	CPU time (total): 1.153254e+02s	 events (step): 100

   You just simulated 8345325 reactions in 1.153254e+02s
   ( 7.236330e+04 reactions/sec, 1.381916e-05 CPU seconds/event )
   Null events: 0   (1.381916e-05 CPU seconds/non-null event )


saving list of final molecular species...

done.  Total CPU time: 116.652s

SpeciesLabel max molecule threshold set to 20.
WARNING: Species with more than 20 molecules will be labeled with the Quasi method.
readNFspecies::Reading from file /home/alex/work/alex/data/8/gamma2both.species
Read 0 unique species of 4 total.
SpeciesLabel max molecule threshold set to 0.
  (all species will be labeled with the Auto method)
CPU TIME: simulate_nf 116.72 s.
Finished processing file gamma2both.bngl.
CPU TIME: total 116.99 s.
