BioNetGen version 2.2.6
Reading from file gamma2both.bngl (level 0)
Read 40 parameters.
Read 5 molecule types.
Read 5 species.
Read 9 observable(s).
Read 68 reaction rule(s).
ACTION: simulate_nf( )
Wrote model in xml format to /home/alex/work/alex/data/7/gamma2both.xml.
Running NFsim on hop0.usrc.newmexicoconsortium.org
full command: /home/alex/work/BioNetGen-2.2.6-stable/bin/NFsim -xml /home/alex/work/alex/data/7/gamma2both.xml -o /home/alex/work/alex/data/7/gamma2both.gdat -sim 360 -oSteps 6 -ss /home/alex/work/alex/data/7/gamma2both.species -cb -gml 200000000
[simulation PID is: 9476]
starting NFsim v1.11...

reading xml file (/home/alex/work/alex/data/7/gamma2both.xml)  
	[-------]
preparing simulation...



Equilibrating for :0s.  Please wait.

simulating system for: 3.600000e+02 second(s).

Sim time: 0.000000e+00	CPU time (total): 6.100000e-05s	 events (step): 0
Sim time: 6.000000e+01	CPU time (total): 1.056035e+02s	 events (step): 4288363
Sim time: 1.200000e+02	CPU time (total): 2.303667e+02s	 events (step): 4135788
Sim time: 1.800000e+02	CPU time (total): 3.536990e+02s	 events (step): 3814742
Sim time: 2.400000e+02	CPU time (total): 4.388756e+02s	 events (step): 3626198
Sim time: 3.000000e+02	CPU time (total): 5.007516e+02s	 events (step): 3536747
Sim time: 3.600000e+02	CPU time (total): 5.630067e+02s	 events (step): 3431690

   You just simulated 22833529 reactions in 5.630067e+02s
   ( 4.055640e+04 reactions/sec, 2.465702e-05 CPU seconds/event )
   Null events: 0   (2.465702e-05 CPU seconds/non-null event )


saving list of final molecular species...

done.  Total CPU time: 564.808s

SpeciesLabel max molecule threshold set to 20.
WARNING: Species with more than 20 molecules will be labeled with the Quasi method.
readNFspecies::Reading from file /home/alex/work/alex/data/7/gamma2both.species
Read 95 unique species of 145 total.
SpeciesLabel max molecule threshold set to 0.
  (all species will be labeled with the Auto method)
CPU TIME: simulate_nf 565.14 s.
Finished processing file gamma2both.bngl.
CPU TIME: total 565.62 s.
