BioNetGen version 2.2.6
Reading from file gamma2both.bngl (level 0)
Read 40 parameters.
Read 5 molecule types.
Read 5 species.
Read 9 observable(s).
Read 68 reaction rule(s).
ACTION: simulate_nf( )
Wrote model in xml format to /home/alex/work/alex/data/8/gamma2both.xml.
Running NFsim on hop0.usrc.newmexicoconsortium.org
full command: /home/alex/work/BioNetGen-2.2.6-stable/bin/NFsim -xml /home/alex/work/alex/data/8/gamma2both.xml -o /home/alex/work/alex/data/8/gamma2both.gdat -sim 1200 -oSteps 100 -ss /home/alex/work/alex/data/8/gamma2both.species -cb -gml 200000000
[simulation PID is: 8089]
starting NFsim v1.11...

reading xml file (/home/alex/work/alex/data/8/gamma2both.xml)  
	[-------]
preparing simulation...



Equilibrating for :0s.  Please wait.

simulating system for: 1.200000e+03 second(s).

Sim time: 0.000000e+00	CPU time (total): 6.600000e-05s	 events (step): 0
Sim time: 1.200000e+01	CPU time (total): 1.115990e+01s	 events (step): 778568
Sim time: 2.400000e+01	CPU time (total): 3.198012e+01s	 events (step): 875110
Sim time: 3.600000e+01	CPU time (total): 5.565292e+01s	 events (step): 888299
Sim time: 4.800000e+01	CPU time (total): 7.997414e+01s	 events (step): 874772
Sim time: 6.000000e+01	CPU time (total): 1.038165e+02s	 events (step): 851913
Sim time: 7.200000e+01	CPU time (total): 1.280119e+02s	 events (step): 839151
Sim time: 8.400000e+01	CPU time (total): 1.511178e+02s	 events (step): 802474
Sim time: 9.600000e+01	CPU time (total): 1.734778e+02s	 events (step): 775947
Sim time: 1.080000e+02	CPU time (total): 1.956173e+02s	 events (step): 754880
Sim time: 1.200000e+02	CPU time (total): 2.180987e+02s	 events (step): 744115
Sim time: 1.320000e+02	CPU time (total): 2.397312e+02s	 events (step): 718838
Sim time: 1.440000e+02	CPU time (total): 2.615051e+02s	 events (step): 709094
Sim time: 1.560000e+02	CPU time (total): 2.828356e+02s	 events (step): 689519
Sim time: 1.680000e+02	CPU time (total): 3.034141e+02s	 events (step): 665344
Sim time: 1.800000e+02	CPU time (total): 3.240127e+02s	 events (step): 656189
Sim time: 1.920000e+02	CPU time (total): 3.442573e+02s	 events (step): 639283
Sim time: 2.040000e+02	CPU time (total): 3.641981e+02s	 events (step): 623883
Sim time: 2.160000e+02	CPU time (total): 3.833187e+02s	 events (step): 601696
Sim time: 2.280000e+02	CPU time (total): 4.022127e+02s	 events (step): 592431
Sim time: 2.400000e+02	CPU time (total): 4.209558e+02s	 events (step): 580095
Sim time: 2.520000e+02	CPU time (total): 4.393949e+02s	 events (step): 568342
Sim time: 2.640000e+02	CPU time (total): 4.577420e+02s	 events (step): 558936
Sim time: 2.760000e+02	CPU time (total): 4.753422e+02s	 events (step): 541474
Sim time: 2.880000e+02	CPU time (total): 4.930838e+02s	 events (step): 535633
Sim time: 3.000000e+02	CPU time (total): 5.107270e+02s	 events (step): 527293
Sim time: 3.120000e+02	CPU time (total): 5.281536e+02s	 events (step): 521141
Sim time: 3.240000e+02	CPU time (total): 5.453003e+02s	 events (step): 511628
Sim time: 3.360000e+02	CPU time (total): 5.622379e+02s	 events (step): 503169
Sim time: 3.480000e+02	CPU time (total): 5.789826e+02s	 events (step): 498587
Sim time: 3.600000e+02	CPU time (total): 5.959959e+02s	 events (step): 495354
Sim time: 3.720000e+02	CPU time (total): 6.126018e+02s	 events (step): 483225
Sim time: 3.840000e+02	CPU time (total): 6.292238e+02s	 events (step): 480204
Sim time: 3.960000e+02	CPU time (total): 6.452416e+02s	 events (step): 466346
Sim time: 4.080000e+02	CPU time (total): 6.612249e+02s	 events (step): 461034
Sim time: 4.200000e+02	CPU time (total): 6.768290e+02s	 events (step): 450178
Sim time: 4.320000e+02	CPU time (total): 6.920539e+02s	 events (step): 443018
Sim time: 4.440000e+02	CPU time (total): 7.072159e+02s	 events (step): 438441
Sim time: 4.560000e+02	CPU time (total): 7.220490e+02s	 events (step): 431481
Sim time: 4.680000e+02	CPU time (total): 7.366760e+02s	 events (step): 423983
Sim time: 4.800000e+02	CPU time (total): 7.479840e+02s	 events (step): 421497
Sim time: 4.920000e+02	CPU time (total): 7.558610e+02s	 events (step): 413533
Sim time: 5.040000e+02	CPU time (total): 7.636543e+02s	 events (step): 406595
Sim time: 5.160000e+02	CPU time (total): 7.712572e+02s	 events (step): 400992
Sim time: 5.280000e+02	CPU time (total): 7.787275e+02s	 events (step): 392811
Sim time: 5.400000e+02	CPU time (total): 7.862729e+02s	 events (step): 394158
Sim time: 5.520000e+02	CPU time (total): 7.936900e+02s	 events (step): 387330
Sim time: 5.640000e+02	CPU time (total): 8.010609e+02s	 events (step): 383786
Sim time: 5.760000e+02	CPU time (total): 8.084270e+02s	 events (step): 379447
Sim time: 5.880000e+02	CPU time (total): 8.157021e+02s	 events (step): 376467
Sim time: 6.000000e+02	CPU time (total): 8.229930e+02s	 events (step): 373212
Sim time: 6.120000e+02	CPU time (total): 8.302299e+02s	 events (step): 371368
Sim time: 6.240000e+02	CPU time (total): 8.372940e+02s	 events (step): 361718
Sim time: 6.360000e+02	CPU time (total): 8.441574e+02s	 events (step): 355727
Sim time: 6.480000e+02	CPU time (total): 8.509001e+02s	 events (step): 354062
Sim time: 6.600000e+02	CPU time (total): 8.571244e+02s	 events (step): 341472
Sim time: 6.720000e+02	CPU time (total): 8.632568e+02s	 events (step): 334874
Sim time: 6.840000e+02	CPU time (total): 8.692237e+02s	 events (step): 328687
Sim time: 6.960000e+02	CPU time (total): 8.752108e+02s	 events (step): 328283
Sim time: 7.080000e+02	CPU time (total): 8.811474e+02s	 events (step): 324194
Sim time: 7.200000e+02	CPU time (total): 8.869118e+02s	 events (step): 317741
Sim time: 7.320000e+02	CPU time (total): 8.925226e+02s	 events (step): 309943
Sim time: 7.440000e+02	CPU time (total): 8.981908e+02s	 events (step): 309066
Sim time: 7.560000e+02	CPU time (total): 9.036606e+02s	 events (step): 301622
Sim time: 7.680000e+02	CPU time (total): 9.090477e+02s	 events (step): 296394
Sim time: 7.800000e+02	CPU time (total): 9.144416e+02s	 events (step): 294811
Sim time: 7.920000e+02	CPU time (total): 9.196973e+02s	 events (step): 287578
Sim time: 8.040000e+02	CPU time (total): 9.249197e+02s	 events (step): 286160
Sim time: 8.160000e+02	CPU time (total): 9.299561e+02s	 events (step): 277496
Sim time: 8.280000e+02	CPU time (total): 9.348332e+02s	 events (step): 269162
Sim time: 8.400000e+02	CPU time (total): 9.397396e+02s	 events (step): 269890
Sim time: 8.520000e+02	CPU time (total): 9.445845e+02s	 events (step): 267453
Sim time: 8.640000e+02	CPU time (total): 9.493425e+02s	 events (step): 262965
Sim time: 8.760000e+02	CPU time (total): 9.542350e+02s	 events (step): 264703
Sim time: 8.880000e+02	CPU time (total): 9.589918e+02s	 events (step): 259052
Sim time: 9.000000e+02	CPU time (total): 9.636892e+02s	 events (step): 257102
Sim time: 9.120000e+02	CPU time (total): 9.683618e+02s	 events (step): 254722
Sim time: 9.240000e+02	CPU time (total): 9.730433e+02s	 events (step): 254528
Sim time: 9.360000e+02	CPU time (total): 9.775140e+02s	 events (step): 245346
Sim time: 9.480000e+02	CPU time (total): 9.820313e+02s	 events (step): 245272
Sim time: 9.600000e+02	CPU time (total): 9.865414e+02s	 events (step): 244398
Sim time: 9.720000e+02	CPU time (total): 9.910294e+02s	 events (step): 241009
Sim time: 9.840000e+02	CPU time (total): 9.953841e+02s	 events (step): 237091
Sim time: 9.960000e+02	CPU time (total): 9.997469e+02s	 events (step): 234480
Sim time: 1.008000e+03	CPU time (total): 1.004123e+03s	 events (step): 233149
Sim time: 1.020000e+03	CPU time (total): 1.008463e+03s	 events (step): 230970
Sim time: 1.032000e+03	CPU time (total): 1.012658e+03s	 events (step): 224538
Sim time: 1.044000e+03	CPU time (total): 1.016802e+03s	 events (step): 221748
Sim time: 1.056000e+03	CPU time (total): 1.020841e+03s	 events (step): 217623
Sim time: 1.068000e+03	CPU time (total): 1.024755e+03s	 events (step): 211186
Sim time: 1.080000e+03	CPU time (total): 1.028612e+03s	 events (step): 207165
Sim time: 1.092000e+03	CPU time (total): 1.032465e+03s	 events (step): 206972
Sim time: 1.104000e+03	CPU time (total): 1.036208e+03s	 events (step): 200754
Sim time: 1.116000e+03	CPU time (total): 1.039974e+03s	 events (step): 199055
Sim time: 1.128000e+03	CPU time (total): 1.043587e+03s	 events (step): 192979
Sim time: 1.140000e+03	CPU time (total): 1.047193e+03s	 events (step): 191167
Sim time: 1.152000e+03	CPU time (total): 1.050706e+03s	 events (step): 189035
Sim time: 1.164000e+03	CPU time (total): 1.054119e+03s	 events (step): 183857
Sim time: 1.176000e+03	CPU time (total): 1.057548e+03s	 events (step): 183714
Sim time: 1.188000e+03	CPU time (total): 1.060886e+03s	 events (step): 180689
Sim time: 1.200000e+03	CPU time (total): 1.064202e+03s	 events (step): 178517

   You just simulated 41372384 reactions in 1.064202e+03s
   ( 3.887644e+04 reactions/sec, 2.572252e-05 CPU seconds/event )
   Null events: 0   (2.572252e-05 CPU seconds/non-null event )


saving list of final molecular species...

done.  Total CPU time: 1065.64s

SpeciesLabel max molecule threshold set to 20.
WARNING: Species with more than 20 molecules will be labeled with the Quasi method.
readNFspecies::Reading from file /home/alex/work/alex/data/8/gamma2both.species
Read 49 unique species of 68 total.
SpeciesLabel max molecule threshold set to 0.
  (all species will be labeled with the Auto method)
CPU TIME: simulate_nf 1065.79 s.
Finished processing file gamma2both.bngl.
CPU TIME: total 1066.05 s.
