BioNetGen version 2.2.6
Reading from file gamma2both.bngl (level 0)
Read 40 parameters.
Read 5 molecule types.
Read 5 species.
Read 9 observable(s).
Read 68 reaction rule(s).
ACTION: simulate_nf( )
Wrote model in xml format to /home/alex/work/alex/data/2/gamma2both.xml.
Running NFsim on hop0.usrc.newmexicoconsortium.org
full command: /home/alex/work/BioNetGen-2.2.6-stable/bin/NFsim -xml /home/alex/work/alex/data/2/gamma2both.xml -o /home/alex/work/alex/data/2/gamma2both.gdat -sim 1200 -oSteps 100 -ss /home/alex/work/alex/data/2/gamma2both.species -cb -gml 200000000
[simulation PID is: 7647]
starting NFsim v1.11...

reading xml file (/home/alex/work/alex/data/2/gamma2both.xml)  
	[-------]
preparing simulation...



Equilibrating for :0s.  Please wait.

simulating system for: 1.200000e+03 second(s).

Sim time: 0.000000e+00	CPU time (total): 7.000000e-05s	 events (step): 0
Sim time: 1.200000e+01	CPU time (total): 1.056649e+01s	 events (step): 750098
Sim time: 2.400000e+01	CPU time (total): 2.737532e+01s	 events (step): 762820
Sim time: 3.600000e+01	CPU time (total): 4.606080e+01s	 events (step): 728367
Sim time: 4.800000e+01	CPU time (total): 6.452501e+01s	 events (step): 674677
Sim time: 6.000000e+01	CPU time (total): 7.984796e+01s	 events (step): 586612
Sim time: 7.200000e+01	CPU time (total): 9.276769e+01s	 events (step): 512398
Sim time: 8.400000e+01	CPU time (total): 1.030259e+02s	 events (step): 451543
Sim time: 9.600000e+01	CPU time (total): 1.082817e+02s	 events (step): 402864
Sim time: 1.080000e+02	CPU time (total): 1.130877e+02s	 events (step): 362431
Sim time: 1.200000e+02	CPU time (total): 1.172538e+02s	 events (step): 317650
Sim time: 1.320000e+02	CPU time (total): 1.205487e+02s	 events (step): 274037
Sim time: 1.440000e+02	CPU time (total): 1.235381e+02s	 events (step): 244790
Sim time: 1.560000e+02	CPU time (total): 1.263585e+02s	 events (step): 224795
Sim time: 1.680000e+02	CPU time (total): 1.286483e+02s	 events (step): 195659
Sim time: 1.800000e+02	CPU time (total): 1.304593e+02s	 events (step): 167266
Sim time: 1.920000e+02	CPU time (total): 1.320623e+02s	 events (step): 147885
Sim time: 2.040000e+02	CPU time (total): 1.336489e+02s	 events (step): 137506
Sim time: 2.160000e+02	CPU time (total): 1.350842e+02s	 events (step): 123182
Sim time: 2.280000e+02	CPU time (total): 1.363113e+02s	 events (step): 109100
Sim time: 2.400000e+02	CPU time (total): 1.374257e+02s	 events (step): 97258
Sim time: 2.520000e+02	CPU time (total): 1.384909e+02s	 events (step): 89798
Sim time: 2.640000e+02	CPU time (total): 1.395084e+02s	 events (step): 81484
Sim time: 2.760000e+02	CPU time (total): 1.404161e+02s	 events (step): 71811
Sim time: 2.880000e+02	CPU time (total): 1.411558e+02s	 events (step): 62068
Sim time: 3.000000e+02	CPU time (total): 1.418481e+02s	 events (step): 55969
Sim time: 3.120000e+02	CPU time (total): 1.424151e+02s	 events (step): 47779
Sim time: 3.240000e+02	CPU time (total): 1.429415e+02s	 events (step): 42173
Sim time: 3.360000e+02	CPU time (total): 1.433959e+02s	 events (step): 37313
Sim time: 3.480000e+02	CPU time (total): 1.438209e+02s	 events (step): 33709
Sim time: 3.600000e+02	CPU time (total): 1.442064e+02s	 events (step): 30172
Sim time: 3.720000e+02	CPU time (total): 1.445393e+02s	 events (step): 26090
Sim time: 3.840000e+02	CPU time (total): 1.448153e+02s	 events (step): 21893
Sim time: 3.960000e+02	CPU time (total): 1.450952e+02s	 events (step): 20567
Sim time: 4.080000e+02	CPU time (total): 1.453362e+02s	 events (step): 17951
Sim time: 4.200000e+02	CPU time (total): 1.455403e+02s	 events (step): 15341
Sim time: 4.320000e+02	CPU time (total): 1.456750e+02s	 events (step): 11979
Sim time: 4.440000e+02	CPU time (total): 1.458170e+02s	 events (step): 11292
Sim time: 4.560000e+02	CPU time (total): 1.459612e+02s	 events (step): 10591
Sim time: 4.680000e+02	CPU time (total): 1.460919e+02s	 events (step): 9494
Sim time: 4.800000e+02	CPU time (total): 1.461874e+02s	 events (step): 7855
Sim time: 4.920000e+02	CPU time (total): 1.462560e+02s	 events (step): 5941
Sim time: 5.040000e+02	CPU time (total): 1.462848e+02s	 events (step): 4224
Sim time: 5.160000e+02	CPU time (total): 1.463340e+02s	 events (step): 4366
Sim time: 5.280000e+02	CPU time (total): 1.463626e+02s	 events (step): 3398
Sim time: 5.400000e+02	CPU time (total): 1.463798e+02s	 events (step): 2830
Sim time: 5.520000e+02	CPU time (total): 1.463961e+02s	 events (step): 2668
Sim time: 5.640000e+02	CPU time (total): 1.464090e+02s	 events (step): 2446
Sim time: 5.760000e+02	CPU time (total): 1.464202e+02s	 events (step): 2179
Sim time: 5.880000e+02	CPU time (total): 1.464392e+02s	 events (step): 2309
Sim time: 6.000000e+02	CPU time (total): 1.464490e+02s	 events (step): 1749
Sim time: 6.120000e+02	CPU time (total): 1.464667e+02s	 events (step): 2016
Sim time: 6.240000e+02	CPU time (total): 1.464871e+02s	 events (step): 2056
Sim time: 6.360000e+02	CPU time (total): 1.464965e+02s	 events (step): 1625
Sim time: 6.480000e+02	CPU time (total): 1.465054e+02s	 events (step): 1542
Sim time: 6.600000e+02	CPU time (total): 1.465282e+02s	 events (step): 1924
Sim time: 6.720000e+02	CPU time (total): 1.465429e+02s	 events (step): 1640
Sim time: 6.840000e+02	CPU time (total): 1.465476e+02s	 events (step): 1102
Sim time: 6.960000e+02	CPU time (total): 1.465518e+02s	 events (step): 1037
Sim time: 7.080000e+02	CPU time (total): 1.465560e+02s	 events (step): 1056
Sim time: 7.200000e+02	CPU time (total): 1.465605e+02s	 events (step): 1116
Sim time: 7.320000e+02	CPU time (total): 1.465649e+02s	 events (step): 1076
Sim time: 7.440000e+02	CPU time (total): 1.465696e+02s	 events (step): 1028
Sim time: 7.560000e+02	CPU time (total): 1.465762e+02s	 events (step): 924
Sim time: 7.680000e+02	CPU time (total): 1.465806e+02s	 events (step): 863
Sim time: 7.800000e+02	CPU time (total): 1.465846e+02s	 events (step): 750
Sim time: 7.920000e+02	CPU time (total): 1.465901e+02s	 events (step): 736
Sim time: 8.040000e+02	CPU time (total): 1.465958e+02s	 events (step): 683
Sim time: 8.160000e+02	CPU time (total): 1.466023e+02s	 events (step): 724
Sim time: 8.280000e+02	CPU time (total): 1.466066e+02s	 events (step): 590
Sim time: 8.400000e+02	CPU time (total): 1.466086e+02s	 events (step): 431
Sim time: 8.520000e+02	CPU time (total): 1.466107e+02s	 events (step): 445
Sim time: 8.640000e+02	CPU time (total): 1.466127e+02s	 events (step): 434
Sim time: 8.760000e+02	CPU time (total): 1.466147e+02s	 events (step): 444
Sim time: 8.880000e+02	CPU time (total): 1.466167e+02s	 events (step): 450
Sim time: 9.000000e+02	CPU time (total): 1.466189e+02s	 events (step): 481
Sim time: 9.120000e+02	CPU time (total): 1.466209e+02s	 events (step): 419
Sim time: 9.240000e+02	CPU time (total): 1.466229e+02s	 events (step): 452
Sim time: 9.360000e+02	CPU time (total): 1.466251e+02s	 events (step): 477
Sim time: 9.480000e+02	CPU time (total): 1.466272e+02s	 events (step): 449
Sim time: 9.600000e+02	CPU time (total): 1.466289e+02s	 events (step): 366
Sim time: 9.720000e+02	CPU time (total): 1.466303e+02s	 events (step): 313
Sim time: 9.840000e+02	CPU time (total): 1.466314e+02s	 events (step): 246
Sim time: 9.960000e+02	CPU time (total): 1.466328e+02s	 events (step): 298
Sim time: 1.008000e+03	CPU time (total): 1.466342e+02s	 events (step): 305
Sim time: 1.020000e+03	CPU time (total): 1.466348e+02s	 events (step): 151
Sim time: 1.200000e+03	CPU time (total): 1.466353e+02s	 events (step): 58

   You just simulated 8037084 reactions in 1.466353e+02s
   ( 5.481003e+04 reactions/sec, 1.824484e-05 CPU seconds/event )
   Null events: 0   (1.824484e-05 CPU seconds/non-null event )


saving list of final molecular species...

done.  Total CPU time: 148.376s

SpeciesLabel max molecule threshold set to 20.
WARNING: Species with more than 20 molecules will be labeled with the Quasi method.
readNFspecies::Reading from file /home/alex/work/alex/data/2/gamma2both.species
Read 0 unique species of 4 total.
SpeciesLabel max molecule threshold set to 0.
  (all species will be labeled with the Auto method)
CPU TIME: simulate_nf 148.46 s.
Finished processing file gamma2both.bngl.
CPU TIME: total 148.90 s.
