BioNetGen version 2.2.6
Reading from file gamma2both.bngl (level 0)
Read 40 parameters.
Read 5 molecule types.
Read 5 species.
Read 9 observable(s).
Read 68 reaction rule(s).
ACTION: simulate_nf( )
Wrote model in xml format to /home/alex/work/alex/data/7/gamma2both.xml.
Running NFsim on hop0.usrc.newmexicoconsortium.org
full command: /home/alex/work/BioNetGen-2.2.6-stable/bin/NFsim -xml /home/alex/work/alex/data/7/gamma2both.xml -o /home/alex/work/alex/data/7/gamma2both.gdat -sim 1200 -oSteps 100 -cb -gml 200000000 -ss /home/alex/work/alex/data/7/gamma2both.species
[simulation PID is: 7549]
starting NFsim v1.11...

reading xml file (/home/alex/work/alex/data/7/gamma2both.xml)  
	[-------]
preparing simulation...



Equilibrating for :0s.  Please wait.

simulating system for: 1.200000e+03 second(s).

Sim time: 0.000000e+00	CPU time (total): 5.900000e-05s	 events (step): 0
Sim time: 1.200000e+01	CPU time (total): 6.468451e+00s	 events (step): 776166
Sim time: 2.400000e+01	CPU time (total): 1.759480e+01s	 events (step): 863104
Sim time: 3.600000e+01	CPU time (total): 3.037676e+01s	 events (step): 889693
Sim time: 4.800000e+01	CPU time (total): 4.418116e+01s	 events (step): 892408
Sim time: 6.000000e+01	CPU time (total): 5.771372e+01s	 events (step): 866110
Sim time: 7.200000e+01	CPU time (total): 7.154002e+01s	 events (step): 855573
Sim time: 8.400000e+01	CPU time (total): 8.522202e+01s	 events (step): 829758
Sim time: 9.600000e+01	CPU time (total): 9.827775e+01s	 events (step): 797695
Sim time: 1.080000e+02	CPU time (total): 1.110541e+02s	 events (step): 772636
Sim time: 1.200000e+02	CPU time (total): 1.240203e+02s	 events (step): 761487
Sim time: 1.320000e+02	CPU time (total): 1.363321e+02s	 events (step): 727046
Sim time: 1.440000e+02	CPU time (total): 1.488807e+02s	 events (step): 718634
Sim time: 1.560000e+02	CPU time (total): 1.613603e+02s	 events (step): 704190
Sim time: 1.680000e+02	CPU time (total): 1.734301e+02s	 events (step): 680563
Sim time: 1.800000e+02	CPU time (total): 1.853167e+02s	 events (step): 663209
Sim time: 1.920000e+02	CPU time (total): 1.968964e+02s	 events (step): 643237
Sim time: 2.040000e+02	CPU time (total): 2.084805e+02s	 events (step): 631822
Sim time: 2.160000e+02	CPU time (total): 2.201143e+02s	 events (step): 621018
Sim time: 2.280000e+02	CPU time (total): 2.312638e+02s	 events (step): 598736
Sim time: 2.400000e+02	CPU time (total): 2.425996e+02s	 events (step): 595543
Sim time: 2.520000e+02	CPU time (total): 2.537375e+02s	 events (step): 581583
Sim time: 2.640000e+02	CPU time (total): 2.647889e+02s	 events (step): 572175
Sim time: 2.760000e+02	CPU time (total): 2.757054e+02s	 events (step): 559751
Sim time: 2.880000e+02	CPU time (total): 2.863375e+02s	 events (step): 546579
Sim time: 3.000000e+02	CPU time (total): 2.970005e+02s	 events (step): 543317
Sim time: 3.120000e+02	CPU time (total): 3.074068e+02s	 events (step): 530147
Sim time: 3.240000e+02	CPU time (total): 3.178598e+02s	 events (step): 526858
Sim time: 3.360000e+02	CPU time (total): 3.281448e+02s	 events (step): 516978
Sim time: 3.480000e+02	CPU time (total): 3.383713e+02s	 events (step): 509597
Sim time: 3.600000e+02	CPU time (total): 3.484278e+02s	 events (step): 500736
Sim time: 3.720000e+02	CPU time (total): 3.582782e+02s	 events (step): 490729
Sim time: 3.840000e+02	CPU time (total): 3.681912e+02s	 events (step): 490081
Sim time: 3.960000e+02	CPU time (total): 3.782027e+02s	 events (step): 488179
Sim time: 4.080000e+02	CPU time (total): 3.880501e+02s	 events (step): 480032
Sim time: 4.200000e+02	CPU time (total): 3.975973e+02s	 events (step): 467698
Sim time: 4.320000e+02	CPU time (total): 4.072288e+02s	 events (step): 465646
Sim time: 4.440000e+02	CPU time (total): 4.165111e+02s	 events (step): 452339
Sim time: 4.560000e+02	CPU time (total): 4.256705e+02s	 events (step): 445341
Sim time: 4.680000e+02	CPU time (total): 4.347826e+02s	 events (step): 439932
Sim time: 4.800000e+02	CPU time (total): 4.438123e+02s	 events (step): 434646
Sim time: 4.920000e+02	CPU time (total): 4.526878e+02s	 events (step): 427809
Sim time: 5.040000e+02	CPU time (total): 4.613602e+02s	 events (step): 420888
Sim time: 5.160000e+02	CPU time (total): 4.700228e+02s	 events (step): 417813
Sim time: 5.280000e+02	CPU time (total): 4.786348e+02s	 events (step): 412817
Sim time: 5.400000e+02	CPU time (total): 4.870356e+02s	 events (step): 403725
Sim time: 5.520000e+02	CPU time (total): 4.955814e+02s	 events (step): 405186
Sim time: 5.640000e+02	CPU time (total): 5.039602e+02s	 events (step): 396328
Sim time: 5.760000e+02	CPU time (total): 5.121133e+02s	 events (step): 389488
Sim time: 5.880000e+02	CPU time (total): 5.201528e+02s	 events (step): 382489
Sim time: 6.000000e+02	CPU time (total): 5.282383e+02s	 events (step): 381196
Sim time: 6.120000e+02	CPU time (total): 5.359689e+02s	 events (step): 370914
Sim time: 6.240000e+02	CPU time (total): 5.436988e+02s	 events (step): 367202
Sim time: 6.360000e+02	CPU time (total): 5.512090e+02s	 events (step): 359202
Sim time: 6.480000e+02	CPU time (total): 5.585309e+02s	 events (step): 352918
Sim time: 6.600000e+02	CPU time (total): 5.657523e+02s	 events (step): 347087
Sim time: 6.720000e+02	CPU time (total): 5.729862e+02s	 events (step): 343781
Sim time: 6.840000e+02	CPU time (total): 5.800421e+02s	 events (step): 338488
Sim time: 6.960000e+02	CPU time (total): 5.871578e+02s	 events (step): 337198
Sim time: 7.080000e+02	CPU time (total): 5.940581e+02s	 events (step): 328514
Sim time: 7.200000e+02	CPU time (total): 6.009040e+02s	 events (step): 325774
Sim time: 7.320000e+02	CPU time (total): 6.076438e+02s	 events (step): 322236
Sim time: 7.440000e+02	CPU time (total): 6.141929e+02s	 events (step): 313949
Sim time: 7.560000e+02	CPU time (total): 6.207800e+02s	 events (step): 314380
Sim time: 7.680000e+02	CPU time (total): 6.272291e+02s	 events (step): 308471
Sim time: 7.800000e+02	CPU time (total): 6.335615e+02s	 events (step): 303657
Sim time: 7.920000e+02	CPU time (total): 6.398092e+02s	 events (step): 299903
Sim time: 8.040000e+02	CPU time (total): 6.461026e+02s	 events (step): 299835
Sim time: 8.160000e+02	CPU time (total): 6.522080e+02s	 events (step): 292866
Sim time: 8.280000e+02	CPU time (total): 6.583632e+02s	 events (step): 291672
Sim time: 8.400000e+02	CPU time (total): 6.644299e+02s	 events (step): 288266
Sim time: 8.520000e+02	CPU time (total): 6.703631e+02s	 events (step): 282499
Sim time: 8.640000e+02	CPU time (total): 6.761463e+02s	 events (step): 275511
Sim time: 8.760000e+02	CPU time (total): 6.819918e+02s	 events (step): 274946
Sim time: 8.880000e+02	CPU time (total): 6.875631e+02s	 events (step): 267357
Sim time: 9.000000e+02	CPU time (total): 6.930161e+02s	 events (step): 261157
Sim time: 9.120000e+02	CPU time (total): 6.983227e+02s	 events (step): 257465
Sim time: 9.240000e+02	CPU time (total): 7.035894e+02s	 events (step): 254782
Sim time: 9.360000e+02	CPU time (total): 7.089256e+02s	 events (step): 254114
Sim time: 9.480000e+02	CPU time (total): 7.140573e+02s	 events (step): 246722
Sim time: 9.600000e+02	CPU time (total): 7.192125e+02s	 events (step): 246253
Sim time: 9.720000e+02	CPU time (total): 7.242178e+02s	 events (step): 240811
Sim time: 9.840000e+02	CPU time (total): 7.291699e+02s	 events (step): 237574
Sim time: 9.960000e+02	CPU time (total): 7.338906e+02s	 events (step): 229239
Sim time: 1.008000e+03	CPU time (total): 7.385828e+02s	 events (step): 227164
Sim time: 1.020000e+03	CPU time (total): 7.433416e+02s	 events (step): 227826
Sim time: 1.032000e+03	CPU time (total): 7.479472e+02s	 events (step): 220553
Sim time: 1.044000e+03	CPU time (total): 7.523741e+02s	 events (step): 215071
Sim time: 1.056000e+03	CPU time (total): 7.568448e+02s	 events (step): 215520
Sim time: 1.068000e+03	CPU time (total): 7.612926e+02s	 events (step): 213312
Sim time: 1.080000e+03	CPU time (total): 7.655053e+02s	 events (step): 204377
Sim time: 1.092000e+03	CPU time (total): 7.696005e+02s	 events (step): 200520
Sim time: 1.104000e+03	CPU time (total): 7.736376e+02s	 events (step): 197335
Sim time: 1.116000e+03	CPU time (total): 7.775694e+02s	 events (step): 193521
Sim time: 1.128000e+03	CPU time (total): 7.814657e+02s	 events (step): 190408
Sim time: 1.140000e+03	CPU time (total): 7.851510e+02s	 events (step): 184255
Sim time: 1.152000e+03	CPU time (total): 7.888896e+02s	 events (step): 184552
Sim time: 1.164000e+03	CPU time (total): 7.924708e+02s	 events (step): 179177
Sim time: 1.176000e+03	CPU time (total): 7.960448e+02s	 events (step): 176474
Sim time: 1.188000e+03	CPU time (total): 7.995678e+02s	 events (step): 173888
Sim time: 1.200000e+03	CPU time (total): 8.028896e+02s	 events (step): 167118

   You just simulated 42174526 reactions in 8.028896e+02s
   ( 5.252842e+04 reactions/sec, 1.903731e-05 CPU seconds/event )
   Null events: 0   (1.903731e-05 CPU seconds/non-null event )


saving list of final molecular species...

done.  Total CPU time: 804.158s

SpeciesLabel max molecule threshold set to 20.
WARNING: Species with more than 20 molecules will be labeled with the Quasi method.
readNFspecies::Reading from file /home/alex/work/alex/data/7/gamma2both.species
Read 45 unique species of 68 total.
SpeciesLabel max molecule threshold set to 0.
  (all species will be labeled with the Auto method)
CPU TIME: simulate_nf 804.40 s.
Finished processing file gamma2both.bngl.
CPU TIME: total 804.87 s.
