BioNetGen version 2.2.6
Reading from file gamma2both.bngl (level 0)
Read 40 parameters.
Read 5 molecule types.
Read 5 species.
Read 9 observable(s).
Read 68 reaction rule(s).
ACTION: simulate_nf( )
Wrote model in xml format to /home/alex/work/alex/data/8/gamma2both.xml.
Running NFsim on hop0.usrc.newmexicoconsortium.org
full command: /home/alex/work/BioNetGen-2.2.6-stable/bin/NFsim -xml /home/alex/work/alex/data/8/gamma2both.xml -o /home/alex/work/alex/data/8/gamma2both.gdat -sim 1200 -oSteps 100 -gml 200000000 -ss /home/alex/work/alex/data/8/gamma2both.species -cb
[simulation PID is: 7653]
starting NFsim v1.11...

reading xml file (/home/alex/work/alex/data/8/gamma2both.xml)  
	[-------]
preparing simulation...



Equilibrating for :0s.  Please wait.

simulating system for: 1.200000e+03 second(s).

Sim time: 0.000000e+00	CPU time (total): 5.800000e-05s	 events (step): 0
Sim time: 1.200000e+01	CPU time (total): 6.307738e+00s	 events (step): 750098
Sim time: 2.400000e+01	CPU time (total): 1.588027e+01s	 events (step): 762820
Sim time: 3.600000e+01	CPU time (total): 2.633108e+01s	 events (step): 728367
Sim time: 4.800000e+01	CPU time (total): 3.660524e+01s	 events (step): 674677
Sim time: 6.000000e+01	CPU time (total): 4.522064e+01s	 events (step): 586612
Sim time: 7.200000e+01	CPU time (total): 5.256203e+01s	 events (step): 512398
Sim time: 8.400000e+01	CPU time (total): 5.889762e+01s	 events (step): 451543
Sim time: 9.600000e+01	CPU time (total): 6.455872e+01s	 events (step): 402864
Sim time: 1.080000e+02	CPU time (total): 6.975268e+01s	 events (step): 362431
Sim time: 1.200000e+02	CPU time (total): 7.431189e+01s	 events (step): 317650
Sim time: 1.320000e+02	CPU time (total): 7.805510e+01s	 events (step): 274037
Sim time: 1.440000e+02	CPU time (total): 8.145358e+01s	 events (step): 244790
Sim time: 1.560000e+02	CPU time (total): 8.465171e+01s	 events (step): 224795
Sim time: 1.680000e+02	CPU time (total): 8.724298e+01s	 events (step): 195659
Sim time: 1.800000e+02	CPU time (total): 8.928945e+01s	 events (step): 167266
Sim time: 1.920000e+02	CPU time (total): 9.110333e+01s	 events (step): 147885
Sim time: 2.040000e+02	CPU time (total): 9.289077e+01s	 events (step): 137506
Sim time: 2.160000e+02	CPU time (total): 9.450211e+01s	 events (step): 123182
Sim time: 2.280000e+02	CPU time (total): 9.587443e+01s	 events (step): 109100
Sim time: 2.400000e+02	CPU time (total): 9.711793e+01s	 events (step): 97258
Sim time: 2.520000e+02	CPU time (total): 9.830494e+01s	 events (step): 89798
Sim time: 2.640000e+02	CPU time (total): 9.944021e+01s	 events (step): 81484
Sim time: 2.760000e+02	CPU time (total): 1.004499e+02s	 events (step): 71811
Sim time: 2.880000e+02	CPU time (total): 1.012692e+02s	 events (step): 62068
Sim time: 3.000000e+02	CPU time (total): 1.020368e+02s	 events (step): 55969
Sim time: 3.120000e+02	CPU time (total): 1.026660e+02s	 events (step): 47779
Sim time: 3.240000e+02	CPU time (total): 1.032496e+02s	 events (step): 42173
Sim time: 3.360000e+02	CPU time (total): 1.037508e+02s	 events (step): 37313
Sim time: 3.480000e+02	CPU time (total): 1.042194e+02s	 events (step): 33709
Sim time: 3.600000e+02	CPU time (total): 1.046462e+02s	 events (step): 30172
Sim time: 3.720000e+02	CPU time (total): 1.050131e+02s	 events (step): 26090
Sim time: 3.840000e+02	CPU time (total): 1.053183e+02s	 events (step): 21893
Sim time: 3.960000e+02	CPU time (total): 1.056272e+02s	 events (step): 20567
Sim time: 4.080000e+02	CPU time (total): 1.058928e+02s	 events (step): 17951
Sim time: 4.200000e+02	CPU time (total): 1.061171e+02s	 events (step): 15341
Sim time: 4.320000e+02	CPU time (total): 1.062650e+02s	 events (step): 11979
Sim time: 4.440000e+02	CPU time (total): 1.064210e+02s	 events (step): 11292
Sim time: 4.560000e+02	CPU time (total): 1.065798e+02s	 events (step): 10591
Sim time: 4.680000e+02	CPU time (total): 1.067240e+02s	 events (step): 9494
Sim time: 4.800000e+02	CPU time (total): 1.068296e+02s	 events (step): 7855
Sim time: 4.920000e+02	CPU time (total): 1.069057e+02s	 events (step): 5941
Sim time: 5.040000e+02	CPU time (total): 1.069376e+02s	 events (step): 4224
Sim time: 5.160000e+02	CPU time (total): 1.069919e+02s	 events (step): 4366
Sim time: 5.280000e+02	CPU time (total): 1.070239e+02s	 events (step): 3398
Sim time: 5.400000e+02	CPU time (total): 1.070431e+02s	 events (step): 2830
Sim time: 5.520000e+02	CPU time (total): 1.070614e+02s	 events (step): 2668
Sim time: 5.640000e+02	CPU time (total): 1.070758e+02s	 events (step): 2446
Sim time: 5.760000e+02	CPU time (total): 1.070884e+02s	 events (step): 2179
Sim time: 5.880000e+02	CPU time (total): 1.071094e+02s	 events (step): 2309
Sim time: 6.000000e+02	CPU time (total): 1.071203e+02s	 events (step): 1749
Sim time: 6.120000e+02	CPU time (total): 1.071401e+02s	 events (step): 2016
Sim time: 6.240000e+02	CPU time (total): 1.071628e+02s	 events (step): 2056
Sim time: 6.360000e+02	CPU time (total): 1.071734e+02s	 events (step): 1625
Sim time: 6.480000e+02	CPU time (total): 1.071832e+02s	 events (step): 1542
Sim time: 6.600000e+02	CPU time (total): 1.072089e+02s	 events (step): 1924
Sim time: 6.720000e+02	CPU time (total): 1.072253e+02s	 events (step): 1640
Sim time: 6.840000e+02	CPU time (total): 1.072306e+02s	 events (step): 1102
Sim time: 6.960000e+02	CPU time (total): 1.072353e+02s	 events (step): 1037
Sim time: 7.080000e+02	CPU time (total): 1.072400e+02s	 events (step): 1056
Sim time: 7.200000e+02	CPU time (total): 1.072450e+02s	 events (step): 1116
Sim time: 7.320000e+02	CPU time (total): 1.072499e+02s	 events (step): 1076
Sim time: 7.440000e+02	CPU time (total): 1.072545e+02s	 events (step): 1028
Sim time: 7.560000e+02	CPU time (total): 1.072586e+02s	 events (step): 924
Sim time: 7.680000e+02	CPU time (total): 1.072628e+02s	 events (step): 863
Sim time: 7.800000e+02	CPU time (total): 1.072667e+02s	 events (step): 750
Sim time: 7.920000e+02	CPU time (total): 1.072722e+02s	 events (step): 736
Sim time: 8.040000e+02	CPU time (total): 1.072778e+02s	 events (step): 683
Sim time: 8.160000e+02	CPU time (total): 1.072843e+02s	 events (step): 724
Sim time: 8.280000e+02	CPU time (total): 1.072886e+02s	 events (step): 590
Sim time: 8.400000e+02	CPU time (total): 1.072906e+02s	 events (step): 431
Sim time: 8.520000e+02	CPU time (total): 1.072927e+02s	 events (step): 445
Sim time: 8.640000e+02	CPU time (total): 1.072946e+02s	 events (step): 434
Sim time: 8.760000e+02	CPU time (total): 1.072967e+02s	 events (step): 444
Sim time: 8.880000e+02	CPU time (total): 1.072987e+02s	 events (step): 450
Sim time: 9.000000e+02	CPU time (total): 1.073010e+02s	 events (step): 481
Sim time: 9.120000e+02	CPU time (total): 1.073029e+02s	 events (step): 419
Sim time: 9.240000e+02	CPU time (total): 1.073049e+02s	 events (step): 452
Sim time: 9.360000e+02	CPU time (total): 1.073071e+02s	 events (step): 477
Sim time: 9.480000e+02	CPU time (total): 1.073092e+02s	 events (step): 449
Sim time: 9.600000e+02	CPU time (total): 1.073108e+02s	 events (step): 366
Sim time: 9.720000e+02	CPU time (total): 1.073123e+02s	 events (step): 313
Sim time: 9.840000e+02	CPU time (total): 1.073134e+02s	 events (step): 246
Sim time: 9.960000e+02	CPU time (total): 1.073148e+02s	 events (step): 298
Sim time: 1.008000e+03	CPU time (total): 1.073161e+02s	 events (step): 305
Sim time: 1.020000e+03	CPU time (total): 1.073169e+02s	 events (step): 151
Sim time: 1.200000e+03	CPU time (total): 1.073173e+02s	 events (step): 58

   You just simulated 8037084 reactions in 1.073173e+02s
   ( 7.489084e+04 reactions/sec, 1.335277e-05 CPU seconds/event )
   Null events: 0   (1.335277e-05 CPU seconds/non-null event )


saving list of final molecular species...

done.  Total CPU time: 108.584s

SpeciesLabel max molecule threshold set to 20.
WARNING: Species with more than 20 molecules will be labeled with the Quasi method.
readNFspecies::Reading from file /home/alex/work/alex/data/8/gamma2both.species
Read 0 unique species of 4 total.
SpeciesLabel max molecule threshold set to 0.
  (all species will be labeled with the Auto method)
CPU TIME: simulate_nf 108.67 s.
Finished processing file gamma2both.bngl.
CPU TIME: total 109.15 s.
