BioNetGen version 2.2.6
Reading from file gamma2both.bngl (level 0)
Read 40 parameters.
Read 5 molecule types.
Read 5 species.
Read 9 observable(s).
Read 68 reaction rule(s).
ACTION: simulate_nf( )
Wrote model in xml format to /home/alex/work/alex/data/5/gamma2both.xml.
Running NFsim on hop0.usrc.newmexicoconsortium.org
full command: /home/alex/work/BioNetGen-2.2.6-stable/bin/NFsim -xml /home/alex/work/alex/data/5/gamma2both.xml -o /home/alex/work/alex/data/5/gamma2both.gdat -sim 1200 -oSteps 100 -gml 200000000 -cb -ss /home/alex/work/alex/data/5/gamma2both.species
[simulation PID is: 7812]
starting NFsim v1.11...

reading xml file (/home/alex/work/alex/data/5/gamma2both.xml)  
	[-------]
preparing simulation...



Equilibrating for :0s.  Please wait.

simulating system for: 1.200000e+03 second(s).

Sim time: 0.000000e+00	CPU time (total): 5.800000e-05s	 events (step): 0
Sim time: 1.200000e+01	CPU time (total): 6.203858e+00s	 events (step): 746633
Sim time: 2.400000e+01	CPU time (total): 1.629706e+01s	 events (step): 769648
Sim time: 3.600000e+01	CPU time (total): 2.649596e+01s	 events (step): 712212
Sim time: 4.800000e+01	CPU time (total): 3.611421e+01s	 events (step): 648454
Sim time: 6.000000e+01	CPU time (total): 4.442752e+01s	 events (step): 573536
Sim time: 7.200000e+01	CPU time (total): 5.170468e+01s	 events (step): 512367
Sim time: 8.400000e+01	CPU time (total): 5.810481e+01s	 events (step): 449833
Sim time: 9.600000e+01	CPU time (total): 6.365801e+01s	 events (step): 398177
Sim time: 1.080000e+02	CPU time (total): 6.887780e+01s	 events (step): 360641
Sim time: 1.200000e+02	CPU time (total): 7.318446e+01s	 events (step): 315031
Sim time: 1.320000e+02	CPU time (total): 7.707675e+01s	 events (step): 282161
Sim time: 1.440000e+02	CPU time (total): 8.023831e+01s	 events (step): 243707
Sim time: 1.560000e+02	CPU time (total): 8.306765e+01s	 events (step): 219550
Sim time: 1.680000e+02	CPU time (total): 8.542383e+01s	 events (step): 191965
Sim time: 1.800000e+02	CPU time (total): 8.748654e+01s	 events (step): 170193
Sim time: 1.920000e+02	CPU time (total): 8.935523e+01s	 events (step): 153183
Sim time: 2.040000e+02	CPU time (total): 9.102356e+01s	 events (step): 135221
Sim time: 2.160000e+02	CPU time (total): 9.246929e+01s	 events (step): 119373
Sim time: 2.280000e+02	CPU time (total): 9.375736e+01s	 events (step): 107057
Sim time: 2.400000e+02	CPU time (total): 9.492847e+01s	 events (step): 95468
Sim time: 2.520000e+02	CPU time (total): 9.600611e+01s	 events (step): 86962
Sim time: 2.640000e+02	CPU time (total): 9.687858e+01s	 events (step): 76110
Sim time: 2.760000e+02	CPU time (total): 9.772998e+01s	 events (step): 68509
Sim time: 2.880000e+02	CPU time (total): 9.852442e+01s	 events (step): 61994
Sim time: 3.000000e+02	CPU time (total): 9.920712e+01s	 events (step): 54029
Sim time: 3.120000e+02	CPU time (total): 9.992718e+01s	 events (step): 50437
Sim time: 3.240000e+02	CPU time (total): 1.005705e+02s	 events (step): 44942
Sim time: 3.360000e+02	CPU time (total): 1.011491e+02s	 events (step): 41331
Sim time: 3.480000e+02	CPU time (total): 1.017139e+02s	 events (step): 37348
Sim time: 3.600000e+02	CPU time (total): 1.022038e+02s	 events (step): 33599
Sim time: 3.720000e+02	CPU time (total): 1.026347e+02s	 events (step): 29604
Sim time: 3.840000e+02	CPU time (total): 1.029993e+02s	 events (step): 25146
Sim time: 3.960000e+02	CPU time (total): 1.032644e+02s	 events (step): 21091
Sim time: 4.080000e+02	CPU time (total): 1.034834e+02s	 events (step): 18082
Sim time: 4.200000e+02	CPU time (total): 1.037242e+02s	 events (step): 17784
Sim time: 4.320000e+02	CPU time (total): 1.039611e+02s	 events (step): 16437
Sim time: 4.440000e+02	CPU time (total): 1.041515e+02s	 events (step): 14214
Sim time: 4.560000e+02	CPU time (total): 1.042943e+02s	 events (step): 12213
Sim time: 4.680000e+02	CPU time (total): 1.044632e+02s	 events (step): 12088
Sim time: 4.800000e+02	CPU time (total): 1.045706e+02s	 events (step): 9315
Sim time: 4.920000e+02	CPU time (total): 1.047623e+02s	 events (step): 11042
Sim time: 5.040000e+02	CPU time (total): 1.049014e+02s	 events (step): 8930
Sim time: 5.160000e+02	CPU time (total): 1.050177e+02s	 events (step): 8098
Sim time: 5.280000e+02	CPU time (total): 1.051210e+02s	 events (step): 7233
Sim time: 5.400000e+02	CPU time (total): 1.052521e+02s	 events (step): 7622
Sim time: 5.520000e+02	CPU time (total): 1.053187e+02s	 events (step): 5452
Sim time: 5.640000e+02	CPU time (total): 1.054034e+02s	 events (step): 5377
Sim time: 5.760000e+02	CPU time (total): 1.054873e+02s	 events (step): 5186
Sim time: 5.880000e+02	CPU time (total): 1.055686e+02s	 events (step): 4936
Sim time: 6.000000e+02	CPU time (total): 1.056166e+02s	 events (step): 3570
Sim time: 6.120000e+02	CPU time (total): 1.056510e+02s	 events (step): 3093
Sim time: 6.240000e+02	CPU time (total): 1.056808e+02s	 events (step): 2647
Sim time: 6.360000e+02	CPU time (total): 1.057067e+02s	 events (step): 2426
Sim time: 6.480000e+02	CPU time (total): 1.057242e+02s	 events (step): 1826
Sim time: 6.600000e+02	CPU time (total): 1.057376e+02s	 events (step): 1525
Sim time: 6.720000e+02	CPU time (total): 1.057451e+02s	 events (step): 1080
Sim time: 6.840000e+02	CPU time (total): 1.057568e+02s	 events (step): 1113
Sim time: 6.960000e+02	CPU time (total): 1.057633e+02s	 events (step): 892
Sim time: 7.080000e+02	CPU time (total): 1.057699e+02s	 events (step): 849
Sim time: 7.200000e+02	CPU time (total): 1.057839e+02s	 events (step): 1118
Sim time: 7.320000e+02	CPU time (total): 1.057901e+02s	 events (step): 804
Sim time: 7.440000e+02	CPU time (total): 1.057964e+02s	 events (step): 761
Sim time: 7.560000e+02	CPU time (total): 1.058027e+02s	 events (step): 736
Sim time: 7.680000e+02	CPU time (total): 1.058095e+02s	 events (step): 766
Sim time: 7.800000e+02	CPU time (total): 1.058156e+02s	 events (step): 739
Sim time: 7.920000e+02	CPU time (total): 1.058208e+02s	 events (step): 627
Sim time: 1.200000e+03	CPU time (total): 1.058244e+02s	 events (step): 274

   You just simulated 8024367 reactions in 1.058244e+02s
   ( 7.582720e+04 reactions/sec, 1.318788e-05 CPU seconds/event )
   Null events: 0   (1.318788e-05 CPU seconds/non-null event )


saving list of final molecular species...

done.  Total CPU time: 107.111s

SpeciesLabel max molecule threshold set to 20.
WARNING: Species with more than 20 molecules will be labeled with the Quasi method.
readNFspecies::Reading from file /home/alex/work/alex/data/5/gamma2both.species
Read 0 unique species of 4 total.
SpeciesLabel max molecule threshold set to 0.
  (all species will be labeled with the Auto method)
CPU TIME: simulate_nf 107.20 s.
Finished processing file gamma2both.bngl.
CPU TIME: total 107.46 s.
