BioNetGen version 2.2.6
Reading from file gamma2both.bngl (level 0)
Read 40 parameters.
Read 5 molecule types.
Read 5 species.
Read 9 observable(s).
Read 68 reaction rule(s).
ACTION: simulate_nf( )
Wrote model in xml format to /home/alex/work/alex/data/8/gamma2both.xml.
Running NFsim on hop0.usrc.newmexicoconsortium.org
full command: /home/alex/work/BioNetGen-2.2.6-stable/bin/NFsim -xml /home/alex/work/alex/data/8/gamma2both.xml -o /home/alex/work/alex/data/8/gamma2both.gdat -sim 1200 -oSteps 100 -cb -ss /home/alex/work/alex/data/8/gamma2both.species -gml 200000000
[simulation PID is: 7816]
starting NFsim v1.11...

reading xml file (/home/alex/work/alex/data/8/gamma2both.xml)  
	[-------]
preparing simulation...



Equilibrating for :0s.  Please wait.

simulating system for: 1.200000e+03 second(s).

Sim time: 0.000000e+00	CPU time (total): 5.600000e-05s	 events (step): 0
Sim time: 1.200000e+01	CPU time (total): 6.337111e+00s	 events (step): 746633
Sim time: 2.400000e+01	CPU time (total): 1.652260e+01s	 events (step): 769648
Sim time: 3.600000e+01	CPU time (total): 2.685990e+01s	 events (step): 712212
Sim time: 4.800000e+01	CPU time (total): 3.660146e+01s	 events (step): 648454
Sim time: 6.000000e+01	CPU time (total): 4.502599e+01s	 events (step): 573536
Sim time: 7.200000e+01	CPU time (total): 5.243267e+01s	 events (step): 512367
Sim time: 8.400000e+01	CPU time (total): 5.893350e+01s	 events (step): 449833
Sim time: 9.600000e+01	CPU time (total): 6.460287e+01s	 events (step): 398177
Sim time: 1.080000e+02	CPU time (total): 6.992392e+01s	 events (step): 360641
Sim time: 1.200000e+02	CPU time (total): 7.432402e+01s	 events (step): 315031
Sim time: 1.320000e+02	CPU time (total): 7.829716e+01s	 events (step): 282161
Sim time: 1.440000e+02	CPU time (total): 8.153181e+01s	 events (step): 243707
Sim time: 1.560000e+02	CPU time (total): 8.443469e+01s	 events (step): 219550
Sim time: 1.680000e+02	CPU time (total): 8.686283e+01s	 events (step): 191965
Sim time: 1.800000e+02	CPU time (total): 8.899113e+01s	 events (step): 170193
Sim time: 1.920000e+02	CPU time (total): 9.091348e+01s	 events (step): 153183
Sim time: 2.040000e+02	CPU time (total): 9.263460e+01s	 events (step): 135221
Sim time: 2.160000e+02	CPU time (total): 9.411771e+01s	 events (step): 119373
Sim time: 2.280000e+02	CPU time (total): 9.544285e+01s	 events (step): 107057
Sim time: 2.400000e+02	CPU time (total): 9.664598e+01s	 events (step): 95468
Sim time: 2.520000e+02	CPU time (total): 9.776144e+01s	 events (step): 86962
Sim time: 2.640000e+02	CPU time (total): 9.866626e+01s	 events (step): 76110
Sim time: 2.760000e+02	CPU time (total): 9.953823e+01s	 events (step): 68509
Sim time: 2.880000e+02	CPU time (total): 1.003576e+02s	 events (step): 61994
Sim time: 3.000000e+02	CPU time (total): 1.010632e+02s	 events (step): 54029
Sim time: 3.120000e+02	CPU time (total): 1.018032e+02s	 events (step): 50437
Sim time: 3.240000e+02	CPU time (total): 1.024604e+02s	 events (step): 44942
Sim time: 3.360000e+02	CPU time (total): 1.030575e+02s	 events (step): 41331
Sim time: 3.480000e+02	CPU time (total): 1.036364e+02s	 events (step): 37348
Sim time: 3.600000e+02	CPU time (total): 1.041413e+02s	 events (step): 33599
Sim time: 3.720000e+02	CPU time (total): 1.045776e+02s	 events (step): 29604
Sim time: 3.840000e+02	CPU time (total): 1.049388e+02s	 events (step): 25146
Sim time: 3.960000e+02	CPU time (total): 1.052079e+02s	 events (step): 21091
Sim time: 4.080000e+02	CPU time (total): 1.054358e+02s	 events (step): 18082
Sim time: 4.200000e+02	CPU time (total): 1.056851e+02s	 events (step): 17784
Sim time: 4.320000e+02	CPU time (total): 1.059241e+02s	 events (step): 16437
Sim time: 4.440000e+02	CPU time (total): 1.061112e+02s	 events (step): 14214
Sim time: 4.560000e+02	CPU time (total): 1.062583e+02s	 events (step): 12213
Sim time: 4.680000e+02	CPU time (total): 1.064325e+02s	 events (step): 12088
Sim time: 4.800000e+02	CPU time (total): 1.065439e+02s	 events (step): 9315
Sim time: 4.920000e+02	CPU time (total): 1.067393e+02s	 events (step): 11042
Sim time: 5.040000e+02	CPU time (total): 1.068823e+02s	 events (step): 8930
Sim time: 5.160000e+02	CPU time (total): 1.070032e+02s	 events (step): 8098
Sim time: 5.280000e+02	CPU time (total): 1.071098e+02s	 events (step): 7233
Sim time: 5.400000e+02	CPU time (total): 1.072433e+02s	 events (step): 7622
Sim time: 5.520000e+02	CPU time (total): 1.073119e+02s	 events (step): 5452
Sim time: 5.640000e+02	CPU time (total): 1.073982e+02s	 events (step): 5377
Sim time: 5.760000e+02	CPU time (total): 1.074835e+02s	 events (step): 5186
Sim time: 5.880000e+02	CPU time (total): 1.075672e+02s	 events (step): 4936
Sim time: 6.000000e+02	CPU time (total): 1.076170e+02s	 events (step): 3570
Sim time: 6.120000e+02	CPU time (total): 1.076531e+02s	 events (step): 3093
Sim time: 6.240000e+02	CPU time (total): 1.076844e+02s	 events (step): 2647
Sim time: 6.360000e+02	CPU time (total): 1.077115e+02s	 events (step): 2426
Sim time: 6.480000e+02	CPU time (total): 1.077299e+02s	 events (step): 1826
Sim time: 6.600000e+02	CPU time (total): 1.077439e+02s	 events (step): 1525
Sim time: 6.720000e+02	CPU time (total): 1.077517e+02s	 events (step): 1080
Sim time: 6.840000e+02	CPU time (total): 1.077636e+02s	 events (step): 1113
Sim time: 6.960000e+02	CPU time (total): 1.077704e+02s	 events (step): 892
Sim time: 7.080000e+02	CPU time (total): 1.077772e+02s	 events (step): 849
Sim time: 7.200000e+02	CPU time (total): 1.077913e+02s	 events (step): 1118
Sim time: 7.320000e+02	CPU time (total): 1.077979e+02s	 events (step): 804
Sim time: 7.440000e+02	CPU time (total): 1.078044e+02s	 events (step): 761
Sim time: 7.560000e+02	CPU time (total): 1.078110e+02s	 events (step): 736
Sim time: 7.680000e+02	CPU time (total): 1.078181e+02s	 events (step): 766
Sim time: 7.800000e+02	CPU time (total): 1.078245e+02s	 events (step): 739
Sim time: 7.920000e+02	CPU time (total): 1.078300e+02s	 events (step): 627
Sim time: 1.200000e+03	CPU time (total): 1.078337e+02s	 events (step): 274

   You just simulated 8024367 reactions in 1.078337e+02s
   ( 7.441424e+04 reactions/sec, 1.343829e-05 CPU seconds/event )
   Null events: 0   (1.343829e-05 CPU seconds/non-null event )


saving list of final molecular species...

done.  Total CPU time: 109.134s

SpeciesLabel max molecule threshold set to 20.
WARNING: Species with more than 20 molecules will be labeled with the Quasi method.
readNFspecies::Reading from file /home/alex/work/alex/data/8/gamma2both.species
Read 0 unique species of 4 total.
SpeciesLabel max molecule threshold set to 0.
  (all species will be labeled with the Auto method)
CPU TIME: simulate_nf 109.20 s.
Finished processing file gamma2both.bngl.
CPU TIME: total 109.51 s.
