BioNetGen version 2.2.6
Reading from file gamma2both.bngl (level 0)
Read 40 parameters.
Read 5 molecule types.
Read 5 species.
Read 9 observable(s).
Read 68 reaction rule(s).
ACTION: simulate_nf( )
Wrote model in xml format to /home/alex/work/alex/data/1/gamma2both.xml.
Running NFsim on hop0.usrc.newmexicoconsortium.org
full command: /home/alex/work/BioNetGen-2.2.6-stable/bin/NFsim -xml /home/alex/work/alex/data/1/gamma2both.xml -o /home/alex/work/alex/data/1/gamma2both.gdat -sim 1200 -oSteps 100 -ss /home/alex/work/alex/data/1/gamma2both.species -cb -gml 200000000
[simulation PID is: 8286]
starting NFsim v1.11...

reading xml file (/home/alex/work/alex/data/1/gamma2both.xml)  
	[-------]
preparing simulation...



Equilibrating for :0s.  Please wait.

simulating system for: 1.200000e+03 second(s).

Sim time: 0.000000e+00	CPU time (total): 5.900000e-05s	 events (step): 0
Sim time: 1.200000e+01	CPU time (total): 6.354121e+00s	 events (step): 771790
Sim time: 2.400000e+01	CPU time (total): 1.723342e+01s	 events (step): 851251
Sim time: 3.600000e+01	CPU time (total): 3.042248e+01s	 events (step): 885964
Sim time: 4.800000e+01	CPU time (total): 4.359396e+01s	 events (step): 865199
Sim time: 6.000000e+01	CPU time (total): 5.674282e+01s	 events (step): 841891
Sim time: 7.200000e+01	CPU time (total): 6.992748e+01s	 events (step): 821570
Sim time: 8.400000e+01	CPU time (total): 8.269690e+01s	 events (step): 789100
Sim time: 9.600000e+01	CPU time (total): 9.559642e+01s	 events (step): 775514
Sim time: 1.080000e+02	CPU time (total): 1.084241e+02s	 events (step): 755343
Sim time: 1.200000e+02	CPU time (total): 1.207417e+02s	 events (step): 731387
Sim time: 1.320000e+02	CPU time (total): 1.328382e+02s	 events (step): 711639
Sim time: 1.440000e+02	CPU time (total): 1.450662e+02s	 events (step): 700696
Sim time: 1.560000e+02	CPU time (total): 1.571988e+02s	 events (step): 685050
Sim time: 1.680000e+02	CPU time (total): 1.691936e+02s	 events (step): 669937
Sim time: 1.800000e+02	CPU time (total): 1.808973e+02s	 events (step): 651151
Sim time: 1.920000e+02	CPU time (total): 1.922570e+02s	 events (step): 632680
Sim time: 2.040000e+02	CPU time (total): 2.035527e+02s	 events (step): 620883
Sim time: 2.160000e+02	CPU time (total): 2.147648e+02s	 events (step): 610117
Sim time: 2.280000e+02	CPU time (total): 2.259504e+02s	 events (step): 599534
Sim time: 2.400000e+02	CPU time (total): 2.371678e+02s	 events (step): 591341
Sim time: 2.520000e+02	CPU time (total): 2.481209e+02s	 events (step): 577028
Sim time: 2.640000e+02	CPU time (total): 2.589270e+02s	 events (step): 563000
Sim time: 2.760000e+02	CPU time (total): 2.698188e+02s	 events (step): 559132
Sim time: 2.880000e+02	CPU time (total): 2.807077e+02s	 events (step): 554788
Sim time: 3.000000e+02	CPU time (total): 2.914574e+02s	 events (step): 543686
Sim time: 3.120000e+02	CPU time (total): 3.022296e+02s	 events (step): 540513
Sim time: 3.240000e+02	CPU time (total): 3.127870e+02s	 events (step): 530849
Sim time: 3.360000e+02	CPU time (total): 3.232487e+02s	 events (step): 523380
Sim time: 3.480000e+02	CPU time (total): 3.333009e+02s	 events (step): 505520
Sim time: 3.600000e+02	CPU time (total): 3.433561e+02s	 events (step): 501369
Sim time: 3.720000e+02	CPU time (total): 3.532390e+02s	 events (step): 494096
Sim time: 3.840000e+02	CPU time (total): 3.629856e+02s	 events (step): 484945
Sim time: 3.960000e+02	CPU time (total): 3.726556e+02s	 events (step): 480717
Sim time: 4.080000e+02	CPU time (total): 3.820710e+02s	 events (step): 469321
Sim time: 4.200000e+02	CPU time (total): 3.917155e+02s	 events (step): 471676
Sim time: 4.320000e+02	CPU time (total): 4.010895e+02s	 events (step): 459760
Sim time: 4.440000e+02	CPU time (total): 4.102464e+02s	 events (step): 449826
Sim time: 4.560000e+02	CPU time (total): 4.193288e+02s	 events (step): 442018
Sim time: 4.680000e+02	CPU time (total): 4.284315e+02s	 events (step): 442029
Sim time: 4.800000e+02	CPU time (total): 4.374687e+02s	 events (step): 437254
Sim time: 4.920000e+02	CPU time (total): 4.464329e+02s	 events (step): 433118
Sim time: 5.040000e+02	CPU time (total): 4.552641e+02s	 events (step): 424667
Sim time: 5.160000e+02	CPU time (total): 4.639748e+02s	 events (step): 418242
Sim time: 5.280000e+02	CPU time (total): 4.725212e+02s	 events (step): 411973
Sim time: 5.400000e+02	CPU time (total): 4.807831e+02s	 events (step): 399701
Sim time: 5.520000e+02	CPU time (total): 4.890012e+02s	 events (step): 396252
Sim time: 5.640000e+02	CPU time (total): 4.973435e+02s	 events (step): 398646
Sim time: 5.760000e+02	CPU time (total): 5.053359e+02s	 events (step): 385344
Sim time: 5.880000e+02	CPU time (total): 5.133504e+02s	 events (step): 383460
Sim time: 6.000000e+02	CPU time (total): 5.211732e+02s	 events (step): 376952
Sim time: 6.120000e+02	CPU time (total): 5.288639e+02s	 events (step): 370551
Sim time: 6.240000e+02	CPU time (total): 5.364869e+02s	 events (step): 366045
Sim time: 6.360000e+02	CPU time (total): 5.440597e+02s	 events (step): 363099
Sim time: 6.480000e+02	CPU time (total): 5.515542e+02s	 events (step): 358220
Sim time: 6.600000e+02	CPU time (total): 5.590133e+02s	 events (step): 353706
Sim time: 6.720000e+02	CPU time (total): 5.663501e+02s	 events (step): 346657
Sim time: 6.840000e+02	CPU time (total): 5.734867e+02s	 events (step): 340895
Sim time: 6.960000e+02	CPU time (total): 5.805687e+02s	 events (step): 337000
Sim time: 7.080000e+02	CPU time (total): 5.874518e+02s	 events (step): 330974
Sim time: 7.200000e+02	CPU time (total): 5.941509e+02s	 events (step): 324135
Sim time: 7.320000e+02	CPU time (total): 6.009534e+02s	 events (step): 324558
Sim time: 7.440000e+02	CPU time (total): 6.075305e+02s	 events (step): 317194
Sim time: 7.560000e+02	CPU time (total): 6.142799e+02s	 events (step): 319763
Sim time: 7.680000e+02	CPU time (total): 6.209206e+02s	 events (step): 315176
Sim time: 7.800000e+02	CPU time (total): 6.274791e+02s	 events (step): 312885
Sim time: 7.920000e+02	CPU time (total): 6.338983e+02s	 events (step): 305347
Sim time: 8.040000e+02	CPU time (total): 6.402254e+02s	 events (step): 301064
Sim time: 8.160000e+02	CPU time (total): 6.464114e+02s	 events (step): 295788
Sim time: 8.280000e+02	CPU time (total): 6.526234e+02s	 events (step): 293771
Sim time: 8.400000e+02	CPU time (total): 6.586719e+02s	 events (step): 286905
Sim time: 8.520000e+02	CPU time (total): 6.646828e+02s	 events (step): 283560
Sim time: 8.640000e+02	CPU time (total): 6.707485e+02s	 events (step): 284212
Sim time: 8.760000e+02	CPU time (total): 6.766529e+02s	 events (step): 277243
Sim time: 8.880000e+02	CPU time (total): 6.824750e+02s	 events (step): 273617
Sim time: 9.000000e+02	CPU time (total): 6.882700e+02s	 events (step): 271616
Sim time: 9.120000e+02	CPU time (total): 6.939651e+02s	 events (step): 269120
Sim time: 9.240000e+02	CPU time (total): 6.995375e+02s	 events (step): 264414
Sim time: 9.360000e+02	CPU time (total): 7.051755e+02s	 events (step): 264767
Sim time: 9.480000e+02	CPU time (total): 7.105482e+02s	 events (step): 255337
Sim time: 9.600000e+02	CPU time (total): 7.159091e+02s	 events (step): 253090
Sim time: 9.720000e+02	CPU time (total): 7.211596e+02s	 events (step): 248169
Sim time: 9.840000e+02	CPU time (total): 7.261312e+02s	 events (step): 237716
Sim time: 9.960000e+02	CPU time (total): 7.311015e+02s	 events (step): 236315
Sim time: 1.008000e+03	CPU time (total): 7.359194e+02s	 events (step): 231017
Sim time: 1.020000e+03	CPU time (total): 7.405551e+02s	 events (step): 223418
Sim time: 1.032000e+03	CPU time (total): 7.453288e+02s	 events (step): 226364
Sim time: 1.044000e+03	CPU time (total): 7.499820e+02s	 events (step): 222685
Sim time: 1.056000e+03	CPU time (total): 7.546090e+02s	 events (step): 221969
Sim time: 1.068000e+03	CPU time (total): 7.591238e+02s	 events (step): 216574
Sim time: 1.080000e+03	CPU time (total): 7.635533e+02s	 events (step): 212630
Sim time: 1.092000e+03	CPU time (total): 7.679069e+02s	 events (step): 210166
Sim time: 1.104000e+03	CPU time (total): 7.723385e+02s	 events (step): 209485
Sim time: 1.116000e+03	CPU time (total): 7.766956e+02s	 events (step): 207025
Sim time: 1.128000e+03	CPU time (total): 7.809463e+02s	 events (step): 203775
Sim time: 1.140000e+03	CPU time (total): 7.851936e+02s	 events (step): 203631
Sim time: 1.152000e+03	CPU time (total): 7.891752e+02s	 events (step): 194026
Sim time: 1.164000e+03	CPU time (total): 7.932111e+02s	 events (step): 194925
Sim time: 1.176000e+03	CPU time (total): 7.971330e+02s	 events (step): 190412
Sim time: 1.188000e+03	CPU time (total): 8.009828e+02s	 events (step): 187192
Sim time: 1.200000e+03	CPU time (total): 8.046638e+02s	 events (step): 181105

   You just simulated 42140608 reactions in 8.046639e+02s
   ( 5.237045e+04 reactions/sec, 1.909474e-05 CPU seconds/event )
   Null events: 0   (1.909474e-05 CPU seconds/non-null event )


saving list of final molecular species...

done.  Total CPU time: 806.018s

SpeciesLabel max molecule threshold set to 20.
WARNING: Species with more than 20 molecules will be labeled with the Quasi method.
readNFspecies::Reading from file /home/alex/work/alex/data/1/gamma2both.species
Read 51 unique species of 77 total.
SpeciesLabel max molecule threshold set to 0.
  (all species will be labeled with the Auto method)
CPU TIME: simulate_nf 806.19 s.
Finished processing file gamma2both.bngl.
CPU TIME: total 806.46 s.
