BioNetGen version 2.2.6
Reading from file gamma2both.bngl (level 0)
Read 40 parameters.
Read 5 molecule types.
Read 5 species.
Read 9 observable(s).
Read 68 reaction rule(s).
ACTION: simulate_nf( )
Wrote model in xml format to /home/alex/work/alex/data/9/gamma2both.xml.
Running NFsim on hop0.usrc.newmexicoconsortium.org
full command: /home/alex/work/BioNetGen-2.2.6-stable/bin/NFsim -xml /home/alex/work/alex/data/9/gamma2both.xml -o /home/alex/work/alex/data/9/gamma2both.gdat -sim 1200 -oSteps 100 -cb -gml 200000000 -ss /home/alex/work/alex/data/9/gamma2both.species
[simulation PID is: 8095]
starting NFsim v1.11...

reading xml file (/home/alex/work/alex/data/9/gamma2both.xml)  
	[-------]
preparing simulation...



Equilibrating for :0s.  Please wait.

simulating system for: 1.200000e+03 second(s).

Sim time: 0.000000e+00	CPU time (total): 5.500000e-05s	 events (step): 0
Sim time: 1.200000e+01	CPU time (total): 6.754534e+00s	 events (step): 778568
Sim time: 2.400000e+01	CPU time (total): 1.857261e+01s	 events (step): 875110
Sim time: 3.600000e+01	CPU time (total): 3.187693e+01s	 events (step): 888299
Sim time: 4.800000e+01	CPU time (total): 4.551986e+01s	 events (step): 874772
Sim time: 6.000000e+01	CPU time (total): 5.894387e+01s	 events (step): 851913
Sim time: 7.200000e+01	CPU time (total): 7.258078e+01s	 events (step): 839151
Sim time: 8.400000e+01	CPU time (total): 8.570118e+01s	 events (step): 802474
Sim time: 9.600000e+01	CPU time (total): 9.843854e+01s	 events (step): 775947
Sim time: 1.080000e+02	CPU time (total): 1.110603e+02s	 events (step): 754880
Sim time: 1.200000e+02	CPU time (total): 1.238704e+02s	 events (step): 744115
Sim time: 1.320000e+02	CPU time (total): 1.362391e+02s	 events (step): 718838
Sim time: 1.440000e+02	CPU time (total): 1.486708e+02s	 events (step): 709094
Sim time: 1.560000e+02	CPU time (total): 1.608637e+02s	 events (step): 689519
Sim time: 1.680000e+02	CPU time (total): 1.726623e+02s	 events (step): 665344
Sim time: 1.800000e+02	CPU time (total): 1.844777e+02s	 events (step): 656189
Sim time: 1.920000e+02	CPU time (total): 1.960958e+02s	 events (step): 639283
Sim time: 2.040000e+02	CPU time (total): 2.075434e+02s	 events (step): 623883
Sim time: 2.160000e+02	CPU time (total): 2.185408e+02s	 events (step): 601696
Sim time: 2.280000e+02	CPU time (total): 2.294197e+02s	 events (step): 592431
Sim time: 2.400000e+02	CPU time (total): 2.402122e+02s	 events (step): 580095
Sim time: 2.520000e+02	CPU time (total): 2.508440e+02s	 events (step): 568342
Sim time: 2.640000e+02	CPU time (total): 2.614202e+02s	 events (step): 558936
Sim time: 2.760000e+02	CPU time (total): 2.716094e+02s	 events (step): 541474
Sim time: 2.880000e+02	CPU time (total): 2.818785e+02s	 events (step): 535633
Sim time: 3.000000e+02	CPU time (total): 2.920757e+02s	 events (step): 527293
Sim time: 3.120000e+02	CPU time (total): 3.021584e+02s	 events (step): 521141
Sim time: 3.240000e+02	CPU time (total): 3.121067e+02s	 events (step): 511628
Sim time: 3.360000e+02	CPU time (total): 3.219310e+02s	 events (step): 503169
Sim time: 3.480000e+02	CPU time (total): 3.317873e+02s	 events (step): 498587
Sim time: 3.600000e+02	CPU time (total): 3.416668e+02s	 events (step): 495354
Sim time: 3.720000e+02	CPU time (total): 3.513002e+02s	 events (step): 483225
Sim time: 3.840000e+02	CPU time (total): 3.609285e+02s	 events (step): 480204
Sim time: 3.960000e+02	CPU time (total): 3.702233e+02s	 events (step): 466346
Sim time: 4.080000e+02	CPU time (total): 3.794974e+02s	 events (step): 461034
Sim time: 4.200000e+02	CPU time (total): 3.885647e+02s	 events (step): 450178
Sim time: 4.320000e+02	CPU time (total): 3.974083e+02s	 events (step): 443018
Sim time: 4.440000e+02	CPU time (total): 4.062160e+02s	 events (step): 438441
Sim time: 4.560000e+02	CPU time (total): 4.148394e+02s	 events (step): 431481
Sim time: 4.680000e+02	CPU time (total): 4.233539e+02s	 events (step): 423983
Sim time: 4.800000e+02	CPU time (total): 4.319241e+02s	 events (step): 421497
Sim time: 4.920000e+02	CPU time (total): 4.403171e+02s	 events (step): 413533
Sim time: 5.040000e+02	CPU time (total): 4.486169e+02s	 events (step): 406595
Sim time: 5.160000e+02	CPU time (total): 4.567717e+02s	 events (step): 400992
Sim time: 5.280000e+02	CPU time (total): 4.647719e+02s	 events (step): 392811
Sim time: 5.400000e+02	CPU time (total): 4.728856e+02s	 events (step): 394158
Sim time: 5.520000e+02	CPU time (total): 4.808642e+02s	 events (step): 387330
Sim time: 5.640000e+02	CPU time (total): 4.888079e+02s	 events (step): 383786
Sim time: 5.760000e+02	CPU time (total): 4.967452e+02s	 events (step): 379447
Sim time: 5.880000e+02	CPU time (total): 5.045822e+02s	 events (step): 376467
Sim time: 6.000000e+02	CPU time (total): 5.124239e+02s	 events (step): 373212
Sim time: 6.120000e+02	CPU time (total): 5.201990e+02s	 events (step): 371368
Sim time: 6.240000e+02	CPU time (total): 5.277825e+02s	 events (step): 361718
Sim time: 6.360000e+02	CPU time (total): 5.351614e+02s	 events (step): 355727
Sim time: 6.480000e+02	CPU time (total): 5.425271e+02s	 events (step): 354062
Sim time: 6.600000e+02	CPU time (total): 5.495506e+02s	 events (step): 341472
Sim time: 6.720000e+02	CPU time (total): 5.564638e+02s	 events (step): 334874
Sim time: 6.840000e+02	CPU time (total): 5.632236e+02s	 events (step): 328687
Sim time: 6.960000e+02	CPU time (total): 5.701203e+02s	 events (step): 328283
Sim time: 7.080000e+02	CPU time (total): 5.768123e+02s	 events (step): 324194
Sim time: 7.200000e+02	CPU time (total): 5.833245e+02s	 events (step): 317741
Sim time: 7.320000e+02	CPU time (total): 5.896619e+02s	 events (step): 309943
Sim time: 7.440000e+02	CPU time (total): 5.960638e+02s	 events (step): 309066
Sim time: 7.560000e+02	CPU time (total): 6.022218e+02s	 events (step): 301622
Sim time: 7.680000e+02	CPU time (total): 6.082977e+02s	 events (step): 296394
Sim time: 7.800000e+02	CPU time (total): 6.143733e+02s	 events (step): 294811
Sim time: 7.920000e+02	CPU time (total): 6.202985e+02s	 events (step): 287578
Sim time: 8.040000e+02	CPU time (total): 6.261732e+02s	 events (step): 286160
Sim time: 8.160000e+02	CPU time (total): 6.318507e+02s	 events (step): 277496
Sim time: 8.280000e+02	CPU time (total): 6.373401e+02s	 events (step): 269162
Sim time: 8.400000e+02	CPU time (total): 6.428446e+02s	 events (step): 269890
Sim time: 8.520000e+02	CPU time (total): 6.482973e+02s	 events (step): 267453
Sim time: 8.640000e+02	CPU time (total): 6.536633e+02s	 events (step): 262965
Sim time: 8.760000e+02	CPU time (total): 6.591614e+02s	 events (step): 264703
Sim time: 8.880000e+02	CPU time (total): 6.644922e+02s	 events (step): 259052
Sim time: 9.000000e+02	CPU time (total): 6.697710e+02s	 events (step): 257102
Sim time: 9.120000e+02	CPU time (total): 6.750098e+02s	 events (step): 254722
Sim time: 9.240000e+02	CPU time (total): 6.802621e+02s	 events (step): 254528
Sim time: 9.360000e+02	CPU time (total): 6.852947e+02s	 events (step): 245346
Sim time: 9.480000e+02	CPU time (total): 6.903524e+02s	 events (step): 245272
Sim time: 9.600000e+02	CPU time (total): 6.954021e+02s	 events (step): 244398
Sim time: 9.720000e+02	CPU time (total): 7.004334e+02s	 events (step): 241009
Sim time: 9.840000e+02	CPU time (total): 7.053142e+02s	 events (step): 237091
Sim time: 9.960000e+02	CPU time (total): 7.101941e+02s	 events (step): 234480
Sim time: 1.008000e+03	CPU time (total): 7.150701e+02s	 events (step): 233149
Sim time: 1.020000e+03	CPU time (total): 7.199093e+02s	 events (step): 230970
Sim time: 1.032000e+03	CPU time (total): 7.245993e+02s	 events (step): 224538
Sim time: 1.044000e+03	CPU time (total): 7.292265e+02s	 events (step): 221748
Sim time: 1.056000e+03	CPU time (total): 7.337382e+02s	 events (step): 217623
Sim time: 1.068000e+03	CPU time (total): 7.381031e+02s	 events (step): 211186
Sim time: 1.080000e+03	CPU time (total): 7.423964e+02s	 events (step): 207165
Sim time: 1.092000e+03	CPU time (total): 7.466914e+02s	 events (step): 206972
Sim time: 1.104000e+03	CPU time (total): 7.508496e+02s	 events (step): 200754
Sim time: 1.116000e+03	CPU time (total): 7.549608e+02s	 events (step): 199055
Sim time: 1.128000e+03	CPU time (total): 7.589496e+02s	 events (step): 192979
Sim time: 1.140000e+03	CPU time (total): 7.629330e+02s	 events (step): 191167
Sim time: 1.152000e+03	CPU time (total): 7.668242e+02s	 events (step): 189035
Sim time: 1.164000e+03	CPU time (total): 7.706059e+02s	 events (step): 183857
Sim time: 1.176000e+03	CPU time (total): 7.744022e+02s	 events (step): 183714
Sim time: 1.188000e+03	CPU time (total): 7.781119e+02s	 events (step): 180689
Sim time: 1.200000e+03	CPU time (total): 7.817802e+02s	 events (step): 178517

   You just simulated 41372384 reactions in 7.817802e+02s
   ( 5.292074e+04 reactions/sec, 1.889618e-05 CPU seconds/event )
   Null events: 0   (1.889618e-05 CPU seconds/non-null event )


saving list of final molecular species...

done.  Total CPU time: 783.147s

SpeciesLabel max molecule threshold set to 20.
WARNING: Species with more than 20 molecules will be labeled with the Quasi method.
readNFspecies::Reading from file /home/alex/work/alex/data/9/gamma2both.species
Read 49 unique species of 68 total.
SpeciesLabel max molecule threshold set to 0.
  (all species will be labeled with the Auto method)
CPU TIME: simulate_nf 783.31 s.
Finished processing file gamma2both.bngl.
CPU TIME: total 783.58 s.
