BioNetGen version 2.2.6
Reading from file gamma2phos.bngl (level 0)
Read 39 parameters.
Read 5 molecule types.
Read 5 species.
Read 9 observable(s).
Read 67 reaction rule(s).
ACTION: simulate_nf( )
Wrote model in xml format to /home/alex/work/alex/data/3/gamma2phos.xml.
Running NFsim on hop0.usrc.newmexicoconsortium.org
full command: /home/alex/work/BioNetGen-2.2.6-stable/bin/NFsim -xml /home/alex/work/alex/data/3/gamma2phos.xml -o /home/alex/work/alex/data/3/gamma2phos.gdat -sim 360 -oSteps 6 -cb -ss /home/alex/work/alex/data/3/gamma2phos.species -gml 200000000
[simulation PID is: 11149]
starting NFsim v1.11...

reading xml file (/home/alex/work/alex/data/3/gamma2phos.xml)  
	[-------]
preparing simulation...



Equilibrating for :0s.  Please wait.

simulating system for: 3.600000e+02 second(s).

Sim time: 0.000000e+00	CPU time (total): 8.500000e-05s	 events (step): 0
Sim time: 6.000000e+01	CPU time (total): 9.922292e+01s	 events (step): 4318762
Sim time: 1.200000e+02	CPU time (total): 2.198226e+02s	 events (step): 4214049
Sim time: 1.800000e+02	CPU time (total): 3.408973e+02s	 events (step): 3895061
Sim time: 2.400000e+02	CPU time (total): 4.298147e+02s	 events (step): 3714825
Sim time: 3.000000e+02	CPU time (total): 4.926704e+02s	 events (step): 3631654
Sim time: 3.600000e+02	CPU time (total): 5.567956e+02s	 events (step): 3573687

   You just simulated 23348039 reactions in 5.567956e+02s
   ( 4.193287e+04 reactions/sec, 2.384764e-05 CPU seconds/event )
   Null events: 0   (2.384764e-05 CPU seconds/non-null event )


saving list of final molecular species...

done.  Total CPU time: 558.369s

SpeciesLabel max molecule threshold set to 20.
WARNING: Species with more than 20 molecules will be labeled with the Quasi method.
readNFspecies::Reading from file /home/alex/work/alex/data/3/gamma2phos.species
Read 94 unique species of 135 total.
SpeciesLabel max molecule threshold set to 0.
  (all species will be labeled with the Auto method)
CPU TIME: simulate_nf 558.61 s.
Finished processing file gamma2phos.bngl.
CPU TIME: total 558.87 s.
