BioNetGen version 2.2.6
Reading from file gamma2both.bngl (level 0)
Read 40 parameters.
Read 5 molecule types.
Read 5 species.
Read 9 observable(s).
Read 68 reaction rule(s).
ACTION: simulate_nf( )
Wrote model in xml format to /home/alex/work/alex/data/6/gamma2both.xml.
Running NFsim on hop0.usrc.newmexicoconsortium.org
full command: /home/alex/work/BioNetGen-2.2.6-stable/bin/NFsim -xml /home/alex/work/alex/data/6/gamma2both.xml -o /home/alex/work/alex/data/6/gamma2both.gdat -sim 1200 -oSteps 100 -ss /home/alex/work/alex/data/6/gamma2both.species -gml 200000000 -cb
[simulation PID is: 7997]
starting NFsim v1.11...

reading xml file (/home/alex/work/alex/data/6/gamma2both.xml)  
	[-------]
preparing simulation...



Equilibrating for :0s.  Please wait.

simulating system for: 1.200000e+03 second(s).

Sim time: 0.000000e+00	CPU time (total): 6.700000e-05s	 events (step): 0
Sim time: 1.200000e+01	CPU time (total): 5.939349e+00s	 events (step): 743135
Sim time: 2.400000e+01	CPU time (total): 1.512847e+01s	 events (step): 763121
Sim time: 3.600000e+01	CPU time (total): 2.470747e+01s	 events (step): 714227
Sim time: 4.800000e+01	CPU time (total): 3.437231e+01s	 events (step): 670112
Sim time: 6.000000e+01	CPU time (total): 4.317085e+01s	 events (step): 606652
Sim time: 7.200000e+01	CPU time (total): 5.163172e+01s	 events (step): 558088
Sim time: 8.400000e+01	CPU time (total): 5.866148e+01s	 events (step): 485650
Sim time: 9.600000e+01	CPU time (total): 6.455326e+01s	 events (step): 422019
Sim time: 1.080000e+02	CPU time (total): 6.957355e+01s	 events (step): 368571
Sim time: 1.200000e+02	CPU time (total): 7.426819e+01s	 events (step): 334269
Sim time: 1.320000e+02	CPU time (total): 7.810387e+01s	 events (step): 288889
Sim time: 1.440000e+02	CPU time (total): 8.174873e+01s	 events (step): 264575
Sim time: 1.560000e+02	CPU time (total): 8.477862e+01s	 events (step): 230136
Sim time: 1.680000e+02	CPU time (total): 8.760298e+01s	 events (step): 210397
Sim time: 1.800000e+02	CPU time (total): 9.003828e+01s	 events (step): 186852
Sim time: 1.920000e+02	CPU time (total): 9.217882e+01s	 events (step): 165775
Sim time: 2.040000e+02	CPU time (total): 9.407155e+01s	 events (step): 147588
Sim time: 2.160000e+02	CPU time (total): 9.569526e+01s	 events (step): 128778
Sim time: 2.280000e+02	CPU time (total): 9.705481e+01s	 events (step): 112697
Sim time: 2.400000e+02	CPU time (total): 9.831620e+01s	 events (step): 102009
Sim time: 2.520000e+02	CPU time (total): 9.931198e+01s	 events (step): 87239
Sim time: 2.640000e+02	CPU time (total): 1.003053e+02s	 events (step): 81845
Sim time: 2.760000e+02	CPU time (total): 1.011895e+02s	 events (step): 72707
Sim time: 2.880000e+02	CPU time (total): 1.019263e+02s	 events (step): 63994
Sim time: 3.000000e+02	CPU time (total): 1.026362e+02s	 events (step): 60919
Sim time: 3.120000e+02	CPU time (total): 1.033122e+02s	 events (step): 54776
Sim time: 3.240000e+02	CPU time (total): 1.039468e+02s	 events (step): 49899
Sim time: 3.360000e+02	CPU time (total): 1.044266e+02s	 events (step): 40932
Sim time: 3.480000e+02	CPU time (total): 1.048542e+02s	 events (step): 36049
Sim time: 3.600000e+02	CPU time (total): 1.052420e+02s	 events (step): 31748
Sim time: 3.720000e+02	CPU time (total): 1.055869e+02s	 events (step): 28757
Sim time: 3.840000e+02	CPU time (total): 1.058685e+02s	 events (step): 25087
Sim time: 3.960000e+02	CPU time (total): 1.061153e+02s	 events (step): 22035
Sim time: 4.080000e+02	CPU time (total): 1.063527e+02s	 events (step): 19498
Sim time: 4.200000e+02	CPU time (total): 1.065459e+02s	 events (step): 16614
Sim time: 4.320000e+02	CPU time (total): 1.067336e+02s	 events (step): 15709
Sim time: 4.440000e+02	CPU time (total): 1.068889e+02s	 events (step): 13847
Sim time: 4.560000e+02	CPU time (total): 1.070353e+02s	 events (step): 12767
Sim time: 4.680000e+02	CPU time (total): 1.071639e+02s	 events (step): 11499
Sim time: 4.800000e+02	CPU time (total): 1.072640e+02s	 events (step): 9457
Sim time: 4.920000e+02	CPU time (total): 1.073565e+02s	 events (step): 8519
Sim time: 5.040000e+02	CPU time (total): 1.074176e+02s	 events (step): 7154
Sim time: 5.160000e+02	CPU time (total): 1.074904e+02s	 events (step): 6834
Sim time: 5.280000e+02	CPU time (total): 1.075460e+02s	 events (step): 6227
Sim time: 5.400000e+02	CPU time (total): 1.076028e+02s	 events (step): 5748
Sim time: 5.520000e+02	CPU time (total): 1.076494e+02s	 events (step): 4929
Sim time: 5.640000e+02	CPU time (total): 1.077019e+02s	 events (step): 4602
Sim time: 5.760000e+02	CPU time (total): 1.077652e+02s	 events (step): 4667
Sim time: 5.880000e+02	CPU time (total): 1.078319e+02s	 events (step): 4541
Sim time: 6.000000e+02	CPU time (total): 1.078834e+02s	 events (step): 3855
Sim time: 6.120000e+02	CPU time (total): 1.079170e+02s	 events (step): 3087
Sim time: 6.240000e+02	CPU time (total): 1.079500e+02s	 events (step): 3039
Sim time: 6.360000e+02	CPU time (total): 1.079760e+02s	 events (step): 2616
Sim time: 6.480000e+02	CPU time (total): 1.080032e+02s	 events (step): 2381
Sim time: 6.600000e+02	CPU time (total): 1.080314e+02s	 events (step): 2240
Sim time: 6.720000e+02	CPU time (total): 1.080438e+02s	 events (step): 1513
Sim time: 6.840000e+02	CPU time (total): 1.080557e+02s	 events (step): 1471
Sim time: 6.960000e+02	CPU time (total): 1.080624e+02s	 events (step): 894
Sim time: 7.080000e+02	CPU time (total): 1.080645e+02s	 events (step): 477
Sim time: 7.200000e+02	CPU time (total): 1.080663e+02s	 events (step): 420
Sim time: 7.320000e+02	CPU time (total): 1.080683e+02s	 events (step): 455
Sim time: 7.440000e+02	CPU time (total): 1.080703e+02s	 events (step): 453
Sim time: 7.560000e+02	CPU time (total): 1.080721e+02s	 events (step): 422
Sim time: 7.680000e+02	CPU time (total): 1.080739e+02s	 events (step): 410
Sim time: 7.800000e+02	CPU time (total): 1.080760e+02s	 events (step): 485
Sim time: 7.920000e+02	CPU time (total): 1.080776e+02s	 events (step): 374
Sim time: 8.040000e+02	CPU time (total): 1.080791e+02s	 events (step): 340
Sim time: 8.160000e+02	CPU time (total): 1.080805e+02s	 events (step): 311
Sim time: 8.280000e+02	CPU time (total): 1.080817e+02s	 events (step): 267
Sim time: 8.400000e+02	CPU time (total): 1.080830e+02s	 events (step): 305
Sim time: 8.520000e+02	CPU time (total): 1.080843e+02s	 events (step): 298
Sim time: 8.640000e+02	CPU time (total): 1.080856e+02s	 events (step): 301
Sim time: 8.760000e+02	CPU time (total): 1.080870e+02s	 events (step): 310
Sim time: 8.880000e+02	CPU time (total): 1.080883e+02s	 events (step): 314
Sim time: 9.000000e+02	CPU time (total): 1.080897e+02s	 events (step): 317
Sim time: 9.120000e+02	CPU time (total): 1.080912e+02s	 events (step): 324
Sim time: 9.240000e+02	CPU time (total): 1.080925e+02s	 events (step): 313
Sim time: 9.360000e+02	CPU time (total): 1.080939e+02s	 events (step): 323
Sim time: 9.480000e+02	CPU time (total): 1.080953e+02s	 events (step): 307
Sim time: 9.600000e+02	CPU time (total): 1.080965e+02s	 events (step): 287
Sim time: 9.720000e+02	CPU time (total): 1.080978e+02s	 events (step): 298
Sim time: 9.840000e+02	CPU time (total): 1.080992e+02s	 events (step): 316
Sim time: 9.960000e+02	CPU time (total): 1.081005e+02s	 events (step): 291
Sim time: 1.008000e+03	CPU time (total): 1.081018e+02s	 events (step): 296
Sim time: 1.020000e+03	CPU time (total): 1.081030e+02s	 events (step): 280
Sim time: 1.032000e+03	CPU time (total): 1.081043e+02s	 events (step): 302
Sim time: 1.044000e+03	CPU time (total): 1.081055e+02s	 events (step): 271
Sim time: 1.056000e+03	CPU time (total): 1.081068e+02s	 events (step): 282
Sim time: 1.068000e+03	CPU time (total): 1.081084e+02s	 events (step): 305
Sim time: 1.080000e+03	CPU time (total): 1.081091e+02s	 events (step): 147
Sim time: 1.092000e+03	CPU time (total): 1.081098e+02s	 events (step): 169
Sim time: 1.104000e+03	CPU time (total): 1.081105e+02s	 events (step): 157
Sim time: 1.116000e+03	CPU time (total): 1.081113e+02s	 events (step): 170
Sim time: 1.128000e+03	CPU time (total): 1.081119e+02s	 events (step): 146
Sim time: 1.140000e+03	CPU time (total): 1.081126e+02s	 events (step): 153
Sim time: 1.152000e+03	CPU time (total): 1.081133e+02s	 events (step): 150
Sim time: 1.164000e+03	CPU time (total): 1.081139e+02s	 events (step): 139
Sim time: 1.176000e+03	CPU time (total): 1.081145e+02s	 events (step): 132
Sim time: 1.188000e+03	CPU time (total): 1.081153e+02s	 events (step): 173
Sim time: 1.200000e+03	CPU time (total): 1.081157e+02s	 events (step): 100

   You just simulated 8345325 reactions in 1.081157e+02s
   ( 7.718881e+04 reactions/sec, 1.295525e-05 CPU seconds/event )
   Null events: 0   (1.295525e-05 CPU seconds/non-null event )


saving list of final molecular species...

done.  Total CPU time: 109.358s

SpeciesLabel max molecule threshold set to 20.
WARNING: Species with more than 20 molecules will be labeled with the Quasi method.
readNFspecies::Reading from file /home/alex/work/alex/data/6/gamma2both.species
Read 0 unique species of 4 total.
SpeciesLabel max molecule threshold set to 0.
  (all species will be labeled with the Auto method)
CPU TIME: simulate_nf 109.41 s.
Finished processing file gamma2both.bngl.
CPU TIME: total 109.67 s.
