BioNetGen version 2.2.6
Reading from file gamma2both.bngl (level 0)
Read 40 parameters.
Read 5 molecule types.
Read 5 species.
Read 9 observable(s).
Read 68 reaction rule(s).
ACTION: simulate_nf( )
Wrote model in xml format to /home/alex/work/alex/data/3/gamma2both.xml.
Running NFsim on hop0.usrc.newmexicoconsortium.org
full command: /home/alex/work/BioNetGen-2.2.6-stable/bin/NFsim -xml /home/alex/work/alex/data/3/gamma2both.xml -o /home/alex/work/alex/data/3/gamma2both.gdat -sim 360 -oSteps 6 -gml 200000000 -ss /home/alex/work/alex/data/3/gamma2both.species -cb
[simulation PID is: 10368]
starting NFsim v1.11...

reading xml file (/home/alex/work/alex/data/3/gamma2both.xml)  
	[-------]
preparing simulation...



Equilibrating for :0s.  Please wait.

simulating system for: 3.600000e+02 second(s).

Sim time: 0.000000e+00	CPU time (total): 5.700000e-05s	 events (step): 0
Sim time: 6.000000e+01	CPU time (total): 5.746279e+01s	 events (step): 4304551
Sim time: 1.200000e+02	CPU time (total): 1.201449e+02s	 events (step): 3937745
Sim time: 1.800000e+02	CPU time (total): 1.789443e+02s	 events (step): 3466392
Sim time: 2.400000e+02	CPU time (total): 2.333463e+02s	 events (step): 3086687
Sim time: 3.000000e+02	CPU time (total): 2.853701e+02s	 events (step): 2819042
Sim time: 3.600000e+02	CPU time (total): 3.340107e+02s	 events (step): 2586262

   You just simulated 20200680 reactions in 3.340108e+02s
   ( 6.047913e+04 reactions/sec, 1.653463e-05 CPU seconds/event )
   Null events: 0   (1.653463e-05 CPU seconds/non-null event )


saving list of final molecular species...

done.  Total CPU time: 335.338s

SpeciesLabel max molecule threshold set to 20.
WARNING: Species with more than 20 molecules will be labeled with the Quasi method.
readNFspecies::Reading from file /home/alex/work/alex/data/3/gamma2both.species
Read 65 unique species of 96 total.
SpeciesLabel max molecule threshold set to 0.
  (all species will be labeled with the Auto method)
CPU TIME: simulate_nf 335.55 s.
Finished processing file gamma2both.bngl.
CPU TIME: total 335.90 s.
