BioNetGen version 2.2.6
Reading from file gamma2both.bngl (level 0)
Read 40 parameters.
Read 5 molecule types.
Read 5 species.
Read 9 observable(s).
Read 68 reaction rule(s).
ACTION: simulate_nf( )
Wrote model in xml format to /home/alex/work/alex/data/10/gamma2both.xml.
Running NFsim on hop0.usrc.newmexicoconsortium.org
full command: /home/alex/work/BioNetGen-2.2.6-stable/bin/NFsim -xml /home/alex/work/alex/data/10/gamma2both.xml -o /home/alex/work/alex/data/10/gamma2both.gdat -sim 1200 -oSteps 100 -gml 200000000 -cb -ss /home/alex/work/alex/data/10/gamma2both.species
[simulation PID is: 8304]
starting NFsim v1.11...

reading xml file (/home/alex/work/alex/data/10/gamma2both.xml)  
	[-------]
preparing simulation...



Equilibrating for :0s.  Please wait.

simulating system for: 1.200000e+03 second(s).

Sim time: 0.000000e+00	CPU time (total): 5.600000e-05s	 events (step): 0
Sim time: 1.200000e+01	CPU time (total): 6.138763e+00s	 events (step): 771790
Sim time: 2.400000e+01	CPU time (total): 1.673085e+01s	 events (step): 851251
Sim time: 3.600000e+01	CPU time (total): 2.956525e+01s	 events (step): 885964
Sim time: 4.800000e+01	CPU time (total): 4.239827e+01s	 events (step): 865199
Sim time: 6.000000e+01	CPU time (total): 5.522385e+01s	 events (step): 841891
Sim time: 7.200000e+01	CPU time (total): 6.806274e+01s	 events (step): 821570
Sim time: 8.400000e+01	CPU time (total): 8.047926e+01s	 events (step): 789100
Sim time: 9.600000e+01	CPU time (total): 9.303361e+01s	 events (step): 775514
Sim time: 1.080000e+02	CPU time (total): 1.055068e+02s	 events (step): 755343
Sim time: 1.200000e+02	CPU time (total): 1.174813e+02s	 events (step): 731387
Sim time: 1.320000e+02	CPU time (total): 1.292248e+02s	 events (step): 711639
Sim time: 1.440000e+02	CPU time (total): 1.410886e+02s	 events (step): 700696
Sim time: 1.560000e+02	CPU time (total): 1.528611e+02s	 events (step): 685050
Sim time: 1.680000e+02	CPU time (total): 1.644939e+02s	 events (step): 669937
Sim time: 1.800000e+02	CPU time (total): 1.758426e+02s	 events (step): 651151
Sim time: 1.920000e+02	CPU time (total): 1.868588e+02s	 events (step): 632680
Sim time: 2.040000e+02	CPU time (total): 1.978101e+02s	 events (step): 620883
Sim time: 2.160000e+02	CPU time (total): 2.086875e+02s	 events (step): 610117
Sim time: 2.280000e+02	CPU time (total): 2.195286e+02s	 events (step): 599534
Sim time: 2.400000e+02	CPU time (total): 2.303943e+02s	 events (step): 591341
Sim time: 2.520000e+02	CPU time (total): 2.410052e+02s	 events (step): 577028
Sim time: 2.640000e+02	CPU time (total): 2.514684e+02s	 events (step): 563000
Sim time: 2.760000e+02	CPU time (total): 2.620152e+02s	 events (step): 559132
Sim time: 2.880000e+02	CPU time (total): 2.725629e+02s	 events (step): 554788
Sim time: 3.000000e+02	CPU time (total): 2.829748e+02s	 events (step): 543686
Sim time: 3.120000e+02	CPU time (total): 2.934473e+02s	 events (step): 540513
Sim time: 3.240000e+02	CPU time (total): 3.037073e+02s	 events (step): 530849
Sim time: 3.360000e+02	CPU time (total): 3.138886e+02s	 events (step): 523380
Sim time: 3.480000e+02	CPU time (total): 3.236545e+02s	 events (step): 505520
Sim time: 3.600000e+02	CPU time (total): 3.334119e+02s	 events (step): 501369
Sim time: 3.720000e+02	CPU time (total): 3.430035e+02s	 events (step): 494096
Sim time: 3.840000e+02	CPU time (total): 3.524671e+02s	 events (step): 484945
Sim time: 3.960000e+02	CPU time (total): 3.618757e+02s	 events (step): 480717
Sim time: 4.080000e+02	CPU time (total): 3.710154e+02s	 events (step): 469321
Sim time: 4.200000e+02	CPU time (total): 3.803811e+02s	 events (step): 471676
Sim time: 4.320000e+02	CPU time (total): 3.894911e+02s	 events (step): 459760
Sim time: 4.440000e+02	CPU time (total): 3.983747e+02s	 events (step): 449826
Sim time: 4.560000e+02	CPU time (total): 4.071858e+02s	 events (step): 442018
Sim time: 4.680000e+02	CPU time (total): 4.160103e+02s	 events (step): 442029
Sim time: 4.800000e+02	CPU time (total): 4.247690e+02s	 events (step): 437254
Sim time: 4.920000e+02	CPU time (total): 4.334114e+02s	 events (step): 433118
Sim time: 5.040000e+02	CPU time (total): 4.419216e+02s	 events (step): 424667
Sim time: 5.160000e+02	CPU time (total): 4.503141e+02s	 events (step): 418242
Sim time: 5.280000e+02	CPU time (total): 4.585469e+02s	 events (step): 411973
Sim time: 5.400000e+02	CPU time (total): 4.665191e+02s	 events (step): 399701
Sim time: 5.520000e+02	CPU time (total): 4.744439e+02s	 events (step): 396252
Sim time: 5.640000e+02	CPU time (total): 4.825156e+02s	 events (step): 398646
Sim time: 5.760000e+02	CPU time (total): 4.902239e+02s	 events (step): 385344
Sim time: 5.880000e+02	CPU time (total): 4.979558e+02s	 events (step): 383460
Sim time: 6.000000e+02	CPU time (total): 5.055079e+02s	 events (step): 376952
Sim time: 6.120000e+02	CPU time (total): 5.129283e+02s	 events (step): 370551
Sim time: 6.240000e+02	CPU time (total): 5.202836e+02s	 events (step): 366045
Sim time: 6.360000e+02	CPU time (total): 5.275819e+02s	 events (step): 363099
Sim time: 6.480000e+02	CPU time (total): 5.348053e+02s	 events (step): 358220
Sim time: 6.600000e+02	CPU time (total): 5.419817e+02s	 events (step): 353706
Sim time: 6.720000e+02	CPU time (total): 5.490545e+02s	 events (step): 346657
Sim time: 6.840000e+02	CPU time (total): 5.559411e+02s	 events (step): 340895
Sim time: 6.960000e+02	CPU time (total): 5.627924e+02s	 events (step): 337000
Sim time: 7.080000e+02	CPU time (total): 5.694639e+02s	 events (step): 330974
Sim time: 7.200000e+02	CPU time (total): 5.759535e+02s	 events (step): 324135
Sim time: 7.320000e+02	CPU time (total): 5.825401e+02s	 events (step): 324558
Sim time: 7.440000e+02	CPU time (total): 5.889249e+02s	 events (step): 317194
Sim time: 7.560000e+02	CPU time (total): 5.954676e+02s	 events (step): 319763
Sim time: 7.680000e+02	CPU time (total): 6.019031e+02s	 events (step): 315176
Sim time: 7.800000e+02	CPU time (total): 6.082634e+02s	 events (step): 312885
Sim time: 7.920000e+02	CPU time (total): 6.144799e+02s	 events (step): 305347
Sim time: 8.040000e+02	CPU time (total): 6.206092e+02s	 events (step): 301064
Sim time: 8.160000e+02	CPU time (total): 6.265953e+02s	 events (step): 295788
Sim time: 8.280000e+02	CPU time (total): 6.326008e+02s	 events (step): 293771
Sim time: 8.400000e+02	CPU time (total): 6.384904e+02s	 events (step): 286905
Sim time: 8.520000e+02	CPU time (total): 6.442885e+02s	 events (step): 283560
Sim time: 8.640000e+02	CPU time (total): 6.501620e+02s	 events (step): 284212
Sim time: 8.760000e+02	CPU time (total): 6.558472e+02s	 events (step): 277243
Sim time: 8.880000e+02	CPU time (total): 6.614752e+02s	 events (step): 273617
Sim time: 9.000000e+02	CPU time (total): 6.670428e+02s	 events (step): 271616
Sim time: 9.120000e+02	CPU time (total): 6.725524e+02s	 events (step): 269120
Sim time: 9.240000e+02	CPU time (total): 6.779438e+02s	 events (step): 264414
Sim time: 9.360000e+02	CPU time (total): 6.834064e+02s	 events (step): 264767
Sim time: 9.480000e+02	CPU time (total): 6.886092e+02s	 events (step): 255337
Sim time: 9.600000e+02	CPU time (total): 6.938089e+02s	 events (step): 253090
Sim time: 9.720000e+02	CPU time (total): 6.988776e+02s	 events (step): 248169
Sim time: 9.840000e+02	CPU time (total): 7.036857e+02s	 events (step): 237716
Sim time: 9.960000e+02	CPU time (total): 7.084932e+02s	 events (step): 236315
Sim time: 1.008000e+03	CPU time (total): 7.131496e+02s	 events (step): 231017
Sim time: 1.020000e+03	CPU time (total): 7.176469e+02s	 events (step): 223418
Sim time: 1.032000e+03	CPU time (total): 7.222739e+02s	 events (step): 226364
Sim time: 1.044000e+03	CPU time (total): 7.267903e+02s	 events (step): 222685
Sim time: 1.056000e+03	CPU time (total): 7.312744e+02s	 events (step): 221969
Sim time: 1.068000e+03	CPU time (total): 7.356311e+02s	 events (step): 216574
Sim time: 1.080000e+03	CPU time (total): 7.399125e+02s	 events (step): 212630
Sim time: 1.092000e+03	CPU time (total): 7.441316e+02s	 events (step): 210166
Sim time: 1.104000e+03	CPU time (total): 7.484205e+02s	 events (step): 209485
Sim time: 1.116000e+03	CPU time (total): 7.526356e+02s	 events (step): 207025
Sim time: 1.128000e+03	CPU time (total): 7.567465e+02s	 events (step): 203775
Sim time: 1.140000e+03	CPU time (total): 7.608707e+02s	 events (step): 203631
Sim time: 1.152000e+03	CPU time (total): 7.647488e+02s	 events (step): 194026
Sim time: 1.164000e+03	CPU time (total): 7.686814e+02s	 events (step): 194925
Sim time: 1.176000e+03	CPU time (total): 7.724886e+02s	 events (step): 190412
Sim time: 1.188000e+03	CPU time (total): 7.762311e+02s	 events (step): 187192
Sim time: 1.200000e+03	CPU time (total): 7.798537e+02s	 events (step): 181105

   You just simulated 42140608 reactions in 7.798537e+02s
   ( 5.403655e+04 reactions/sec, 1.850599e-05 CPU seconds/event )
   Null events: 0   (1.850599e-05 CPU seconds/non-null event )


saving list of final molecular species...

done.  Total CPU time: 781.169s

SpeciesLabel max molecule threshold set to 20.
WARNING: Species with more than 20 molecules will be labeled with the Quasi method.
readNFspecies::Reading from file /home/alex/work/alex/data/10/gamma2both.species
Read 51 unique species of 77 total.
SpeciesLabel max molecule threshold set to 0.
  (all species will be labeled with the Auto method)
CPU TIME: simulate_nf 781.37 s.
Finished processing file gamma2both.bngl.
CPU TIME: total 781.86 s.
