BioNetGen version 2.2.6
Reading from file gamma2both.bngl (level 0)
Read 40 parameters.
Read 5 molecule types.
Read 5 species.
Read 9 observable(s).
Read 68 reaction rule(s).
ACTION: simulate_nf( )
Wrote model in xml format to /home/alex/work/alex/data/7/gamma2both.xml.
Running NFsim on hop0.usrc.newmexicoconsortium.org
full command: /home/alex/work/BioNetGen-2.2.6-stable/bin/NFsim -xml /home/alex/work/alex/data/7/gamma2both.xml -o /home/alex/work/alex/data/7/gamma2both.gdat -sim 1200 -oSteps 100 -cb -ss /home/alex/work/alex/data/7/gamma2both.species -gml 200000000
[simulation PID is: 7907]
starting NFsim v1.11...

reading xml file (/home/alex/work/alex/data/7/gamma2both.xml)  
	[-------]
preparing simulation...



Equilibrating for :0s.  Please wait.

simulating system for: 1.200000e+03 second(s).

Sim time: 0.000000e+00	CPU time (total): 5.900000e-05s	 events (step): 0
Sim time: 1.200000e+01	CPU time (total): 5.907629e+00s	 events (step): 741633
Sim time: 2.400000e+01	CPU time (total): 1.582240e+01s	 events (step): 769172
Sim time: 3.600000e+01	CPU time (total): 2.598479e+01s	 events (step): 720735
Sim time: 4.800000e+01	CPU time (total): 3.539580e+01s	 events (step): 652280
Sim time: 6.000000e+01	CPU time (total): 4.358722e+01s	 events (step): 573127
Sim time: 7.200000e+01	CPU time (total): 5.029961e+01s	 events (step): 492938
Sim time: 8.400000e+01	CPU time (total): 5.661675e+01s	 events (step): 450003
Sim time: 9.600000e+01	CPU time (total): 6.240971e+01s	 events (step): 407031
Sim time: 1.080000e+02	CPU time (total): 6.720202e+01s	 events (step): 354221
Sim time: 1.200000e+02	CPU time (total): 7.144115e+01s	 events (step): 316328
Sim time: 1.320000e+02	CPU time (total): 7.510334e+01s	 events (step): 277813
Sim time: 1.440000e+02	CPU time (total): 7.828040e+01s	 events (step): 243650
Sim time: 1.560000e+02	CPU time (total): 8.110249e+01s	 events (step): 216080
Sim time: 1.680000e+02	CPU time (total): 8.365150e+01s	 events (step): 195185
Sim time: 1.800000e+02	CPU time (total): 8.581288e+01s	 events (step): 173553
Sim time: 1.920000e+02	CPU time (total): 8.767080e+01s	 events (step): 153193
Sim time: 2.040000e+02	CPU time (total): 8.937604e+01s	 events (step): 138859
Sim time: 2.160000e+02	CPU time (total): 9.089090e+01s	 events (step): 124523
Sim time: 2.280000e+02	CPU time (total): 9.224500e+01s	 events (step): 108980
Sim time: 2.400000e+02	CPU time (total): 9.327598e+01s	 events (step): 92030
Sim time: 2.520000e+02	CPU time (total): 9.429583e+01s	 events (step): 84993
Sim time: 2.640000e+02	CPU time (total): 9.512748e+01s	 events (step): 72978
Sim time: 2.760000e+02	CPU time (total): 9.591858e+01s	 events (step): 65714
Sim time: 2.880000e+02	CPU time (total): 9.671936e+01s	 events (step): 63023
Sim time: 3.000000e+02	CPU time (total): 9.740683e+01s	 events (step): 55648
Sim time: 3.120000e+02	CPU time (total): 9.807236e+01s	 events (step): 50726
Sim time: 3.240000e+02	CPU time (total): 9.862534e+01s	 events (step): 44273
Sim time: 3.360000e+02	CPU time (total): 9.915714e+01s	 events (step): 40647
Sim time: 3.480000e+02	CPU time (total): 9.957231e+01s	 events (step): 34647
Sim time: 3.600000e+02	CPU time (total): 9.999700e+01s	 events (step): 31883
Sim time: 3.720000e+02	CPU time (total): 1.003595e+02s	 events (step): 27334
Sim time: 3.840000e+02	CPU time (total): 1.007215e+02s	 events (step): 23115
Sim time: 3.960000e+02	CPU time (total): 1.009672e+02s	 events (step): 19643
Sim time: 4.080000e+02	CPU time (total): 1.011319e+02s	 events (step): 16525
Sim time: 4.200000e+02	CPU time (total): 1.012717e+02s	 events (step): 14023
Sim time: 4.320000e+02	CPU time (total): 1.013922e+02s	 events (step): 12088
Sim time: 4.440000e+02	CPU time (total): 1.015109e+02s	 events (step): 11096
Sim time: 4.560000e+02	CPU time (total): 1.016204e+02s	 events (step): 10211
Sim time: 4.680000e+02	CPU time (total): 1.017188e+02s	 events (step): 8354
Sim time: 4.800000e+02	CPU time (total): 1.017993e+02s	 events (step): 6916
Sim time: 4.920000e+02	CPU time (total): 1.018574e+02s	 events (step): 6176
Sim time: 5.040000e+02	CPU time (total): 1.019023e+02s	 events (step): 5342
Sim time: 5.160000e+02	CPU time (total): 1.019439e+02s	 events (step): 4778
Sim time: 5.280000e+02	CPU time (total): 1.019819e+02s	 events (step): 4123
Sim time: 5.400000e+02	CPU time (total): 1.020317e+02s	 events (step): 4185
Sim time: 5.520000e+02	CPU time (total): 1.020557e+02s	 events (step): 2978
Sim time: 5.640000e+02	CPU time (total): 1.020814e+02s	 events (step): 2652
Sim time: 5.760000e+02	CPU time (total): 1.021151e+02s	 events (step): 2500
Sim time: 5.880000e+02	CPU time (total): 1.021253e+02s	 events (step): 1538
Sim time: 6.000000e+02	CPU time (total): 1.021341e+02s	 events (step): 1305
Sim time: 6.120000e+02	CPU time (total): 1.021420e+02s	 events (step): 1052
Sim time: 6.240000e+02	CPU time (total): 1.021496e+02s	 events (step): 996
Sim time: 6.360000e+02	CPU time (total): 1.021565e+02s	 events (step): 968
Sim time: 6.480000e+02	CPU time (total): 1.021650e+02s	 events (step): 995
Sim time: 6.600000e+02	CPU time (total): 1.021768e+02s	 events (step): 872
Sim time: 6.720000e+02	CPU time (total): 1.021792e+02s	 events (step): 496
Sim time: 6.840000e+02	CPU time (total): 1.021805e+02s	 events (step): 295
Sim time: 6.960000e+02	CPU time (total): 1.021818e+02s	 events (step): 268
Sim time: 7.080000e+02	CPU time (total): 1.021832e+02s	 events (step): 325
Sim time: 7.200000e+02	CPU time (total): 1.021843e+02s	 events (step): 233
Sim time: 7.320000e+02	CPU time (total): 1.021850e+02s	 events (step): 151
Sim time: 7.440000e+02	CPU time (total): 1.021858e+02s	 events (step): 157
Sim time: 7.560000e+02	CPU time (total): 1.021865e+02s	 events (step): 148
Sim time: 7.680000e+02	CPU time (total): 1.021872e+02s	 events (step): 161
Sim time: 7.800000e+02	CPU time (total): 1.021879e+02s	 events (step): 149
Sim time: 7.920000e+02	CPU time (total): 1.021889e+02s	 events (step): 163
Sim time: 8.040000e+02	CPU time (total): 1.021901e+02s	 events (step): 144
Sim time: 8.160000e+02	CPU time (total): 1.021914e+02s	 events (step): 150
Sim time: 8.280000e+02	CPU time (total): 1.021927e+02s	 events (step): 157
Sim time: 8.400000e+02	CPU time (total): 1.021938e+02s	 events (step): 131
Sim time: 8.520000e+02	CPU time (total): 1.021949e+02s	 events (step): 138
Sim time: 8.640000e+02	CPU time (total): 1.021962e+02s	 events (step): 159
Sim time: 8.760000e+02	CPU time (total): 1.021976e+02s	 events (step): 163
Sim time: 8.880000e+02	CPU time (total): 1.021989e+02s	 events (step): 166
Sim time: 9.000000e+02	CPU time (total): 1.022004e+02s	 events (step): 176
Sim time: 9.120000e+02	CPU time (total): 1.022016e+02s	 events (step): 141
Sim time: 1.200000e+03	CPU time (total): 1.022025e+02s	 events (step): 76

   You just simulated 7939778 reactions in 1.022025e+02s
   ( 7.768675e+04 reactions/sec, 1.287221e-05 CPU seconds/event )
   Null events: 0   (1.287221e-05 CPU seconds/non-null event )


saving list of final molecular species...

done.  Total CPU time: 103.485s

SpeciesLabel max molecule threshold set to 20.
WARNING: Species with more than 20 molecules will be labeled with the Quasi method.
readNFspecies::Reading from file /home/alex/work/alex/data/7/gamma2both.species
Read 0 unique species of 4 total.
SpeciesLabel max molecule threshold set to 0.
  (all species will be labeled with the Auto method)
CPU TIME: simulate_nf 103.54 s.
Finished processing file gamma2both.bngl.
CPU TIME: total 103.81 s.
