BioNetGen version 2.2.6
Reading from file gamma2both.bngl (level 0)
Read 40 parameters.
Read 5 molecule types.
Read 5 species.
Read 9 observable(s).
Read 68 reaction rule(s).
ACTION: simulate_nf( )
Wrote model in xml format to /home/alex/work/alex/data/10/gamma2both.xml.
Running NFsim on hop0.usrc.newmexicoconsortium.org
full command: /home/alex/work/BioNetGen-2.2.6-stable/bin/NFsim -xml /home/alex/work/alex/data/10/gamma2both.xml -o /home/alex/work/alex/data/10/gamma2both.gdat -sim 1200 -oSteps 100 -cb -ss /home/alex/work/alex/data/10/gamma2both.species -gml 200000000
[simulation PID is: 8397]
starting NFsim v1.11...

reading xml file (/home/alex/work/alex/data/10/gamma2both.xml)  
	[-------]
preparing simulation...



Equilibrating for :0s.  Please wait.

simulating system for: 1.200000e+03 second(s).

Sim time: 0.000000e+00	CPU time (total): 5.900000e-05s	 events (step): 0
Sim time: 1.200000e+01	CPU time (total): 6.375485e+00s	 events (step): 770454
Sim time: 2.400000e+01	CPU time (total): 1.732503e+01s	 events (step): 859630
Sim time: 3.600000e+01	CPU time (total): 3.020510e+01s	 events (step): 881138
Sim time: 4.800000e+01	CPU time (total): 4.432054e+01s	 events (step): 892110
Sim time: 6.000000e+01	CPU time (total): 5.760779e+01s	 events (step): 852478
Sim time: 7.200000e+01	CPU time (total): 7.101879e+01s	 events (step): 837221
Sim time: 8.400000e+01	CPU time (total): 8.396697e+01s	 events (step): 806192
Sim time: 9.600000e+01	CPU time (total): 9.708930e+01s	 events (step): 792233
Sim time: 1.080000e+02	CPU time (total): 1.100077e+02s	 events (step): 772024
Sim time: 1.200000e+02	CPU time (total): 1.224940e+02s	 events (step): 745187
Sim time: 1.320000e+02	CPU time (total): 1.349168e+02s	 events (step): 726017
Sim time: 1.440000e+02	CPU time (total): 1.473627e+02s	 events (step): 711512
Sim time: 1.560000e+02	CPU time (total): 1.595882e+02s	 events (step): 689736
Sim time: 1.680000e+02	CPU time (total): 1.715402e+02s	 events (step): 674214
Sim time: 1.800000e+02	CPU time (total): 1.833503e+02s	 events (step): 658781
Sim time: 1.920000e+02	CPU time (total): 1.948876e+02s	 events (step): 639260
Sim time: 2.040000e+02	CPU time (total): 2.066447e+02s	 events (step): 635468
Sim time: 2.160000e+02	CPU time (total): 2.180496e+02s	 events (step): 617525
Sim time: 2.280000e+02	CPU time (total): 2.291509e+02s	 events (step): 600141
Sim time: 2.400000e+02	CPU time (total): 2.404410e+02s	 events (step): 598090
Sim time: 2.520000e+02	CPU time (total): 2.516852e+02s	 events (step): 588304
Sim time: 2.640000e+02	CPU time (total): 2.626434e+02s	 events (step): 573655
Sim time: 2.760000e+02	CPU time (total): 2.737603e+02s	 events (step): 569681
Sim time: 2.880000e+02	CPU time (total): 2.849573e+02s	 events (step): 564065
Sim time: 3.000000e+02	CPU time (total): 2.959397e+02s	 events (step): 549811
Sim time: 3.120000e+02	CPU time (total): 3.070463e+02s	 events (step): 546295
Sim time: 3.240000e+02	CPU time (total): 3.178771e+02s	 events (step): 535446
Sim time: 3.360000e+02	CPU time (total): 3.286482e+02s	 events (step): 528248
Sim time: 3.480000e+02	CPU time (total): 3.391622e+02s	 events (step): 515471
Sim time: 3.600000e+02	CPU time (total): 3.497090e+02s	 events (step): 510692
Sim time: 3.720000e+02	CPU time (total): 3.599930e+02s	 events (step): 497275
Sim time: 3.840000e+02	CPU time (total): 3.698978e+02s	 events (step): 484391
Sim time: 3.960000e+02	CPU time (total): 3.798386e+02s	 events (step): 480851
Sim time: 4.080000e+02	CPU time (total): 3.898009e+02s	 events (step): 477058
Sim time: 4.200000e+02	CPU time (total): 3.995833e+02s	 events (step): 467107
Sim time: 4.320000e+02	CPU time (total): 4.092078e+02s	 events (step): 458805
Sim time: 4.440000e+02	CPU time (total): 4.187399e+02s	 events (step): 451354
Sim time: 4.560000e+02	CPU time (total): 4.279330e+02s	 events (step): 437302
Sim time: 4.680000e+02	CPU time (total): 4.371409e+02s	 events (step): 433540
Sim time: 4.800000e+02	CPU time (total): 4.464187e+02s	 events (step): 436442
Sim time: 4.920000e+02	CPU time (total): 4.554515e+02s	 events (step): 426370
Sim time: 5.040000e+02	CPU time (total): 4.642717e+02s	 events (step): 416465
Sim time: 5.160000e+02	CPU time (total): 4.728384e+02s	 events (step): 406744
Sim time: 5.280000e+02	CPU time (total): 4.814673e+02s	 events (step): 405676
Sim time: 5.400000e+02	CPU time (total): 4.899665e+02s	 events (step): 400781
Sim time: 5.520000e+02	CPU time (total): 4.983618e+02s	 events (step): 393103
Sim time: 5.640000e+02	CPU time (total): 5.066504e+02s	 events (step): 387672
Sim time: 5.760000e+02	CPU time (total): 5.147943e+02s	 events (step): 383571
Sim time: 5.880000e+02	CPU time (total): 5.229656e+02s	 events (step): 379109
Sim time: 6.000000e+02	CPU time (total): 5.310434e+02s	 events (step): 375098
Sim time: 6.120000e+02	CPU time (total): 5.388649e+02s	 events (step): 366901
Sim time: 6.240000e+02	CPU time (total): 5.465422e+02s	 events (step): 360144
Sim time: 6.360000e+02	CPU time (total): 5.542135e+02s	 events (step): 359587
Sim time: 6.480000e+02	CPU time (total): 5.618947e+02s	 events (step): 357720
Sim time: 6.600000e+02	CPU time (total): 5.695858e+02s	 events (step): 355873
Sim time: 6.720000e+02	CPU time (total): 5.771135e+02s	 events (step): 349928
Sim time: 6.840000e+02	CPU time (total): 5.844809e+02s	 events (step): 344493
Sim time: 6.960000e+02	CPU time (total): 5.918972e+02s	 events (step): 342649
Sim time: 7.080000e+02	CPU time (total): 5.991938e+02s	 events (step): 336363
Sim time: 7.200000e+02	CPU time (total): 6.062904e+02s	 events (step): 329696
Sim time: 7.320000e+02	CPU time (total): 6.134576e+02s	 events (step): 330306
Sim time: 7.440000e+02	CPU time (total): 6.202666e+02s	 events (step): 318659
Sim time: 7.560000e+02	CPU time (total): 6.270293e+02s	 events (step): 314793
Sim time: 7.680000e+02	CPU time (total): 6.338191e+02s	 events (step): 314476
Sim time: 7.800000e+02	CPU time (total): 6.405848e+02s	 events (step): 313167
Sim time: 7.920000e+02	CPU time (total): 6.469688e+02s	 events (step): 300283
Sim time: 8.040000e+02	CPU time (total): 6.533996e+02s	 events (step): 300412
Sim time: 8.160000e+02	CPU time (total): 6.596215e+02s	 events (step): 292641
Sim time: 8.280000e+02	CPU time (total): 6.658392e+02s	 events (step): 290663
Sim time: 8.400000e+02	CPU time (total): 6.720316e+02s	 events (step): 289177
Sim time: 8.520000e+02	CPU time (total): 6.780806e+02s	 events (step): 284092
Sim time: 8.640000e+02	CPU time (total): 6.840627e+02s	 events (step): 280461
Sim time: 8.760000e+02	CPU time (total): 6.900356e+02s	 events (step): 278783
Sim time: 8.880000e+02	CPU time (total): 6.958784e+02s	 events (step): 274640
Sim time: 9.000000e+02	CPU time (total): 7.017592e+02s	 events (step): 273756
Sim time: 9.120000e+02	CPU time (total): 7.074149e+02s	 events (step): 264998
Sim time: 9.240000e+02	CPU time (total): 7.130146e+02s	 events (step): 262024
Sim time: 9.360000e+02	CPU time (total): 7.186081e+02s	 events (step): 259772
Sim time: 9.480000e+02	CPU time (total): 7.239863e+02s	 events (step): 251345
Sim time: 9.600000e+02	CPU time (total): 7.290902e+02s	 events (step): 242202
Sim time: 9.720000e+02	CPU time (total): 7.341400e+02s	 events (step): 240018
Sim time: 9.840000e+02	CPU time (total): 7.391069e+02s	 events (step): 236460
Sim time: 9.960000e+02	CPU time (total): 7.440880e+02s	 events (step): 235333
Sim time: 1.008000e+03	CPU time (total): 7.489135e+02s	 events (step): 229024
Sim time: 1.020000e+03	CPU time (total): 7.537347e+02s	 events (step): 228170
Sim time: 1.032000e+03	CPU time (total): 7.584177e+02s	 events (step): 222407
Sim time: 1.044000e+03	CPU time (total): 7.630319e+02s	 events (step): 218951
Sim time: 1.056000e+03	CPU time (total): 7.674518e+02s	 events (step): 213640
Sim time: 1.068000e+03	CPU time (total): 7.719662e+02s	 events (step): 216134
Sim time: 1.080000e+03	CPU time (total): 7.764156e+02s	 events (step): 212496
Sim time: 1.092000e+03	CPU time (total): 7.807463e+02s	 events (step): 208915
Sim time: 1.104000e+03	CPU time (total): 7.849655e+02s	 events (step): 208063
Sim time: 1.116000e+03	CPU time (total): 7.889988e+02s	 events (step): 202034
Sim time: 1.128000e+03	CPU time (total): 7.929470e+02s	 events (step): 198188
Sim time: 1.140000e+03	CPU time (total): 7.967259e+02s	 events (step): 193198
Sim time: 1.152000e+03	CPU time (total): 8.005449e+02s	 events (step): 193235
Sim time: 1.164000e+03	CPU time (total): 8.043914e+02s	 events (step): 193116
Sim time: 1.176000e+03	CPU time (total): 8.082254e+02s	 events (step): 191624
Sim time: 1.188000e+03	CPU time (total): 8.118770e+02s	 events (step): 185205
Sim time: 1.200000e+03	CPU time (total): 8.154599e+02s	 events (step): 181643

   You just simulated 42287652 reactions in 8.154599e+02s
   ( 5.185743e+04 reactions/sec, 1.928364e-05 CPU seconds/event )
   Null events: 0   (1.928364e-05 CPU seconds/non-null event )


saving list of final molecular species...

done.  Total CPU time: 816.761s

SpeciesLabel max molecule threshold set to 20.
WARNING: Species with more than 20 molecules will be labeled with the Quasi method.
readNFspecies::Reading from file /home/alex/work/alex/data/10/gamma2both.species
Read 59 unique species of 78 total.
SpeciesLabel max molecule threshold set to 0.
  (all species will be labeled with the Auto method)
CPU TIME: simulate_nf 816.99 s.
Finished processing file gamma2both.bngl.
CPU TIME: total 817.45 s.
